<?xml version="1.0" encoding="UTF-8"?>
<coverage generated="1771869828549" clover="3.2.0">
  <project timestamp="1771869828549" name="All files">
    <metrics statements="853" coveredstatements="704" conditionals="327" coveredconditionals="224" methods="149" coveredmethods="118" elements="1329" coveredelements="1046" complexity="0" loc="853" ncloc="853" packages="1" files="10" classes="10"/>
    <file name="charts.ts" path="/Users/gia/Downloads/runner-lens/src/charts.ts">
      <metrics statements="7" coveredstatements="7" conditionals="4" coveredconditionals="4" methods="1" coveredmethods="1"/>
      <line num="6" count="4" type="stmt"/>
      <line num="7" count="83" type="cond" truecount="1" falsecount="0"/>
      <line num="8" count="31" type="stmt"/>
      <line num="9" count="31" type="stmt"/>
      <line num="10" count="31" type="cond" truecount="3" falsecount="0"/>
      <line num="11" count="1" type="stmt"/>
      <line num="12" count="1" type="stmt"/>
    </file>
    <file name="constants.ts" path="/Users/gia/Downloads/runner-lens/src/constants.ts">
      <metrics statements="9" coveredstatements="9" conditionals="0" coveredconditionals="0" methods="0" coveredmethods="0"/>
      <line num="1" count="2" type="stmt"/>
      <line num="2" count="2" type="stmt"/>
      <line num="5" count="2" type="stmt"/>
      <line num="7" count="2" type="stmt"/>
      <line num="8" count="2" type="stmt"/>
      <line num="9" count="2" type="stmt"/>
      <line num="10" count="2" type="stmt"/>
      <line num="13" count="2" type="stmt"/>
      <line num="19" count="2" type="stmt"/>
    </file>
    <file name="html-charts.ts" path="/Users/gia/Downloads/runner-lens/src/html-charts.ts">
      <metrics statements="137" coveredstatements="137" conditionals="38" coveredconditionals="36" methods="11" coveredmethods="11"/>
      <line num="12" count="2" type="stmt"/>
      <line num="14" count="2" type="stmt"/>
      <line num="18" count="2" type="stmt"/>
      <line num="37" count="132" type="stmt"/>
      <line num="45" count="12" type="cond" truecount="1" falsecount="0"/>
      <line num="46" count="1" type="stmt"/>
      <line num="47" count="1" type="stmt"/>
      <line num="48" count="1" type="stmt"/>
      <line num="49" count="20" type="stmt"/>
      <line num="50" count="20" type="stmt"/>
      <line num="51" count="20" type="stmt"/>
      <line num="52" count="20" type="stmt"/>
      <line num="53" count="20" type="stmt"/>
      <line num="55" count="1" type="stmt"/>
      <line num="61" count="2" type="cond" truecount="1" falsecount="0"/>
      <line num="62" count="4" type="cond" truecount="1" falsecount="0"/>
      <line num="63" count="3" type="stmt"/>
      <line num="64" count="3" type="stmt"/>
      <line num="65" count="3" type="stmt"/>
      <line num="66" count="3" type="cond" truecount="1" falsecount="1"/>
      <line num="67" count="3" type="stmt"/>
      <line num="68" count="25" type="stmt"/>
      <line num="82" count="2" type="stmt"/>
      <line num="91" count="2" type="stmt"/>
      <line num="92" count="16" type="cond" truecount="1" falsecount="0"/>
      <line num="94" count="15" type="stmt"/>
      <line num="95" count="15" type="stmt"/>
      <line num="96" count="29" type="stmt"/>
      <line num="97" count="29" type="cond" truecount="2" falsecount="0"/>
      <line num="98" count="29" type="cond" truecount="1" falsecount="0"/>
      <line num="102" count="29" type="stmt"/>
      <line num="121" count="15" type="stmt"/>
      <line num="137" count="2" type="stmt"/>
      <line num="141" count="6" type="cond" truecount="1" falsecount="0"/>
      <line num="142" count="6" type="stmt"/>
      <line num="143" count="5" type="cond" truecount="2" falsecount="0"/>
      <line num="145" count="5" type="stmt"/>
      <line num="146" count="5" type="stmt"/>
      <line num="148" count="5" type="stmt"/>
      <line num="149" count="6" type="stmt"/>
      <line num="150" count="6" type="cond" truecount="2" falsecount="0"/>
      <line num="152" count="6" type="stmt"/>
      <line num="153" count="6" type="stmt"/>
      <line num="154" count="6" type="stmt"/>
      <line num="155" count="6" type="stmt"/>
      <line num="156" count="6" type="stmt"/>
      <line num="157" count="6" type="stmt"/>
      <line num="158" count="6" type="stmt"/>
      <line num="159" count="6" type="stmt"/>
      <line num="160" count="6" type="stmt"/>
      <line num="161" count="6" type="stmt"/>
      <line num="164" count="5" type="stmt"/>
      <line num="165" count="5" type="stmt"/>
      <line num="176" count="2" type="stmt"/>
      <line num="177" count="2" type="stmt"/>
      <line num="178" count="2" type="stmt"/>
      <line num="187" count="2" type="cond" truecount="1" falsecount="0"/>
      <line num="188" count="8" type="cond" truecount="1" falsecount="0"/>
      <line num="190" count="7" type="stmt"/>
      <line num="192" count="7" type="stmt"/>
      <line num="193" count="9" type="stmt"/>
      <line num="194" count="9" type="cond" truecount="2" falsecount="0"/>
      <line num="195" count="9" type="cond" truecount="2" falsecount="0"/>
      <line num="196" count="9" type="stmt"/>
      <line num="197" count="9" type="stmt"/>
      <line num="200" count="9" type="stmt"/>
      <line num="201" count="9" type="stmt"/>
      <line num="204" count="9" type="stmt"/>
      <line num="205" count="9" type="stmt"/>
      <line num="206" count="9" type="stmt"/>
      <line num="207" count="9" type="stmt"/>
      <line num="208" count="9" type="stmt"/>
      <line num="209" count="9" type="stmt"/>
      <line num="210" count="9" type="stmt"/>
      <line num="213" count="9" type="stmt"/>
      <line num="214" count="9" type="stmt"/>
      <line num="215" count="9" type="stmt"/>
      <line num="216" count="9" type="stmt"/>
      <line num="218" count="9" type="stmt"/>
      <line num="219" count="16" type="stmt"/>
      <line num="220" count="16" type="stmt"/>
      <line num="221" count="16" type="stmt"/>
      <line num="223" count="16" type="stmt"/>
      <line num="224" count="16" type="stmt"/>
      <line num="225" count="16" type="cond" truecount="1" falsecount="0"/>
      <line num="226" count="7" type="stmt"/>
      <line num="228" count="16" type="stmt"/>
      <line num="229" count="16" type="cond" truecount="1" falsecount="0"/>
      <line num="230" count="15" type="stmt"/>
      <line num="232" count="16" type="stmt"/>
      <line num="233" count="16" type="stmt"/>
      <line num="236" count="9" type="stmt"/>
      <line num="237" count="9" type="stmt"/>
      <line num="238" count="9" type="stmt"/>
      <line num="239" count="9" type="stmt"/>
      <line num="240" count="9" type="stmt"/>
      <line num="241" count="9" type="stmt"/>
      <line num="242" count="9" type="stmt"/>
      <line num="245" count="7" type="stmt"/>
      <line num="264" count="2" type="stmt"/>
      <line num="268" count="9" type="cond" truecount="1" falsecount="0"/>
      <line num="269" count="13" type="stmt"/>
      <line num="272" count="8" type="stmt"/>
      <line num="273" count="8" type="stmt"/>
      <line num="274" count="8" type="stmt"/>
      <line num="275" count="13" type="cond" truecount="1" falsecount="0"/>
      <line num="276" count="12" type="stmt"/>
      <line num="277" count="12" type="stmt"/>
      <line num="281" count="8" type="stmt"/>
      <line num="282" count="8" type="stmt"/>
      <line num="284" count="8" type="stmt"/>
      <line num="285" count="8" type="stmt"/>
      <line num="286" count="13" type="cond" truecount="1" falsecount="1"/>
      <line num="287" count="13" type="cond" truecount="2" falsecount="0"/>
      <line num="288" count="13" type="stmt"/>
      <line num="289" count="13" type="stmt"/>
      <line num="291" count="13" type="stmt"/>
      <line num="293" count="13" type="cond" truecount="3" falsecount="0"/>
      <line num="294" count="4" type="stmt"/>
      <line num="296" count="13" type="stmt"/>
      <line num="298" count="13" type="cond" truecount="2" falsecount="0"/>
      <line num="300" count="13" type="stmt"/>
      <line num="301" count="13" type="stmt"/>
      <line num="302" count="13" type="stmt"/>
      <line num="303" count="13" type="stmt"/>
      <line num="304" count="13" type="stmt"/>
      <line num="305" count="13" type="stmt"/>
      <line num="306" count="13" type="cond" truecount="1" falsecount="0"/>
      <line num="307" count="5" type="stmt"/>
      <line num="309" count="13" type="stmt"/>
      <line num="310" count="13" type="stmt"/>
      <line num="311" count="13" type="stmt"/>
      <line num="312" count="13" type="stmt"/>
      <line num="313" count="13" type="stmt"/>
      <line num="314" count="13" type="stmt"/>
      <line num="317" count="8" type="stmt"/>
      <line num="318" count="8" type="stmt"/>
    </file>
    <file name="quickchart.ts" path="/Users/gia/Downloads/runner-lens/src/quickchart.ts">
      <metrics statements="60" coveredstatements="45" conditionals="20" coveredconditionals="8" methods="16" coveredmethods="11"/>
      <line num="10" count="1" type="stmt"/>
      <line num="12" count="1" type="stmt"/>
      <line num="16" count="1" type="stmt"/>
      <line num="32" count="260" type="stmt"/>
      <line num="36" count="6" type="cond" truecount="1" falsecount="0"/>
      <line num="37" count="2" type="stmt"/>
      <line num="38" count="2" type="stmt"/>
      <line num="39" count="2" type="stmt"/>
      <line num="40" count="100" type="stmt"/>
      <line num="41" count="100" type="stmt"/>
      <line num="42" count="100" type="stmt"/>
      <line num="43" count="100" type="stmt"/>
      <line num="44" count="100" type="stmt"/>
      <line num="46" count="2" type="stmt"/>
      <line num="54" count="10" type="cond" truecount="2" falsecount="0"/>
      <line num="55" count="10" type="cond" truecount="1" falsecount="1"/>
      <line num="58" count="10" type="stmt"/>
      <line num="63" count="1" type="stmt"/>
      <line num="75" count="3" type="cond" truecount="1" falsecount="1"/>
      <line num="76" count="3" type="stmt"/>
      <line num="78" count="3" type="stmt"/>
      <line num="100" count="3" type="stmt"/>
      <line num="105" count="1" type="stmt"/>
      <line num="110" count="0" type="stmt"/>
      <line num="111" count="0" type="stmt"/>
      <line num="113" count="0" type="cond" truecount="0" falsecount="2"/>
      <line num="114" count="0" type="cond" truecount="0" falsecount="2"/>
      <line num="116" count="0" type="stmt"/>
      <line num="119" count="0" type="stmt"/>
      <line num="152" count="0" type="stmt"/>
      <line num="157" count="1" type="stmt"/>
      <line num="160" count="0" type="stmt"/>
      <line num="161" count="0" type="stmt"/>
      <line num="162" count="0" type="cond" truecount="0" falsecount="2"/>
      <line num="163" count="0" type="stmt"/>
      <line num="165" count="0" type="stmt"/>
      <line num="167" count="0" type="stmt"/>
      <line num="182" count="0" type="stmt"/>
      <line num="183" count="0" type="stmt"/>
      <line num="188" count="1" type="stmt"/>
      <line num="192" count="1" type="stmt"/>
      <line num="193" count="1" type="stmt"/>
      <line num="194" count="1" type="stmt"/>
      <line num="195" count="2" type="cond" truecount="1" falsecount="0"/>
      <line num="196" count="1" type="stmt"/>
      <line num="197" count="1" type="stmt"/>
      <line num="201" count="1" type="stmt"/>
      <line num="202" count="2" type="cond" truecount="1" falsecount="1"/>
      <line num="203" count="2" type="cond" truecount="1" falsecount="1"/>
      <line num="204" count="2" type="stmt"/>
      <line num="207" count="2" type="stmt"/>
      <line num="208" count="2" type="stmt"/>
      <line num="210" count="1" type="stmt"/>
      <line num="225" count="1" type="stmt"/>
      <line num="226" count="1" type="stmt"/>
      <line num="231" count="1" type="stmt"/>
      <line num="240" count="6" type="stmt"/>
      <line num="242" count="6" type="stmt"/>
      <line num="245" count="260" type="stmt"/>
      <line num="266" count="6" type="stmt"/>
    </file>
    <file name="reporter.ts" path="/Users/gia/Downloads/runner-lens/src/reporter.ts">
      <metrics statements="91" coveredstatements="88" conditionals="38" coveredconditionals="31" methods="24" coveredmethods="24"/>
      <line num="5" count="1" type="stmt"/>
      <line num="6" count="1" type="stmt"/>
      <line num="7" count="1" type="stmt"/>
      <line num="8" count="1" type="stmt"/>
      <line num="11" count="1" type="stmt"/>
      <line num="13" count="1" type="stmt"/>
      <line num="16" count="28" type="cond" truecount="1" falsecount="0"/>
      <line num="17" count="2" type="stmt"/>
      <line num="18" count="2" type="stmt"/>
      <line num="19" count="2" type="stmt"/>
      <line num="20" count="160" type="stmt"/>
      <line num="21" count="160" type="stmt"/>
      <line num="22" count="160" type="stmt"/>
      <line num="23" count="160" type="stmt"/>
      <line num="24" count="160" type="stmt"/>
      <line num="26" count="2" type="stmt"/>
      <line num="35" count="156" type="stmt"/>
      <line num="36" count="156" type="stmt"/>
      <line num="37" count="20" type="cond" truecount="1" falsecount="1"/>
      <line num="38" count="156" type="stmt"/>
      <line num="40" count="156" type="cond" truecount="1" falsecount="1"/>
      <line num="41" count="20" type="cond" truecount="1" falsecount="1"/>
      <line num="42" count="156" type="stmt"/>
      <line num="45" count="20" type="stmt"/>
      <line num="46" count="20" type="stmt"/>
      <line num="47" count="156" type="cond" truecount="1" falsecount="1"/>
      <line num="48" count="308" type="stmt"/>
      <line num="49" count="308" type="cond" truecount="3" falsecount="0"/>
      <line num="52" count="20" type="stmt"/>
      <line num="54" count="20" type="stmt"/>
      <line num="57" count="156" type="stmt"/>
      <line num="59" count="20" type="cond" truecount="1" falsecount="0"/>
      <line num="60" count="154" type="stmt"/>
      <line num="61" count="154" type="stmt"/>
      <line num="62" count="18" type="stmt"/>
      <line num="63" count="154" type="stmt"/>
      <line num="64" count="154" type="stmt"/>
      <line num="69" count="20" type="cond" truecount="2" falsecount="0"/>
      <line num="70" count="150" type="stmt"/>
      <line num="71" count="150" type="stmt"/>
      <line num="74" count="20" type="stmt"/>
      <line num="93" count="20" type="stmt"/>
      <line num="105" count="18" type="stmt"/>
      <line num="106" count="18" type="stmt"/>
      <line num="107" count="18" type="stmt"/>
      <line num="109" count="18" type="stmt"/>
      <line num="110" count="18" type="stmt"/>
      <line num="111" count="18" type="stmt"/>
      <line num="112" count="18" type="stmt"/>
      <line num="115" count="18" type="stmt"/>
      <line num="123" count="18" type="cond" truecount="3" falsecount="0"/>
      <line num="124" count="2" type="stmt"/>
      <line num="125" count="4" type="stmt"/>
      <line num="128" count="2" type="cond" truecount="1" falsecount="0"/>
      <line num="132" count="18" type="cond" truecount="1" falsecount="0"/>
      <line num="133" count="142" type="stmt"/>
      <line num="134" count="142" type="stmt"/>
      <line num="135" count="17" type="cond" truecount="1" falsecount="0"/>
      <line num="136" count="3" type="stmt"/>
      <line num="140" count="3" type="cond" truecount="1" falsecount="0"/>
      <line num="144" count="18" type="stmt"/>
      <line num="156" count="4" type="stmt"/>
      <line num="157" count="4" type="stmt"/>
      <line num="159" count="4" type="stmt"/>
      <line num="160" count="4" type="stmt"/>
      <line num="161" count="4" type="stmt"/>
      <line num="162" count="4" type="stmt"/>
      <line num="164" count="4" type="stmt"/>
      <line num="167" count="4" type="stmt"/>
      <line num="170" count="4" type="stmt"/>
      <line num="178" count="4" type="cond" truecount="1" falsecount="0"/>
      <line num="179" count="8" type="stmt"/>
      <line num="180" count="8" type="stmt"/>
      <line num="181" count="4" type="cond" truecount="0" falsecount="1"/>
      <line num="182" count="0" type="stmt"/>
      <line num="183" count="0" type="stmt"/>
      <line num="187" count="0" type="stmt"/>
      <line num="192" count="4" type="stmt"/>
      <line num="193" count="4" type="cond" truecount="1" falsecount="1"/>
      <line num="196" count="4" type="cond" truecount="1" falsecount="1"/>
      <line num="199" count="4" type="stmt"/>
      <line num="204" count="4" type="stmt"/>
      <line num="211" count="1" type="stmt"/>
      <line num="221" count="20" type="stmt"/>
      <line num="222" count="20" type="cond" truecount="1" falsecount="0"/>
      <line num="223" count="2" type="stmt"/>
      <line num="225" count="18" type="stmt"/>
      <line num="226" count="18" type="stmt"/>
      <line num="234" count="1" type="stmt"/>
      <line num="239" count="5" type="cond" truecount="1" falsecount="0"/>
      <line num="240" count="4" type="stmt"/>
    </file>
    <file name="stats.ts" path="/Users/gia/Downloads/runner-lens/src/stats.ts">
      <metrics statements="17" coveredstatements="17" conditionals="7" coveredconditionals="6" methods="6" coveredmethods="6"/>
      <line num="4" count="126" type="cond" truecount="0" falsecount="1"/>
      <line num="5" count="126" type="stmt"/>
      <line num="6" count="126" type="stmt"/>
      <line num="9" count="2" type="stmt"/>
      <line num="10" count="43" type="cond" truecount="1" falsecount="0"/>
      <line num="11" count="1" type="stmt"/>
      <line num="13" count="281" type="stmt"/>
      <line num="14" count="323" type="stmt"/>
      <line num="15" count="42" type="stmt"/>
      <line num="30" count="2" type="cond" truecount="1" falsecount="0"/>
      <line num="31" count="68" type="cond" truecount="1" falsecount="0"/>
      <line num="32" count="66" type="stmt"/>
      <line num="33" count="66" type="stmt"/>
      <line num="34" count="1200413" type="cond" truecount="1" falsecount="0"/>
      <line num="36" count="66" type="stmt"/>
      <line num="40" count="2" type="stmt"/>
      <line num="41" count="81" type="cond" truecount="2" falsecount="0"/>
    </file>
    <file name="steps.ts" path="/Users/gia/Downloads/runner-lens/src/steps.ts">
      <metrics statements="50" coveredstatements="28" conditionals="26" coveredconditionals="11" methods="18" coveredmethods="9"/>
      <line num="1" count="1" type="stmt"/>
      <line num="2" count="1" type="stmt"/>
      <line num="4" count="1" type="stmt"/>
      <line num="32" count="0" type="stmt"/>
      <line num="33" count="0" type="stmt"/>
      <line num="34" count="0" type="stmt"/>
      <line num="44" count="0" type="stmt"/>
      <line num="45" count="0" type="stmt"/>
      <line num="46" count="0" type="cond" truecount="0" falsecount="2"/>
      <line num="49" count="0" type="stmt"/>
      <line num="50" count="0" type="stmt"/>
      <line num="51" count="0" type="stmt"/>
      <line num="55" count="1" type="stmt"/>
      <line num="56" count="1" type="stmt"/>
      <line num="57" count="1" type="stmt"/>
      <line num="58" count="1" type="stmt"/>
      <line num="59" count="1" type="cond" truecount="2" falsecount="0"/>
      <line num="61" count="1" type="cond" truecount="2" falsecount="2"/>
      <line num="62" count="1" type="stmt"/>
      <line num="63" count="1" type="stmt"/>
      <line num="66" count="0" type="stmt"/>
      <line num="67" count="0" type="stmt"/>
      <line num="73" count="0" type="cond" truecount="0" falsecount="1"/>
      <line num="74" count="0" type="stmt"/>
      <line num="75" count="0" type="stmt"/>
      <line num="78" count="0" type="stmt"/>
      <line num="79" count="0" type="cond" truecount="0" falsecount="2"/>
      <line num="84" count="0" type="cond" truecount="0" falsecount="2"/>
      <line num="85" count="0" type="stmt"/>
      <line num="86" count="0" type="cond" truecount="0" falsecount="1"/>
      <line num="87" count="0" type="stmt"/>
      <line num="88" count="0" type="stmt"/>
      <line num="91" count="0" type="cond" truecount="0" falsecount="2"/>
      <line num="98" count="1" type="stmt"/>
      <line num="102" count="4" type="cond" truecount="3" falsecount="0"/>
      <line num="104" count="2" type="stmt"/>
      <line num="106" count="2" type="stmt"/>
      <line num="107" count="3" type="stmt"/>
      <line num="109" count="3" type="stmt"/>
      <line num="110" count="3" type="cond" truecount="1" falsecount="1"/>
      <line num="114" count="3" type="stmt"/>
      <line num="115" count="11" type="cond" truecount="2" falsecount="0"/>
      <line num="118" count="3" type="stmt"/>
      <line num="120" count="3" type="cond" truecount="1" falsecount="0"/>
      <line num="121" count="1" type="stmt"/>
      <line num="133" count="5" type="stmt"/>
      <line num="134" count="5" type="stmt"/>
      <line num="136" count="2" type="stmt"/>
      <line num="140" count="5" type="stmt"/>
      <line num="142" count="5" type="stmt"/>
    </file>
    <file name="summary.ts" path="/Users/gia/Downloads/runner-lens/src/summary.ts">
      <metrics statements="134" coveredstatements="99" conditionals="32" coveredconditionals="22" methods="35" coveredmethods="27"/>
      <line num="5" count="1" type="stmt"/>
      <line num="6" count="1" type="stmt"/>
      <line num="7" count="1" type="stmt"/>
      <line num="8" count="1" type="stmt"/>
      <line num="10" count="1" type="stmt"/>
      <line num="11" count="1" type="stmt"/>
      <line num="12" count="1" type="stmt"/>
      <line num="16" count="1" type="stmt"/>
      <line num="17" count="1" type="stmt"/>
      <line num="18" count="1" type="stmt"/>
      <line num="24" count="1" type="stmt"/>
      <line num="26" count="1" type="stmt"/>
      <line num="27" count="0" type="stmt"/>
      <line num="29" count="0" type="stmt"/>
      <line num="30" count="0" type="stmt"/>
      <line num="32" count="0" type="cond" truecount="0" falsecount="1"/>
      <line num="34" count="0" type="stmt"/>
      <line num="35" count="0" type="stmt"/>
      <line num="36" count="0" type="stmt"/>
      <line num="37" count="0" type="stmt"/>
      <line num="38" count="0" type="cond" truecount="0" falsecount="1"/>
      <line num="40" count="0" type="stmt"/>
      <line num="41" count="0" type="cond" truecount="0" falsecount="1"/>
      <line num="43" count="0" type="stmt"/>
      <line num="46" count="0" type="stmt"/>
      <line num="47" count="0" type="stmt"/>
      <line num="49" count="0" type="stmt"/>
      <line num="53" count="0" type="stmt"/>
      <line num="54" count="0" type="stmt"/>
      <line num="62" count="25" type="stmt"/>
      <line num="63" count="25" type="stmt"/>
      <line num="64" count="17" type="stmt"/>
      <line num="66" count="17" type="cond" truecount="1" falsecount="1"/>
      <line num="67" count="25" type="stmt"/>
      <line num="69" count="17" type="cond" truecount="1" falsecount="1"/>
      <line num="70" count="25" type="stmt"/>
      <line num="72" count="25" type="stmt"/>
      <line num="73" count="25" type="stmt"/>
      <line num="74" count="17" type="stmt"/>
      <line num="75" count="17" type="stmt"/>
      <line num="76" count="17" type="stmt"/>
      <line num="77" count="17" type="cond" truecount="2" falsecount="0"/>
      <line num="79" count="17" type="stmt"/>
      <line num="92" count="17" type="stmt"/>
      <line num="93" count="8" type="stmt"/>
      <line num="98" count="24" type="cond" truecount="2" falsecount="0"/>
      <line num="99" count="17" type="cond" truecount="1" falsecount="0"/>
      <line num="100" count="5" type="stmt"/>
      <line num="101" count="4" type="stmt"/>
      <line num="102" count="4" type="stmt"/>
      <line num="103" count="5" type="cond" truecount="0" falsecount="1"/>
      <line num="104" count="5" type="stmt"/>
      <line num="105" count="5" type="stmt"/>
      <line num="106" count="5" type="stmt"/>
      <line num="107" count="8" type="stmt"/>
      <line num="108" count="8" type="stmt"/>
      <line num="111" count="4" type="stmt"/>
      <line num="115" count="1" type="stmt"/>
      <line num="116" count="14" type="stmt"/>
      <line num="117" count="14" type="stmt"/>
      <line num="118" count="14" type="stmt"/>
      <line num="121" count="14" type="stmt"/>
      <line num="129" count="14" type="stmt"/>
      <line num="130" count="21" type="stmt"/>
      <line num="131" count="20" type="stmt"/>
      <line num="133" count="14" type="cond" truecount="1" falsecount="0"/>
      <line num="134" count="13" type="stmt"/>
      <line num="136" count="78" type="stmt"/>
      <line num="138" count="13" type="cond" truecount="1" falsecount="0"/>
      <line num="142" count="14" type="stmt"/>
      <line num="143" count="21" type="stmt"/>
      <line num="144" count="20" type="stmt"/>
      <line num="146" count="14" type="cond" truecount="1" falsecount="0"/>
      <line num="147" count="13" type="stmt"/>
      <line num="149" count="78" type="stmt"/>
      <line num="151" count="13" type="cond" truecount="1" falsecount="0"/>
      <line num="155" count="14" type="stmt"/>
      <line num="156" count="14" type="cond" truecount="1" falsecount="0"/>
      <line num="157" count="6" type="stmt"/>
      <line num="160" count="3" type="cond" truecount="1" falsecount="0"/>
      <line num="163" count="14" type="stmt"/>
      <line num="167" count="1" type="stmt"/>
      <line num="168" count="3" type="stmt"/>
      <line num="169" count="3" type="stmt"/>
      <line num="170" count="3" type="stmt"/>
      <line num="173" count="3" type="stmt"/>
      <line num="186" count="4" type="stmt"/>
      <line num="187" count="3" type="cond" truecount="1" falsecount="0"/>
      <line num="188" count="3" type="stmt"/>
      <line num="195" count="4" type="stmt"/>
      <line num="196" count="3" type="cond" truecount="1" falsecount="0"/>
      <line num="197" count="3" type="stmt"/>
      <line num="204" count="3" type="stmt"/>
      <line num="205" count="3" type="cond" truecount="1" falsecount="0"/>
      <line num="206" count="1" type="stmt"/>
      <line num="209" count="3" type="stmt"/>
      <line num="217" count="8" type="stmt"/>
      <line num="219" count="8" type="stmt"/>
      <line num="221" count="8" type="cond" truecount="1" falsecount="0"/>
      <line num="222" count="8" type="stmt"/>
      <line num="225" count="8" type="cond" truecount="1" falsecount="0"/>
      <line num="226" count="7" type="stmt"/>
      <line num="227" count="7" type="stmt"/>
      <line num="230" count="8" type="cond" truecount="1" falsecount="0"/>
      <line num="231" count="7" type="stmt"/>
      <line num="232" count="7" type="stmt"/>
      <line num="235" count="8" type="cond" truecount="1" falsecount="0"/>
      <line num="236" count="1" type="stmt"/>
      <line num="237" count="1" type="stmt"/>
      <line num="240" count="8" type="stmt"/>
      <line num="241" count="8" type="stmt"/>
      <line num="246" count="8" type="stmt"/>
      <line num="258" count="1" type="stmt"/>
      <line num="263" count="8" type="cond" truecount="2" falsecount="0"/>
      <line num="264" count="8" type="stmt"/>
      <line num="271" count="1" type="stmt"/>
      <line num="272" count="0" type="stmt"/>
      <line num="274" count="0" type="stmt"/>
      <line num="276" count="0" type="cond" truecount="0" falsecount="1"/>
      <line num="277" count="0" type="stmt"/>
      <line num="281" count="0" type="stmt"/>
      <line num="284" count="0" type="stmt"/>
      <line num="287" count="0" type="stmt"/>
      <line num="288" count="0" type="cond" truecount="0" falsecount="3"/>
      <line num="289" count="0" type="stmt"/>
      <line num="291" count="0" type="stmt"/>
      <line num="292" count="0" type="stmt"/>
      <line num="293" count="0" type="stmt"/>
      <line num="296" count="0" type="stmt"/>
      <line num="297" count="0" type="stmt"/>
      <line num="298" count="0" type="stmt"/>
      <line num="300" count="0" type="stmt"/>
      <line num="301" count="0" type="stmt"/>
      <line num="302" count="0" type="stmt"/>
    </file>
    <file name="svg-charts.ts" path="/Users/gia/Downloads/runner-lens/src/svg-charts.ts">
      <metrics statements="271" coveredstatements="271" conditionals="120" coveredconditionals="106" methods="30" coveredmethods="29"/>
      <line num="5" count="3" type="stmt"/>
      <line num="14" count="3" type="stmt"/>
      <line num="36" count="70" type="stmt"/>
      <line num="37" count="1478" type="cond" truecount="1" falsecount="1"/>
      <line num="41" count="3" type="stmt"/>
      <line num="45" count="70" type="stmt"/>
      <line num="53" count="3" type="stmt"/>
      <line num="54" count="70" type="stmt"/>
      <line num="55" count="70" type="stmt"/>
      <line num="57" count="70" type="stmt"/>
      <line num="59" count="70" type="stmt"/>
      <line num="60" count="70" type="stmt"/>
      <line num="67" count="3" type="cond" truecount="1" falsecount="0"/>
      <line num="68" count="23" type="stmt"/>
      <line num="69" count="23" type="stmt"/>
      <line num="78" count="114" type="stmt"/>
      <line num="83" count="102" type="cond" truecount="1" falsecount="0"/>
      <line num="84" count="9" type="stmt"/>
      <line num="85" count="9" type="stmt"/>
      <line num="86" count="9" type="stmt"/>
      <line num="87" count="564" type="stmt"/>
      <line num="88" count="564" type="stmt"/>
      <line num="89" count="564" type="stmt"/>
      <line num="90" count="564" type="stmt"/>
      <line num="91" count="564" type="stmt"/>
      <line num="93" count="9" type="stmt"/>
      <line num="98" count="42" type="cond" truecount="0" falsecount="1"/>
      <line num="99" count="42" type="stmt"/>
      <line num="100" count="42" type="stmt"/>
      <line num="101" count="1060" type="stmt"/>
      <line num="103" count="42" type="stmt"/>
      <line num="108" count="41" type="cond" truecount="0" falsecount="1"/>
      <line num="109" count="41" type="cond" truecount="0" falsecount="1"/>
      <line num="110" count="41" type="stmt"/>
      <line num="111" count="41" type="stmt"/>
      <line num="112" count="1620" type="stmt"/>
      <line num="113" count="1620" type="stmt"/>
      <line num="114" count="1620" type="stmt"/>
      <line num="115" count="1620" type="stmt"/>
      <line num="117" count="41" type="stmt"/>
      <line num="122" count="937" type="stmt"/>
      <line num="132" count="66" type="stmt"/>
      <line num="133" count="66" type="stmt"/>
      <line num="134" count="66" type="stmt"/>
      <line num="135" count="66" type="stmt"/>
      <line num="152" count="3" type="stmt"/>
      <line num="157" count="13" type="cond" truecount="3" falsecount="0"/>
      <line num="159" count="11" type="cond" truecount="2" falsecount="0"/>
      <line num="160" count="11" type="cond" truecount="2" falsecount="0"/>
      <line num="161" count="11" type="stmt"/>
      <line num="162" count="11" type="stmt"/>
      <line num="163" count="11" type="stmt"/>
      <line num="164" count="11" type="stmt"/>
      <line num="165" count="11" type="stmt"/>
      <line num="166" count="11" type="stmt"/>
      <line num="167" count="11" type="cond" truecount="2" falsecount="0"/>
      <line num="170" count="21" type="stmt"/>
      <line num="171" count="551" type="stmt"/>
      <line num="178" count="21" type="cond" truecount="0" falsecount="1"/>
      <line num="179" count="21" type="stmt"/>
      <line num="180" count="21" type="stmt"/>
      <line num="185" count="11" type="cond" truecount="1" falsecount="1"/>
      <line num="186" count="11" type="cond" truecount="2" falsecount="0"/>
      <line num="189" count="11" type="stmt"/>
      <line num="190" count="11" type="stmt"/>
      <line num="191" count="55" type="stmt"/>
      <line num="192" count="55" type="stmt"/>
      <line num="195" count="55" type="stmt"/>
      <line num="201" count="11" type="stmt"/>
      <line num="202" count="11" type="stmt"/>
      <line num="209" count="11" type="cond" truecount="2" falsecount="0"/>
      <line num="210" count="11" type="cond" truecount="2" falsecount="0"/>
      <line num="211" count="11" type="stmt"/>
      <line num="219" count="11" type="cond" truecount="2" falsecount="0"/>
      <line num="222" count="11" type="cond" truecount="1" falsecount="1"/>
      <line num="226" count="11" type="stmt"/>
      <line num="255" count="3" type="cond" truecount="1" falsecount="0"/>
      <line num="256" count="10" type="cond" truecount="1" falsecount="0"/>
      <line num="258" count="9" type="cond" truecount="2" falsecount="0"/>
      <line num="259" count="9" type="cond" truecount="2" falsecount="0"/>
      <line num="260" count="9" type="stmt"/>
      <line num="261" count="9" type="stmt"/>
      <line num="262" count="9" type="stmt"/>
      <line num="263" count="9" type="stmt"/>
      <line num="264" count="9" type="stmt"/>
      <line num="265" count="9" type="stmt"/>
      <line num="266" count="9" type="stmt"/>
      <line num="268" count="14" type="stmt"/>
      <line num="269" count="9" type="cond" truecount="2" falsecount="0"/>
      <line num="271" count="9" type="stmt"/>
      <line num="272" count="9" type="stmt"/>
      <line num="273" count="14" type="stmt"/>
      <line num="274" count="14" type="stmt"/>
      <line num="275" count="14" type="stmt"/>
      <line num="276" count="14" type="cond" truecount="2" falsecount="0"/>
      <line num="279" count="14" type="stmt"/>
      <line num="283" count="14" type="stmt"/>
      <line num="287" count="14" type="stmt"/>
      <line num="291" count="14" type="stmt"/>
      <line num="296" count="9" type="stmt"/>
      <line num="321" count="3" type="cond" truecount="1" falsecount="0"/>
      <line num="322" count="39" type="cond" truecount="1" falsecount="0"/>
      <line num="324" count="38" type="cond" truecount="2" falsecount="0"/>
      <line num="325" count="38" type="stmt"/>
      <line num="326" count="38" type="stmt"/>
      <line num="327" count="38" type="stmt"/>
      <line num="328" count="38" type="stmt"/>
      <line num="329" count="38" type="stmt"/>
      <line num="330" count="38" type="stmt"/>
      <line num="332" count="38" type="stmt"/>
      <line num="333" count="38" type="stmt"/>
      <line num="334" count="139" type="stmt"/>
      <line num="335" count="139" type="stmt"/>
      <line num="336" count="139" type="cond" truecount="2" falsecount="0"/>
      <line num="339" count="139" type="stmt"/>
      <line num="341" count="139" type="stmt"/>
      <line num="343" count="139" type="cond" truecount="3" falsecount="1"/>
      <line num="344" count="139" type="stmt"/>
      <line num="346" count="139" type="stmt"/>
      <line num="348" count="139" type="cond" truecount="1" falsecount="0"/>
      <line num="349" count="129" type="stmt"/>
      <line num="353" count="38" type="stmt"/>
      <line num="384" count="3" type="cond" truecount="1" falsecount="0"/>
      <line num="385" count="16" type="cond" truecount="1" falsecount="0"/>
      <line num="387" count="15" type="cond" truecount="2" falsecount="0"/>
      <line num="388" count="15" type="cond" truecount="2" falsecount="0"/>
      <line num="389" count="15" type="stmt"/>
      <line num="390" count="15" type="stmt"/>
      <line num="391" count="15" type="cond" truecount="2" falsecount="0"/>
      <line num="392" count="15" type="stmt"/>
      <line num="393" count="15" type="stmt"/>
      <line num="394" count="15" type="stmt"/>
      <line num="395" count="15" type="stmt"/>
      <line num="396" count="15" type="stmt"/>
      <line num="397" count="15" type="stmt"/>
      <line num="398" count="15" type="cond" truecount="2" falsecount="0"/>
      <line num="400" count="24" type="stmt"/>
      <line num="403" count="15" type="stmt"/>
      <line num="404" count="15" type="stmt"/>
      <line num="405" count="15" type="stmt"/>
      <line num="406" count="15" type="stmt"/>
      <line num="407" count="24" type="cond" truecount="2" falsecount="0"/>
      <line num="408" count="24" type="cond" truecount="3" falsecount="0"/>
      <line num="409" count="15" type="stmt"/>
      <line num="410" count="15" type="stmt"/>
      <line num="415" count="15" type="stmt"/>
      <line num="416" count="15" type="stmt"/>
      <line num="417" count="15" type="stmt"/>
      <line num="418" count="24" type="cond" truecount="2" falsecount="0"/>
      <line num="419" count="24" type="cond" truecount="2" falsecount="0"/>
      <line num="420" count="20" type="cond" truecount="2" falsecount="0"/>
      <line num="421" count="20" type="stmt"/>
      <line num="423" count="4" type="stmt"/>
      <line num="428" count="15" type="stmt"/>
      <line num="431" count="79" type="stmt"/>
      <line num="432" count="79" type="stmt"/>
      <line num="433" count="79" type="stmt"/>
      <line num="434" count="115" type="cond" truecount="1" falsecount="0"/>
      <line num="435" count="99" type="cond" truecount="3" falsecount="0"/>
      <line num="438" count="79" type="stmt"/>
      <line num="439" count="79" type="stmt"/>
      <line num="440" count="79" type="stmt"/>
      <line num="443" count="15" type="stmt"/>
      <line num="444" count="15" type="stmt"/>
      <line num="446" count="15" type="stmt"/>
      <line num="449" count="15" type="cond" truecount="1" falsecount="0"/>
      <line num="450" count="1" type="stmt"/>
      <line num="454" count="15" type="stmt"/>
      <line num="455" count="20" type="stmt"/>
      <line num="456" count="20" type="stmt"/>
      <line num="457" count="20" type="stmt"/>
      <line num="458" count="20" type="stmt"/>
      <line num="461" count="20" type="cond" truecount="1" falsecount="0"/>
      <line num="462" count="5" type="stmt"/>
      <line num="468" count="20" type="stmt"/>
      <line num="473" count="20" type="stmt"/>
      <line num="474" count="20" type="cond" truecount="1" falsecount="1"/>
      <line num="475" count="20" type="stmt"/>
      <line num="480" count="20" type="cond" truecount="1" falsecount="0"/>
      <line num="481" count="5" type="stmt"/>
      <line num="482" count="5" type="stmt"/>
      <line num="489" count="15" type="stmt"/>
      <line num="490" count="24" type="stmt"/>
      <line num="491" count="24" type="stmt"/>
      <line num="492" count="24" type="stmt"/>
      <line num="493" count="24" type="stmt"/>
      <line num="494" count="24" type="cond" truecount="3" falsecount="1"/>
      <line num="497" count="24" type="stmt"/>
      <line num="498" count="24" type="cond" truecount="3" falsecount="0"/>
      <line num="499" count="5" type="stmt"/>
      <line num="501" count="24" type="cond" truecount="2" falsecount="0"/>
      <line num="504" count="24" type="stmt"/>
      <line num="508" count="24" type="stmt"/>
      <line num="512" count="24" type="stmt"/>
      <line num="516" count="24" type="stmt"/>
      <line num="521" count="15" type="stmt"/>
      <line num="554" count="3" type="stmt"/>
      <line num="558" count="59" type="stmt"/>
      <line num="559" count="43" type="cond" truecount="1" falsecount="0"/>
      <line num="561" count="55" type="cond" truecount="2" falsecount="0"/>
      <line num="562" count="41" type="cond" truecount="2" falsecount="0"/>
      <line num="563" count="41" type="stmt"/>
      <line num="564" count="41" type="stmt"/>
      <line num="565" count="41" type="cond" truecount="2" falsecount="0"/>
      <line num="566" count="41" type="stmt"/>
      <line num="567" count="41" type="cond" truecount="4" falsecount="0"/>
      <line num="568" count="41" type="stmt"/>
      <line num="569" count="41" type="stmt"/>
      <line num="570" count="41" type="cond" truecount="2" falsecount="0"/>
      <line num="571" count="41" type="cond" truecount="1" falsecount="1"/>
      <line num="572" count="41" type="cond" truecount="1" falsecount="1"/>
      <line num="573" count="41" type="stmt"/>
      <line num="579" count="41" type="cond" truecount="2" falsecount="0"/>
      <line num="580" count="26" type="stmt"/>
      <line num="581" count="40" type="stmt"/>
      <line num="582" count="40" type="stmt"/>
      <line num="583" count="40" type="stmt"/>
      <line num="585" count="40" type="stmt"/>
      <line num="586" count="26" type="stmt"/>
      <line num="587" count="26" type="stmt"/>
      <line num="588" count="26" type="stmt"/>
      <line num="589" count="40" type="stmt"/>
      <line num="590" count="40" type="stmt"/>
      <line num="591" count="40" type="stmt"/>
      <line num="592" count="40" type="stmt"/>
      <line num="595" count="15" type="stmt"/>
      <line num="596" count="15" type="stmt"/>
      <line num="597" count="15" type="stmt"/>
      <line num="598" count="18" type="stmt"/>
      <line num="602" count="41" type="stmt"/>
      <line num="605" count="41" type="stmt"/>
      <line num="606" count="41" type="stmt"/>
      <line num="607" count="99" type="stmt"/>
      <line num="611" count="1661" type="stmt"/>
      <line num="617" count="41" type="stmt"/>
      <line num="620" count="41" type="stmt"/>
      <line num="621" count="41" type="stmt"/>
      <line num="627" count="41" type="stmt"/>
      <line num="633" count="41" type="stmt"/>
      <line num="634" count="41" type="stmt"/>
      <line num="635" count="41" type="stmt"/>
      <line num="636" count="205" type="stmt"/>
      <line num="637" count="205" type="stmt"/>
      <line num="638" count="205" type="stmt"/>
      <line num="639" count="205" type="stmt"/>
      <line num="642" count="205" type="stmt"/>
      <line num="648" count="41" type="stmt"/>
      <line num="649" count="41" type="stmt"/>
      <line num="650" count="41" type="stmt"/>
      <line num="651" count="58" type="stmt"/>
      <line num="652" count="58" type="stmt"/>
      <line num="655" count="58" type="cond" truecount="1" falsecount="0"/>
      <line num="656" count="17" type="stmt"/>
      <line num="657" count="17" type="stmt"/>
      <line num="663" count="58" type="stmt"/>
      <line num="664" count="58" type="stmt"/>
      <line num="665" count="58" type="cond" truecount="2" falsecount="0"/>
      <line num="666" count="58" type="stmt"/>
      <line num="672" count="41" type="cond" truecount="1" falsecount="0"/>
      <line num="674" count="26" type="stmt"/>
      <line num="678" count="26" type="stmt"/>
      <line num="682" count="26" type="stmt"/>
      <line num="683" count="14" type="cond" truecount="1" falsecount="0"/>
      <line num="684" count="14" type="stmt"/>
      <line num="685" count="14" type="stmt"/>
      <line num="693" count="41" type="stmt"/>
      <line num="694" count="41" type="stmt"/>
      <line num="700" count="41" type="stmt"/>
      <line num="701" count="41" type="cond" truecount="1" falsecount="1"/>
      <line num="704" count="41" type="cond" truecount="1" falsecount="1"/>
      <line num="708" count="41" type="stmt"/>
    </file>
    <file name="svg-upload.ts" path="/Users/gia/Downloads/runner-lens/src/svg-upload.ts">
      <metrics statements="77" coveredstatements="3" conditionals="42" coveredconditionals="0" methods="8" coveredmethods="0"/>
      <line num="10" count="1" type="stmt"/>
      <line num="12" count="1" type="stmt"/>
      <line num="22" count="0" type="cond" truecount="0" falsecount="2"/>
      <line num="23" count="0" type="stmt"/>
      <line num="24" count="0" type="cond" truecount="0" falsecount="1"/>
      <line num="26" count="0" type="stmt"/>
      <line num="27" count="0" type="stmt"/>
      <line num="38" count="0" type="stmt"/>
      <line num="40" count="0" type="stmt"/>
      <line num="41" count="0" type="stmt"/>
      <line num="42" count="0" type="cond" truecount="0" falsecount="1"/>
      <line num="43" count="0" type="cond" truecount="0" falsecount="2"/>
      <line num="46" count="0" type="cond" truecount="0" falsecount="1"/>
      <line num="48" count="0" type="stmt"/>
      <line num="57" count="0" type="stmt"/>
      <line num="58" count="0" type="cond" truecount="0" falsecount="1"/>
      <line num="59" count="0" type="stmt"/>
      <line num="67" count="0" type="stmt"/>
      <line num="72" count="0" type="cond" truecount="0" falsecount="2"/>
      <line num="92" count="0" type="cond" truecount="0" falsecount="2"/>
      <line num="96" count="0" type="stmt"/>
      <line num="97" count="0" type="stmt"/>
      <line num="98" count="0" type="stmt"/>
      <line num="100" count="0" type="stmt"/>
      <line num="107" count="1" type="stmt"/>
      <line num="111" count="0" type="stmt"/>
      <line num="112" count="0" type="cond" truecount="0" falsecount="3"/>
      <line num="114" count="0" type="stmt"/>
      <line num="115" count="0" type="stmt"/>
      <line num="116" count="0" type="cond" truecount="0" falsecount="2"/>
      <line num="117" count="0" type="cond" truecount="0" falsecount="3"/>
      <line num="119" count="0" type="stmt"/>
      <line num="120" count="0" type="cond" truecount="0" falsecount="2"/>
      <line num="122" count="0" type="stmt"/>
      <line num="124" count="0" type="stmt"/>
      <line num="126" count="0" type="stmt"/>
      <line num="132" count="0" type="stmt"/>
      <line num="133" count="0" type="cond" truecount="0" falsecount="1"/>
      <line num="136" count="0" type="stmt"/>
      <line num="144" count="0" type="stmt"/>
      <line num="145" count="0" type="stmt"/>
      <line num="148" count="0" type="cond" truecount="0" falsecount="2"/>
      <line num="150" count="0" type="stmt"/>
      <line num="151" count="0" type="cond" truecount="0" falsecount="1"/>
      <line num="153" count="0" type="stmt"/>
      <line num="157" count="0" type="cond" truecount="0" falsecount="1"/>
      <line num="158" count="0" type="stmt"/>
      <line num="161" count="0" type="stmt"/>
      <line num="162" count="0" type="cond" truecount="0" falsecount="1"/>
      <line num="163" count="0" type="stmt"/>
      <line num="166" count="0" type="stmt"/>
      <line num="171" count="0" type="cond" truecount="0" falsecount="1"/>
      <line num="173" count="0" type="stmt"/>
      <line num="174" count="0" type="cond" truecount="0" falsecount="2"/>
      <line num="176" count="0" type="stmt"/>
      <line num="179" count="0" type="stmt"/>
      <line num="182" count="0" type="stmt"/>
      <line num="185" count="0" type="cond" truecount="0" falsecount="1"/>
      <line num="187" count="0" type="stmt"/>
      <line num="190" count="0" type="stmt"/>
      <line num="191" count="0" type="stmt"/>
      <line num="192" count="0" type="cond" truecount="0" falsecount="1"/>
      <line num="193" count="0" type="stmt"/>
      <line num="194" count="0" type="stmt"/>
      <line num="195" count="0" type="stmt"/>
      <line num="199" count="0" type="stmt"/>
      <line num="200" count="0" type="cond" truecount="0" falsecount="2"/>
      <line num="203" count="0" type="stmt"/>
      <line num="204" count="0" type="stmt"/>
      <line num="205" count="0" type="stmt"/>
      <line num="207" count="0" type="stmt"/>
      <line num="208" count="0" type="stmt"/>
      <line num="212" count="0" type="cond" truecount="0" falsecount="1"/>
      <line num="213" count="0" type="stmt"/>
      <line num="217" count="0" type="stmt"/>
      <line num="219" count="0" type="stmt"/>
      <line num="222" count="0" type="stmt"/>
    </file>
  </project>
</coverage>
