{"/Users/gia/Downloads/runner-lens/src/charts.ts": {"path":"/Users/gia/Downloads/runner-lens/src/charts.ts","statementMap":{"0":{"start":{"line":6,"column":0},"end":{"line":6,"column":16}},"1":{"start":{"line":7,"column":2},"end":{"line":7,"column":33}},"2":{"start":{"line":7,"column":16},"end":{"line":7,"column":33}},"3":{"start":{"line":8,"column":12},"end":{"line":8,"column":32}},"4":{"start":{"line":9,"column":12},"end":{"line":9,"column":20}},"5":{"start":{"line":10,"column":2},"end":{"line":10,"column":49}},"6":{"start":{"line":10,"column":14},"end":{"line":10,"column":49}},"7":{"start":{"line":11,"column":12},"end":{"line":11,"column":30}},"8":{"start":{"line":12,"column":2},"end":{"line":12,"column":28}}},"fnMap":{"0":{"name":"fmtDuration","decl":{"start":{"line":6,"column":16},"end":{"line":6,"column":27}},"loc":{"start":{"line":6,"column":39},"end":{"line":13,"column":1}}}},"branchMap":{"0":{"loc":{"start":{"line":7,"column":2},"end":{"line":7,"column":33}},"type":"if","locations":[{"start":{"line":7,"column":2},"end":{"line":7,"column":33}}]},"1":{"loc":{"start":{"line":10,"column":2},"end":{"line":10,"column":49}},"type":"if","locations":[{"start":{"line":10,"column":2},"end":{"line":10,"column":49}}]},"2":{"loc":{"start":{"line":10,"column":21},"end":{"line":10,"column":48}},"type":"cond-expr","locations":[{"start":{"line":10,"column":25},"end":{"line":10,"column":38}},{"start":{"line":10,"column":41},"end":{"line":10,"column":48}}]}},"s":{"0":4,"1":83,"2":52,"3":31,"4":31,"5":31,"6":30,"7":1,"8":1},"f":{"0":83},"b":{"0":[52],"1":[30],"2":[7,23]}}
,"/Users/gia/Downloads/runner-lens/src/constants.ts": {"path":"/Users/gia/Downloads/runner-lens/src/constants.ts","statementMap":{"0":{"start":{"line":1,"column":0},"end":{"line":1,"column":29}},"1":{"start":{"line":2,"column":0},"end":{"line":2,"column":25}},"2":{"start":{"line":5,"column":13},"end":{"line":5,"column":61}},"3":{"start":{"line":7,"column":13},"end":{"line":7,"column":65}},"4":{"start":{"line":8,"column":13},"end":{"line":8,"column":61}},"5":{"start":{"line":9,"column":13},"end":{"line":9,"column":64}},"6":{"start":{"line":10,"column":13},"end":{"line":10,"column":61}},"7":{"start":{"line":13,"column":13},"end":{"line":17,"column":11}},"8":{"start":{"line":19,"column":13},"end":{"line":19,"column":38}}},"fnMap":{},"branchMap":{},"s":{"0":2,"1":2,"2":2,"3":2,"4":2,"5":2,"6":2,"7":2,"8":2},"f":{},"b":{}}
,"/Users/gia/Downloads/runner-lens/src/html-charts.ts": {"path":"/Users/gia/Downloads/runner-lens/src/html-charts.ts","statementMap":{"0":{"start":{"line":61,"column":0},"end":{"line":61,"column":16}},"1":{"start":{"line":91,"column":0},"end":{"line":91,"column":16}},"2":{"start":{"line":137,"column":0},"end":{"line":137,"column":16}},"3":{"start":{"line":187,"column":0},"end":{"line":187,"column":16}},"4":{"start":{"line":264,"column":0},"end":{"line":264,"column":16}},"5":{"start":{"line":12,"column":0},"end":{"line":12,"column":39}},"6":{"start":{"line":14,"column":25},"end":{"line":14,"column":35}},"7":{"start":{"line":18,"column":10},"end":{"line":32,"column":2}},"8":{"start":{"line":37,"column":2},"end":{"line":41,"column":29}},"9":{"start":{"line":45,"column":2},"end":{"line":45,"column":40}},"10":{"start":{"line":45,"column":26},"end":{"line":45,"column":40}},"11":{"start":{"line":46,"column":24},"end":{"line":46,"column":26}},"12":{"start":{"line":47,"column":15},"end":{"line":47,"column":44}},"13":{"start":{"line":48,"column":2},"end":{"line":54,"column":3}},"14":{"start":{"line":48,"column":15},"end":{"line":48,"column":16}},"15":{"start":{"line":49,"column":16},"end":{"line":49,"column":24}},"16":{"start":{"line":50,"column":15},"end":{"line":50,"column":30}},"17":{"start":{"line":51,"column":15},"end":{"line":51,"column":50}},"18":{"start":{"line":52,"column":17},"end":{"line":52,"column":25}},"19":{"start":{"line":53,"column":4},"end":{"line":53,"column":58}},"20":{"start":{"line":55,"column":2},"end":{"line":55,"column":13}},"21":{"start":{"line":62,"column":2},"end":{"line":62,"column":37}},"22":{"start":{"line":62,"column":27},"end":{"line":62,"column":37}},"23":{"start":{"line":63,"column":13},"end":{"line":63,"column":38}},"24":{"start":{"line":64,"column":13},"end":{"line":64,"column":28}},"25":{"start":{"line":65,"column":13},"end":{"line":65,"column":28}},"26":{"start":{"line":66,"column":16},"end":{"line":66,"column":28}},"27":{"start":{"line":67,"column":2},"end":{"line":69,"column":14}},"28":{"start":{"line":68,"column":14},"end":{"line":68,"column":79}},"29":{"start":{"line":82,"column":15},"end":{"line":82,"column":18}},"30":{"start":{"line":92,"column":2},"end":{"line":92,"column":36}},"31":{"start":{"line":92,"column":26},"end":{"line":92,"column":36}},"32":{"start":{"line":94,"column":26},"end":{"line":94,"column":28}},"33":{"start":{"line":95,"column":2},"end":{"line":119,"column":3}},"34":{"start":{"line":95,"column":15},"end":{"line":95,"column":16}},"35":{"start":{"line":96,"column":14},"end":{"line":96,"column":22}},"36":{"start":{"line":97,"column":18},"end":{"line":97,"column":36}},"37":{"start":{"line":98,"column":4},"end":{"line":98,"column":49}},"38":{"start":{"line":98,"column":15},"end":{"line":98,"column":49}},"39":{"start":{"line":102,"column":4},"end":{"line":118,"column":16}},"40":{"start":{"line":121,"column":2},"end":{"line":121,"column":95}},"41":{"start":{"line":141,"column":2},"end":{"line":141,"column":36}},"42":{"start":{"line":141,"column":26},"end":{"line":141,"column":36}},"43":{"start":{"line":142,"column":17},"end":{"line":142,"column":56}},"44":{"start":{"line":142,"column":44},"end":{"line":142,"column":51}},"45":{"start":{"line":143,"column":14},"end":{"line":143,"column":60}},"46":{"start":{"line":143,"column":50},"end":{"line":143,"column":59}},"47":{"start":{"line":145,"column":25},"end":{"line":145,"column":27}},"48":{"start":{"line":146,"column":2},"end":{"line":146,"column":68}},"49":{"start":{"line":148,"column":2},"end":{"line":162,"column":3}},"50":{"start":{"line":149,"column":16},"end":{"line":149,"column":68}},"51":{"start":{"line":150,"column":17},"end":{"line":150,"column":89}},"52":{"start":{"line":152,"column":4},"end":{"line":152,"column":22}},"53":{"start":{"line":153,"column":4},"end":{"line":153,"column":76}},"54":{"start":{"line":154,"column":4},"end":{"line":154,"column":22}},"55":{"start":{"line":155,"column":4},"end":{"line":155,"column":74}},"56":{"start":{"line":156,"column":4},"end":{"line":156,"column":80}},"57":{"start":{"line":157,"column":4},"end":{"line":157,"column":66}},"58":{"start":{"line":158,"column":4},"end":{"line":158,"column":31}},"59":{"start":{"line":159,"column":4},"end":{"line":159,"column":23}},"60":{"start":{"line":160,"column":4},"end":{"line":160,"column":86}},"61":{"start":{"line":161,"column":4},"end":{"line":161,"column":23}},"62":{"start":{"line":164,"column":2},"end":{"line":164,"column":24}},"63":{"start":{"line":165,"column":2},"end":{"line":165,"column":25}},"64":{"start":{"line":176,"column":16},"end":{"line":176,"column":19}},"65":{"start":{"line":177,"column":15},"end":{"line":177,"column":16}},"66":{"start":{"line":178,"column":17},"end":{"line":178,"column":19}},"67":{"start":{"line":188,"column":2},"end":{"line":188,"column":35}},"68":{"start":{"line":188,"column":25},"end":{"line":188,"column":35}},"69":{"start":{"line":190,"column":26},"end":{"line":190,"column":28}},"70":{"start":{"line":192,"column":2},"end":{"line":243,"column":3}},"71":{"start":{"line":193,"column":18},"end":{"line":193,"column":55}},"72":{"start":{"line":194,"column":18},"end":{"line":194,"column":43}},"73":{"start":{"line":195,"column":17},"end":{"line":195,"column":50}},"74":{"start":{"line":196,"column":15},"end":{"line":196,"column":42}},"75":{"start":{"line":197,"column":17},"end":{"line":197,"column":35}},"76":{"start":{"line":200,"column":4},"end":{"line":200,"column":91}},"77":{"start":{"line":201,"column":4},"end":{"line":201,"column":61}},"78":{"start":{"line":204,"column":4},"end":{"line":204,"column":23}},"79":{"start":{"line":205,"column":4},"end":{"line":205,"column":39}},"80":{"start":{"line":206,"column":4},"end":{"line":206,"column":77}},"81":{"start":{"line":207,"column":4},"end":{"line":207,"column":66}},"82":{"start":{"line":208,"column":4},"end":{"line":208,"column":39}},"83":{"start":{"line":209,"column":4},"end":{"line":209,"column":24}},"84":{"start":{"line":210,"column":4},"end":{"line":210,"column":61}},"85":{"start":{"line":213,"column":4},"end":{"line":213,"column":23}},"86":{"start":{"line":214,"column":4},"end":{"line":214,"column":39}},"87":{"start":{"line":215,"column":4},"end":{"line":215,"column":35}},"88":{"start":{"line":216,"column":4},"end":{"line":216,"column":91}},"89":{"start":{"line":218,"column":4},"end":{"line":234,"column":5}},"90":{"start":{"line":219,"column":18},"end":{"line":219,"column":26}},"91":{"start":{"line":220,"column":20},"end":{"line":220,"column":62}},"92":{"start":{"line":221,"column":20},"end":{"line":221,"column":46}},"93":{"start":{"line":223,"column":6},"end":{"line":223,"column":25}},"94":{"start":{"line":224,"column":6},"end":{"line":224,"column":73}},"95":{"start":{"line":225,"column":6},"end":{"line":227,"column":7}},"96":{"start":{"line":226,"column":8},"end":{"line":226,"column":59}},"97":{"start":{"line":228,"column":6},"end":{"line":228,"column":77}},"98":{"start":{"line":229,"column":6},"end":{"line":231,"column":7}},"99":{"start":{"line":230,"column":8},"end":{"line":230,"column":77}},"100":{"start":{"line":232,"column":6},"end":{"line":232,"column":29}},"101":{"start":{"line":233,"column":6},"end":{"line":233,"column":26}},"102":{"start":{"line":236,"column":4},"end":{"line":236,"column":32}},"103":{"start":{"line":237,"column":4},"end":{"line":237,"column":24}},"104":{"start":{"line":238,"column":4},"end":{"line":238,"column":39}},"105":{"start":{"line":239,"column":4},"end":{"line":239,"column":24}},"106":{"start":{"line":240,"column":4},"end":{"line":240,"column":61}},"107":{"start":{"line":241,"column":4},"end":{"line":241,"column":27}},"108":{"start":{"line":242,"column":4},"end":{"line":242,"column":19}},"109":{"start":{"line":245,"column":2},"end":{"line":245,"column":26}},"110":{"start":{"line":268,"column":2},"end":{"line":268,"column":35}},"111":{"start":{"line":268,"column":25},"end":{"line":268,"column":35}},"112":{"start":{"line":269,"column":19},"end":{"line":269,"column":76}},"113":{"start":{"line":269,"column":45},"end":{"line":269,"column":71}},"114":{"start":{"line":272,"column":20},"end":{"line":272,"column":45}},"115":{"start":{"line":273,"column":17},"end":{"line":273,"column":18}},"116":{"start":{"line":274,"column":2},"end":{"line":279,"column":3}},"117":{"start":{"line":275,"column":4},"end":{"line":278,"column":5}},"118":{"start":{"line":276,"column":6},"end":{"line":276,"column":61}},"119":{"start":{"line":277,"column":6},"end":{"line":277,"column":17}},"120":{"start":{"line":281,"column":26},"end":{"line":281,"column":28}},"121":{"start":{"line":282,"column":2},"end":{"line":282,"column":89}},"122":{"start":{"line":284,"column":16},"end":{"line":284,"column":18}},"123":{"start":{"line":285,"column":2},"end":{"line":315,"column":3}},"124":{"start":{"line":286,"column":18},"end":{"line":286,"column":47}},"125":{"start":{"line":287,"column":17},"end":{"line":287,"column":77}},"126":{"start":{"line":288,"column":21},"end":{"line":288,"column":62}},"127":{"start":{"line":289,"column":19},"end":{"line":289,"column":76}},"128":{"start":{"line":291,"column":20},"end":{"line":291,"column":37}},"129":{"start":{"line":293,"column":4},"end":{"line":295,"column":5}},"130":{"start":{"line":294,"column":6},"end":{"line":294,"column":84}},"131":{"start":{"line":296,"column":4},"end":{"line":296,"column":20}},"132":{"start":{"line":298,"column":21},"end":{"line":298,"column":68}},"133":{"start":{"line":300,"column":4},"end":{"line":300,"column":23}},"134":{"start":{"line":301,"column":4},"end":{"line":301,"column":63}},"135":{"start":{"line":302,"column":4},"end":{"line":302,"column":61}},"136":{"start":{"line":303,"column":4},"end":{"line":303,"column":63}},"137":{"start":{"line":304,"column":4},"end":{"line":304,"column":23}},"138":{"start":{"line":305,"column":4},"end":{"line":305,"column":75}},"139":{"start":{"line":306,"column":4},"end":{"line":308,"column":5}},"140":{"start":{"line":307,"column":6},"end":{"line":307,"column":90}},"141":{"start":{"line":309,"column":4},"end":{"line":309,"column":84}},"142":{"start":{"line":310,"column":4},"end":{"line":310,"column":67}},"143":{"start":{"line":311,"column":4},"end":{"line":311,"column":32}},"144":{"start":{"line":312,"column":4},"end":{"line":312,"column":24}},"145":{"start":{"line":313,"column":4},"end":{"line":313,"column":93}},"146":{"start":{"line":314,"column":4},"end":{"line":314,"column":24}},"147":{"start":{"line":317,"column":2},"end":{"line":317,"column":25}},"148":{"start":{"line":318,"column":2},"end":{"line":318,"column":26}}},"fnMap":{"0":{"name":"esc","decl":{"start":{"line":36,"column":9},"end":{"line":36,"column":12}},"loc":{"start":{"line":36,"column":22},"end":{"line":42,"column":1}}},"1":{"name":"downsample","decl":{"start":{"line":44,"column":9},"end":{"line":44,"column":19}},"loc":{"start":{"line":44,"column":47},"end":{"line":56,"column":1}}},"2":{"name":"sparkline","decl":{"start":{"line":61,"column":16},"end":{"line":61,"column":25}},"loc":{"start":{"line":61,"column":54},"end":{"line":70,"column":1}}},"3":{"name":"(anonymous_3)","decl":{"start":{"line":68,"column":9},"end":{"line":68,"column":10}},"loc":{"start":{"line":68,"column":14},"end":{"line":68,"column":79}}},"4":{"name":"htmlStatCards","decl":{"start":{"line":91,"column":16},"end":{"line":91,"column":29}},"loc":{"start":{"line":91,"column":47},"end":{"line":122,"column":1}}},"5":{"name":"htmlBarChart","decl":{"start":{"line":137,"column":16},"end":{"line":137,"column":28}},"loc":{"start":{"line":139,"column":71},"end":{"line":166,"column":1}}},"6":{"name":"(anonymous_6)","decl":{"start":{"line":142,"column":39},"end":{"line":142,"column":40}},"loc":{"start":{"line":142,"column":44},"end":{"line":142,"column":51}}},"7":{"name":"(anonymous_7)","decl":{"start":{"line":143,"column":35},"end":{"line":143,"column":36}},"loc":{"start":{"line":143,"column":50},"end":{"line":143,"column":59}}},"8":{"name":"htmlTimeline","decl":{"start":{"line":187,"column":16},"end":{"line":187,"column":28}},"loc":{"start":{"line":187,"column":67},"end":{"line":246,"column":1}}},"9":{"name":"htmlWaterfall","decl":{"start":{"line":264,"column":16},"end":{"line":264,"column":29}},"loc":{"start":{"line":266,"column":37},"end":{"line":319,"column":1}}},"10":{"name":"(anonymous_10)","decl":{"start":{"line":269,"column":40},"end":{"line":269,"column":41}},"loc":{"start":{"line":269,"column":45},"end":{"line":269,"column":71}}}},"branchMap":{"0":{"loc":{"start":{"line":45,"column":2},"end":{"line":45,"column":40}},"type":"if","locations":[{"start":{"line":45,"column":2},"end":{"line":45,"column":40}}]},"1":{"loc":{"start":{"line":61,"column":44},"end":{"line":61,"column":54}},"type":"default-arg","locations":[{"start":{"line":61,"column":52},"end":{"line":61,"column":54}}]},"2":{"loc":{"start":{"line":62,"column":2},"end":{"line":62,"column":37}},"type":"if","locations":[{"start":{"line":62,"column":2},"end":{"line":62,"column":37}}]},"3":{"loc":{"start":{"line":66,"column":16},"end":{"line":66,"column":28}},"type":"binary-expr","locations":[{"start":{"line":66,"column":16},"end":{"line":66,"column":23}},{"start":{"line":66,"column":27},"end":{"line":66,"column":28}}]},"4":{"loc":{"start":{"line":92,"column":2},"end":{"line":92,"column":36}},"type":"if","locations":[{"start":{"line":92,"column":2},"end":{"line":92,"column":36}}]},"5":{"loc":{"start":{"line":97,"column":18},"end":{"line":97,"column":36}},"type":"binary-expr","locations":[{"start":{"line":97,"column":18},"end":{"line":97,"column":25}},{"start":{"line":97,"column":29},"end":{"line":97,"column":36}}]},"6":{"loc":{"start":{"line":98,"column":4},"end":{"line":98,"column":49}},"type":"if","locations":[{"start":{"line":98,"column":4},"end":{"line":98,"column":49}}]},"7":{"loc":{"start":{"line":112,"column":6},"end":{"line":112,"column":107}},"type":"cond-expr","locations":[{"start":{"line":112,"column":14},"end":{"line":112,"column":102}},{"start":{"line":112,"column":105},"end":{"line":112,"column":107}}]},"8":{"loc":{"start":{"line":139,"column":2},"end":{"line":139,"column":71}},"type":"default-arg","locations":[{"start":{"line":139,"column":69},"end":{"line":139,"column":71}}]},"9":{"loc":{"start":{"line":141,"column":2},"end":{"line":141,"column":36}},"type":"if","locations":[{"start":{"line":141,"column":2},"end":{"line":141,"column":36}}]},"10":{"loc":{"start":{"line":143,"column":14},"end":{"line":143,"column":60}},"type":"binary-expr","locations":[{"start":{"line":143,"column":14},"end":{"line":143,"column":30}},{"start":{"line":143,"column":35},"end":{"line":143,"column":59}}]},"11":{"loc":{"start":{"line":150,"column":17},"end":{"line":150,"column":89}},"type":"cond-expr","locations":[{"start":{"line":150,"column":42},"end":{"line":150,"column":76}},{"start":{"line":150,"column":79},"end":{"line":150,"column":89}}]},"12":{"loc":{"start":{"line":187,"column":51},"end":{"line":187,"column":67}},"type":"default-arg","locations":[{"start":{"line":187,"column":59},"end":{"line":187,"column":67}}]},"13":{"loc":{"start":{"line":188,"column":2},"end":{"line":188,"column":35}},"type":"if","locations":[{"start":{"line":188,"column":2},"end":{"line":188,"column":35}}]},"14":{"loc":{"start":{"line":194,"column":18},"end":{"line":194,"column":43}},"type":"cond-expr","locations":[{"start":{"line":194,"column":26},"end":{"line":194,"column":34}},{"start":{"line":194,"column":37},"end":{"line":194,"column":43}}]},"15":{"loc":{"start":{"line":195,"column":17},"end":{"line":195,"column":50}},"type":"cond-expr","locations":[{"start":{"line":195,"column":25},"end":{"line":195,"column":37}},{"start":{"line":195,"column":40},"end":{"line":195,"column":50}}]},"16":{"loc":{"start":{"line":225,"column":6},"end":{"line":227,"column":7}},"type":"if","locations":[{"start":{"line":225,"column":6},"end":{"line":227,"column":7}}]},"17":{"loc":{"start":{"line":229,"column":6},"end":{"line":231,"column":7}},"type":"if","locations":[{"start":{"line":229,"column":6},"end":{"line":231,"column":7}}]},"18":{"loc":{"start":{"line":266,"column":2},"end":{"line":266,"column":37}},"type":"default-arg","locations":[{"start":{"line":266,"column":35},"end":{"line":266,"column":37}}]},"19":{"loc":{"start":{"line":268,"column":2},"end":{"line":268,"column":35}},"type":"if","locations":[{"start":{"line":268,"column":2},"end":{"line":268,"column":35}}]},"20":{"loc":{"start":{"line":275,"column":4},"end":{"line":278,"column":5}},"type":"if","locations":[{"start":{"line":275,"column":4},"end":{"line":278,"column":5}}]},"21":{"loc":{"start":{"line":286,"column":18},"end":{"line":286,"column":47}},"type":"binary-expr","locations":[{"start":{"line":286,"column":18},"end":{"line":286,"column":38}},{"start":{"line":286,"column":42},"end":{"line":286,"column":47}}]},"22":{"loc":{"start":{"line":287,"column":17},"end":{"line":287,"column":77}},"type":"cond-expr","locations":[{"start":{"line":287,"column":38},"end":{"line":287,"column":68}},{"start":{"line":287,"column":71},"end":{"line":287,"column":77}}]},"23":{"loc":{"start":{"line":293,"column":4},"end":{"line":295,"column":5}},"type":"if","locations":[{"start":{"line":293,"column":4},"end":{"line":295,"column":5}}]},"24":{"loc":{"start":{"line":293,"column":8},"end":{"line":293,"column":33}},"type":"binary-expr","locations":[{"start":{"line":293,"column":8},"end":{"line":293,"column":15}},{"start":{"line":293,"column":19},"end":{"line":293,"column":33}}]},"25":{"loc":{"start":{"line":298,"column":21},"end":{"line":298,"column":68}},"type":"cond-expr","locations":[{"start":{"line":298,"column":31},"end":{"line":298,"column":63}},{"start":{"line":298,"column":66},"end":{"line":298,"column":68}}]},"26":{"loc":{"start":{"line":306,"column":4},"end":{"line":308,"column":5}},"type":"if","locations":[{"start":{"line":306,"column":4},"end":{"line":308,"column":5}}]}},"s":{"0":2,"1":2,"2":2,"3":2,"4":2,"5":2,"6":2,"7":2,"8":132,"9":12,"10":11,"11":1,"12":1,"13":1,"14":1,"15":20,"16":20,"17":20,"18":20,"19":20,"20":1,"21":4,"22":1,"23":3,"24":3,"25":3,"26":3,"27":3,"28":25,"29":2,"30":16,"31":1,"32":15,"33":15,"34":15,"35":29,"36":29,"37":29,"38":14,"39":29,"40":15,"41":6,"42":1,"43":5,"44":6,"45":5,"46":5,"47":5,"48":5,"49":5,"50":6,"51":6,"52":6,"53":6,"54":6,"55":6,"56":6,"57":6,"58":6,"59":6,"60":6,"61":6,"62":5,"63":5,"64":2,"65":2,"66":2,"67":8,"68":1,"69":7,"70":7,"71":9,"72":9,"73":9,"74":9,"75":9,"76":9,"77":9,"78":9,"79":9,"80":9,"81":9,"82":9,"83":9,"84":9,"85":9,"86":9,"87":9,"88":9,"89":9,"90":16,"91":16,"92":16,"93":16,"94":16,"95":16,"96":7,"97":16,"98":16,"99":15,"100":16,"101":16,"102":9,"103":9,"104":9,"105":9,"106":9,"107":9,"108":9,"109":7,"110":9,"111":1,"112":8,"113":13,"114":8,"115":8,"116":8,"117":13,"118":12,"119":12,"120":8,"121":8,"122":8,"123":8,"124":13,"125":13,"126":13,"127":13,"128":13,"129":13,"130":4,"131":13,"132":13,"133":13,"134":13,"135":13,"136":13,"137":13,"138":13,"139":13,"140":5,"141":13,"142":13,"143":13,"144":13,"145":13,"146":13,"147":8,"148":8},"f":{"0":132,"1":12,"2":4,"3":25,"4":16,"5":6,"6":6,"7":5,"8":8,"9":9,"10":13},"b":{"0":[11],"1":[1],"2":[1],"3":[3,0],"4":[1],"5":[29,11],"6":[14],"7":[19,10],"8":[5],"9":[1],"10":[5,4],"11":[1,5],"12":[5],"13":[1],"14":[3,6],"15":[3,6],"16":[7],"17":[15],"18":[9],"19":[1],"20":[12],"21":[13,0],"22":[1,12],"23":[4],"24":[13,12],"25":[12,1],"26":[5]}}
,"/Users/gia/Downloads/runner-lens/src/quickchart.ts": {"path":"/Users/gia/Downloads/runner-lens/src/quickchart.ts","statementMap":{"0":{"start":{"line":63,"column":0},"end":{"line":63,"column":16}},"1":{"start":{"line":105,"column":0},"end":{"line":105,"column":16}},"2":{"start":{"line":157,"column":0},"end":{"line":157,"column":16}},"3":{"start":{"line":188,"column":0},"end":{"line":188,"column":16}},"4":{"start":{"line":231,"column":0},"end":{"line":231,"column":16}},"5":{"start":{"line":10,"column":0},"end":{"line":10,"column":39}},"6":{"start":{"line":12,"column":16},"end":{"line":12,"column":45}},"7":{"start":{"line":16,"column":10},"end":{"line":27,"column":2}},"8":{"start":{"line":32,"column":2},"end":{"line":32,"column":40}},"9":{"start":{"line":32,"column":25},"end":{"line":32,"column":38}},"10":{"start":{"line":36,"column":2},"end":{"line":36,"column":40}},"11":{"start":{"line":36,"column":26},"end":{"line":36,"column":40}},"12":{"start":{"line":37,"column":24},"end":{"line":37,"column":26}},"13":{"start":{"line":38,"column":15},"end":{"line":38,"column":44}},"14":{"start":{"line":39,"column":2},"end":{"line":45,"column":3}},"15":{"start":{"line":39,"column":15},"end":{"line":39,"column":16}},"16":{"start":{"line":40,"column":16},"end":{"line":40,"column":24}},"17":{"start":{"line":41,"column":15},"end":{"line":41,"column":30}},"18":{"start":{"line":42,"column":15},"end":{"line":42,"column":50}},"19":{"start":{"line":43,"column":17},"end":{"line":43,"column":25}},"20":{"start":{"line":44,"column":4},"end":{"line":44,"column":70}},"21":{"start":{"line":46,"column":2},"end":{"line":46,"column":13}},"22":{"start":{"line":54,"column":12},"end":{"line":54,"column":29}},"23":{"start":{"line":55,"column":12},"end":{"line":55,"column":30}},"24":{"start":{"line":58,"column":2},"end":{"line":58,"column":100}},"25":{"start":{"line":75,"column":17},"end":{"line":75,"column":87}},"26":{"start":{"line":76,"column":16},"end":{"line":76,"column":92}},"27":{"start":{"line":78,"column":17},"end":{"line":98,"column":4}},"28":{"start":{"line":100,"column":2},"end":{"line":100,"column":42}},"29":{"start":{"line":110,"column":14},"end":{"line":110,"column":46}},"30":{"start":{"line":111,"column":14},"end":{"line":111,"column":46}},"31":{"start":{"line":113,"column":19},"end":{"line":113,"column":93}},"32":{"start":{"line":114,"column":19},"end":{"line":114,"column":93}},"33":{"start":{"line":116,"column":17},"end":{"line":150,"column":4}},"34":{"start":{"line":119,"column":32},"end":{"line":119,"column":33}},"35":{"start":{"line":152,"column":2},"end":{"line":152,"column":25}},"36":{"start":{"line":160,"column":17},"end":{"line":164,"column":4}},"37":{"start":{"line":161,"column":16},"end":{"line":161,"column":42}},"38":{"start":{"line":162,"column":17},"end":{"line":162,"column":72}},"39":{"start":{"line":163,"column":4},"end":{"line":163,"column":30}},"40":{"start":{"line":165,"column":15},"end":{"line":165,"column":44}},"41":{"start":{"line":165,"column":30},"end":{"line":165,"column":43}},"42":{"start":{"line":167,"column":17},"end":{"line":180,"column":4}},"43":{"start":{"line":182,"column":12},"end":{"line":182,"column":49}},"44":{"start":{"line":183,"column":2},"end":{"line":183,"column":40}},"45":{"start":{"line":192,"column":20},"end":{"line":192,"column":45}},"46":{"start":{"line":193,"column":17},"end":{"line":193,"column":18}},"47":{"start":{"line":194,"column":2},"end":{"line":199,"column":3}},"48":{"start":{"line":195,"column":4},"end":{"line":198,"column":5}},"49":{"start":{"line":196,"column":6},"end":{"line":196,"column":61}},"50":{"start":{"line":197,"column":6},"end":{"line":197,"column":17}},"51":{"start":{"line":201,"column":17},"end":{"line":205,"column":4}},"52":{"start":{"line":202,"column":17},"end":{"line":202,"column":72}},"53":{"start":{"line":203,"column":16},"end":{"line":203,"column":66}},"54":{"start":{"line":204,"column":4},"end":{"line":204,"column":30}},"55":{"start":{"line":207,"column":15},"end":{"line":207,"column":95}},"56":{"start":{"line":207,"column":30},"end":{"line":207,"column":94}},"57":{"start":{"line":208,"column":17},"end":{"line":208,"column":54}},"58":{"start":{"line":208,"column":32},"end":{"line":208,"column":53}},"59":{"start":{"line":210,"column":17},"end":{"line":223,"column":4}},"60":{"start":{"line":225,"column":12},"end":{"line":225,"column":49}},"61":{"start":{"line":226,"column":2},"end":{"line":226,"column":40}},"62":{"start":{"line":240,"column":13},"end":{"line":240,"column":42}},"63":{"start":{"line":242,"column":17},"end":{"line":264,"column":4}},"64":{"start":{"line":245,"column":31},"end":{"line":245,"column":32}},"65":{"start":{"line":266,"column":2},"end":{"line":266,"column":42}}},"fnMap":{"0":{"name":"round","decl":{"start":{"line":31,"column":9},"end":{"line":31,"column":14}},"loc":{"start":{"line":31,"column":31},"end":{"line":33,"column":1}}},"1":{"name":"(anonymous_1)","decl":{"start":{"line":32,"column":20},"end":{"line":32,"column":21}},"loc":{"start":{"line":32,"column":25},"end":{"line":32,"column":38}}},"2":{"name":"downsample","decl":{"start":{"line":35,"column":9},"end":{"line":35,"column":19}},"loc":{"start":{"line":35,"column":47},"end":{"line":47,"column":1}}},"3":{"name":"makeUrl","decl":{"start":{"line":50,"column":9},"end":{"line":50,"column":16}},"loc":{"start":{"line":52,"column":48},"end":{"line":59,"column":1}}},"4":{"name":"statCardChartUrl","decl":{"start":{"line":63,"column":16},"end":{"line":63,"column":32}},"loc":{"start":{"line":73,"column":1},"end":{"line":101,"column":1}}},"5":{"name":"timelineChartUrl","decl":{"start":{"line":105,"column":16},"end":{"line":105,"column":32}},"loc":{"start":{"line":108,"column":49},"end":{"line":153,"column":1}}},"6":{"name":"(anonymous_6)","decl":{"start":{"line":119,"column":22},"end":{"line":119,"column":23}},"loc":{"start":{"line":119,"column":32},"end":{"line":119,"column":33}}},"7":{"name":"barChartUrl","decl":{"start":{"line":157,"column":16},"end":{"line":157,"column":27}},"loc":{"start":{"line":158,"column":53},"end":{"line":184,"column":1}}},"8":{"name":"(anonymous_8)","decl":{"start":{"line":160,"column":27},"end":{"line":160,"column":28}},"loc":{"start":{"line":160,"column":31},"end":{"line":164,"column":3}}},"9":{"name":"(anonymous_9)","decl":{"start":{"line":165,"column":25},"end":{"line":165,"column":26}},"loc":{"start":{"line":165,"column":30},"end":{"line":165,"column":43}}},"10":{"name":"waterfallChartUrl","decl":{"start":{"line":188,"column":16},"end":{"line":188,"column":33}},"loc":{"start":{"line":189,"column":84},"end":{"line":227,"column":1}}},"11":{"name":"(anonymous_11)","decl":{"start":{"line":201,"column":27},"end":{"line":201,"column":28}},"loc":{"start":{"line":201,"column":31},"end":{"line":205,"column":3}}},"12":{"name":"(anonymous_12)","decl":{"start":{"line":207,"column":25},"end":{"line":207,"column":26}},"loc":{"start":{"line":207,"column":30},"end":{"line":207,"column":94}}},"13":{"name":"(anonymous_13)","decl":{"start":{"line":208,"column":27},"end":{"line":208,"column":28}},"loc":{"start":{"line":208,"column":32},"end":{"line":208,"column":53}}},"14":{"name":"workflowTimelineUrl","decl":{"start":{"line":231,"column":16},"end":{"line":231,"column":35}},"loc":{"start":{"line":238,"column":3},"end":{"line":267,"column":1}}},"15":{"name":"(anonymous_15)","decl":{"start":{"line":245,"column":21},"end":{"line":245,"column":22}},"loc":{"start":{"line":245,"column":31},"end":{"line":245,"column":32}}}},"branchMap":{"0":{"loc":{"start":{"line":36,"column":2},"end":{"line":36,"column":40}},"type":"if","locations":[{"start":{"line":36,"column":2},"end":{"line":36,"column":40}}]},"1":{"loc":{"start":{"line":52,"column":2},"end":{"line":52,"column":48}},"type":"default-arg","locations":[{"start":{"line":52,"column":46},"end":{"line":52,"column":48}}]},"2":{"loc":{"start":{"line":54,"column":12},"end":{"line":54,"column":29}},"type":"binary-expr","locations":[{"start":{"line":54,"column":12},"end":{"line":54,"column":22}},{"start":{"line":54,"column":26},"end":{"line":54,"column":29}}]},"3":{"loc":{"start":{"line":55,"column":12},"end":{"line":55,"column":30}},"type":"binary-expr","locations":[{"start":{"line":55,"column":12},"end":{"line":55,"column":23}},{"start":{"line":55,"column":27},"end":{"line":55,"column":30}}]},"4":{"loc":{"start":{"line":75,"column":17},"end":{"line":75,"column":87}},"type":"cond-expr","locations":[{"start":{"line":75,"column":43},"end":{"line":75,"column":73}},{"start":{"line":75,"column":76},"end":{"line":75,"column":87}}]},"5":{"loc":{"start":{"line":108,"column":2},"end":{"line":108,"column":49}},"type":"default-arg","locations":[{"start":{"line":108,"column":47},"end":{"line":108,"column":49}}]},"6":{"loc":{"start":{"line":113,"column":19},"end":{"line":113,"column":93}},"type":"cond-expr","locations":[{"start":{"line":113,"column":47},"end":{"line":113,"column":83}},{"start":{"line":113,"column":86},"end":{"line":113,"column":93}}]},"7":{"loc":{"start":{"line":114,"column":19},"end":{"line":114,"column":93}},"type":"cond-expr","locations":[{"start":{"line":114,"column":47},"end":{"line":114,"column":83}},{"start":{"line":114,"column":86},"end":{"line":114,"column":93}}]},"8":{"loc":{"start":{"line":162,"column":17},"end":{"line":162,"column":72}},"type":"cond-expr","locations":[{"start":{"line":162,"column":38},"end":{"line":162,"column":63}},{"start":{"line":162,"column":66},"end":{"line":162,"column":72}}]},"9":{"loc":{"start":{"line":195,"column":4},"end":{"line":198,"column":5}},"type":"if","locations":[{"start":{"line":195,"column":4},"end":{"line":198,"column":5}}]},"10":{"loc":{"start":{"line":202,"column":17},"end":{"line":202,"column":72}},"type":"cond-expr","locations":[{"start":{"line":202,"column":38},"end":{"line":202,"column":63}},{"start":{"line":202,"column":66},"end":{"line":202,"column":72}}]},"11":{"loc":{"start":{"line":203,"column":16},"end":{"line":203,"column":66}},"type":"cond-expr","locations":[{"start":{"line":203,"column":35},"end":{"line":203,"column":58}},{"start":{"line":203,"column":61},"end":{"line":203,"column":66}}]}},"s":{"0":1,"1":1,"2":1,"3":1,"4":1,"5":1,"6":1,"7":1,"8":6,"9":260,"10":6,"11":4,"12":2,"13":2,"14":2,"15":2,"16":100,"17":100,"18":100,"19":100,"20":100,"21":2,"22":10,"23":10,"24":10,"25":3,"26":3,"27":3,"28":3,"29":0,"30":0,"31":0,"32":0,"33":0,"34":0,"35":0,"36":0,"37":0,"38":0,"39":0,"40":0,"41":0,"42":0,"43":0,"44":0,"45":1,"46":1,"47":1,"48":2,"49":1,"50":1,"51":1,"52":2,"53":2,"54":2,"55":1,"56":2,"57":1,"58":2,"59":1,"60":1,"61":1,"62":6,"63":6,"64":260,"65":6},"f":{"0":6,"1":260,"2":6,"3":10,"4":3,"5":0,"6":0,"7":0,"8":0,"9":0,"10":1,"11":2,"12":2,"13":2,"14":6,"15":260},"b":{"0":[4],"1":[0],"2":[10,10],"3":[10,0],"4":[0,3],"5":[0],"6":[0,0],"7":[0,0],"8":[0,0],"9":[1],"10":[0,2],"11":[0,2]}}
,"/Users/gia/Downloads/runner-lens/src/reporter.ts": {"path":"/Users/gia/Downloads/runner-lens/src/reporter.ts","statementMap":{"0":{"start":{"line":211,"column":0},"end":{"line":211,"column":16}},"1":{"start":{"line":234,"column":0},"end":{"line":234,"column":16}},"2":{"start":{"line":5,"column":0},"end":{"line":5,"column":50}},"3":{"start":{"line":6,"column":0},"end":{"line":6,"column":39}},"4":{"start":{"line":7,"column":0},"end":{"line":7,"column":60}},"5":{"start":{"line":8,"column":0},"end":{"line":8,"column":null}},"6":{"start":{"line":11,"column":0},"end":{"line":11,"column":45}},"7":{"start":{"line":13,"column":24},"end":{"line":13,"column":26}},"8":{"start":{"line":16,"column":2},"end":{"line":16,"column":40}},"9":{"start":{"line":16,"column":26},"end":{"line":16,"column":40}},"10":{"start":{"line":17,"column":24},"end":{"line":17,"column":26}},"11":{"start":{"line":18,"column":15},"end":{"line":18,"column":44}},"12":{"start":{"line":19,"column":2},"end":{"line":25,"column":3}},"13":{"start":{"line":19,"column":15},"end":{"line":19,"column":16}},"14":{"start":{"line":20,"column":16},"end":{"line":20,"column":24}},"15":{"start":{"line":21,"column":15},"end":{"line":21,"column":30}},"16":{"start":{"line":22,"column":15},"end":{"line":22,"column":50}},"17":{"start":{"line":23,"column":17},"end":{"line":23,"column":25}},"18":{"start":{"line":24,"column":4},"end":{"line":24,"column":72}},"19":{"start":{"line":26,"column":2},"end":{"line":26,"column":13}},"20":{"start":{"line":35,"column":19},"end":{"line":35,"column":57}},"21":{"start":{"line":35,"column":44},"end":{"line":35,"column":55}},"22":{"start":{"line":36,"column":19},"end":{"line":36,"column":62}},"23":{"start":{"line":36,"column":44},"end":{"line":36,"column":60}},"24":{"start":{"line":37,"column":19},"end":{"line":37,"column":51}},"25":{"start":{"line":38,"column":19},"end":{"line":38,"column":69}},"26":{"start":{"line":38,"column":46},"end":{"line":38,"column":67}},"27":{"start":{"line":40,"column":19},"end":{"line":40,"column":57}},"28":{"start":{"line":40,"column":38},"end":{"line":40,"column":56}},"29":{"start":{"line":41,"column":19},"end":{"line":43,"column":7}},"30":{"start":{"line":42,"column":32},"end":{"line":42,"column":37}},"31":{"start":{"line":45,"column":18},"end":{"line":45,"column":48}},"32":{"start":{"line":46,"column":2},"end":{"line":51,"column":3}},"33":{"start":{"line":47,"column":4},"end":{"line":50,"column":5}},"34":{"start":{"line":48,"column":18},"end":{"line":48,"column":37}},"35":{"start":{"line":49,"column":6},"end":{"line":49,"column":66}},"36":{"start":{"line":49,"column":43},"end":{"line":49,"column":66}},"37":{"start":{"line":52,"column":19},"end":{"line":52,"column":91}},"38":{"start":{"line":52,"column":56},"end":{"line":52,"column":77}},"39":{"start":{"line":54,"column":15},"end":{"line":54,"column":42}},"40":{"start":{"line":57,"column":22},"end":{"line":57,"column":56}},"41":{"start":{"line":57,"column":44},"end":{"line":57,"column":55}},"42":{"start":{"line":59,"column":2},"end":{"line":67,"column":3}},"43":{"start":{"line":60,"column":20},"end":{"line":60,"column":64}},"44":{"start":{"line":60,"column":43},"end":{"line":60,"column":63}},"45":{"start":{"line":61,"column":20},"end":{"line":61,"column":63}},"46":{"start":{"line":61,"column":43},"end":{"line":61,"column":62}},"47":{"start":{"line":62,"column":4},"end":{"line":66,"column":6}},"48":{"start":{"line":63,"column":44},"end":{"line":63,"column":49}},"49":{"start":{"line":64,"column":43},"end":{"line":64,"column":48}},"50":{"start":{"line":69,"column":19},"end":{"line":72,"column":15}},"51":{"start":{"line":70,"column":41},"end":{"line":70,"column":52}},"52":{"start":{"line":71,"column":40},"end":{"line":71,"column":56}},"53":{"start":{"line":74,"column":35},"end":{"line":91,"column":4}},"54":{"start":{"line":93,"column":2},"end":{"line":93,"column":16}},"55":{"start":{"line":105,"column":41},"end":{"line":105,"column":43}},"56":{"start":{"line":106,"column":18},"end":{"line":106,"column":51}},"57":{"start":{"line":107,"column":14},"end":{"line":107,"column":27}},"58":{"start":{"line":109,"column":20},"end":{"line":109,"column":34}},"59":{"start":{"line":110,"column":21},"end":{"line":110,"column":35}},"60":{"start":{"line":111,"column":20},"end":{"line":111,"column":70}},"61":{"start":{"line":112,"column":21},"end":{"line":112,"column":71}},"62":{"start":{"line":115,"column":2},"end":{"line":120,"column":15}},"63":{"start":{"line":123,"column":2},"end":{"line":129,"column":3}},"64":{"start":{"line":124,"column":16},"end":{"line":126,"column":null}},"65":{"start":{"line":125,"column":29},"end":{"line":125,"column":72}},"66":{"start":{"line":128,"column":4},"end":{"line":128,"column":70}},"67":{"start":{"line":128,"column":13},"end":{"line":128,"column":70}},"68":{"start":{"line":132,"column":2},"end":{"line":142,"column":3}},"69":{"start":{"line":133,"column":17},"end":{"line":133,"column":46}},"70":{"start":{"line":133,"column":34},"end":{"line":133,"column":45}},"71":{"start":{"line":134,"column":17},"end":{"line":134,"column":53}},"72":{"start":{"line":134,"column":34},"end":{"line":134,"column":52}},"73":{"start":{"line":135,"column":4},"end":{"line":141,"column":5}},"74":{"start":{"line":136,"column":18},"end":{"line":139,"column":8}},"75":{"start":{"line":140,"column":6},"end":{"line":140,"column":73}},"76":{"start":{"line":140,"column":15},"end":{"line":140,"column":73}},"77":{"start":{"line":144,"column":2},"end":{"line":144,"column":16}},"78":{"start":{"line":156,"column":18},"end":{"line":156,"column":51}},"79":{"start":{"line":157,"column":22},"end":{"line":157,"column":24}},"80":{"start":{"line":159,"column":20},"end":{"line":159,"column":34}},"81":{"start":{"line":160,"column":21},"end":{"line":160,"column":35}},"82":{"start":{"line":161,"column":20},"end":{"line":161,"column":70}},"83":{"start":{"line":162,"column":21},"end":{"line":162,"column":71}},"84":{"start":{"line":164,"column":14},"end":{"line":164,"column":27}},"85":{"start":{"line":167,"column":2},"end":{"line":167,"column":31}},"86":{"start":{"line":170,"column":2},"end":{"line":175,"column":13}},"87":{"start":{"line":178,"column":2},"end":{"line":189,"column":3}},"88":{"start":{"line":179,"column":17},"end":{"line":179,"column":48}},"89":{"start":{"line":179,"column":36},"end":{"line":179,"column":47}},"90":{"start":{"line":180,"column":17},"end":{"line":180,"column":55}},"91":{"start":{"line":180,"column":36},"end":{"line":180,"column":54}},"92":{"start":{"line":181,"column":4},"end":{"line":188,"column":5}},"93":{"start":{"line":182,"column":6},"end":{"line":182,"column":80}},"94":{"start":{"line":183,"column":6},"end":{"line":186,"column":10}},"95":{"start":{"line":187,"column":6},"end":{"line":187,"column":31}},"96":{"start":{"line":192,"column":2},"end":{"line":192,"column":16}},"97":{"start":{"line":193,"column":24},"end":{"line":195,"column":8}},"98":{"start":{"line":196,"column":23},"end":{"line":198,"column":8}},"99":{"start":{"line":199,"column":2},"end":{"line":202,"column":4}},"100":{"start":{"line":204,"column":2},"end":{"line":204,"column":22}},"101":{"start":{"line":221,"column":17},"end":{"line":221,"column":64}},"102":{"start":{"line":222,"column":2},"end":{"line":224,"column":3}},"103":{"start":{"line":223,"column":4},"end":{"line":223,"column":34}},"104":{"start":{"line":225,"column":17},"end":{"line":225,"column":59}},"105":{"start":{"line":226,"column":2},"end":{"line":226,"column":28}},"106":{"start":{"line":239,"column":2},"end":{"line":239,"column":48}},"107":{"start":{"line":239,"column":38},"end":{"line":239,"column":48}},"108":{"start":{"line":240,"column":2},"end":{"line":240,"column":43}}},"fnMap":{"0":{"name":"downsample","decl":{"start":{"line":15,"column":9},"end":{"line":15,"column":19}},"loc":{"start":{"line":15,"column":47},"end":{"line":27,"column":1}}},"1":{"name":"aggregate","decl":{"start":{"line":29,"column":9},"end":{"line":29,"column":18}},"loc":{"start":{"line":33,"column":23},"end":{"line":94,"column":1}}},"2":{"name":"(anonymous_2)","decl":{"start":{"line":35,"column":37},"end":{"line":35,"column":38}},"loc":{"start":{"line":35,"column":44},"end":{"line":35,"column":55}}},"3":{"name":"(anonymous_3)","decl":{"start":{"line":36,"column":37},"end":{"line":36,"column":38}},"loc":{"start":{"line":36,"column":44},"end":{"line":36,"column":60}}},"4":{"name":"(anonymous_4)","decl":{"start":{"line":38,"column":39},"end":{"line":38,"column":40}},"loc":{"start":{"line":38,"column":46},"end":{"line":38,"column":67}}},"5":{"name":"(anonymous_5)","decl":{"start":{"line":40,"column":31},"end":{"line":40,"column":32}},"loc":{"start":{"line":40,"column":38},"end":{"line":40,"column":56}}},"6":{"name":"(anonymous_6)","decl":{"start":{"line":42,"column":22},"end":{"line":42,"column":23}},"loc":{"start":{"line":42,"column":32},"end":{"line":42,"column":37}}},"7":{"name":"(anonymous_7)","decl":{"start":{"line":52,"column":46},"end":{"line":52,"column":47}},"loc":{"start":{"line":52,"column":56},"end":{"line":52,"column":77}}},"8":{"name":"(anonymous_8)","decl":{"start":{"line":57,"column":37},"end":{"line":57,"column":38}},"loc":{"start":{"line":57,"column":44},"end":{"line":57,"column":55}}},"9":{"name":"(anonymous_9)","decl":{"start":{"line":60,"column":36},"end":{"line":60,"column":37}},"loc":{"start":{"line":60,"column":43},"end":{"line":60,"column":63}}},"10":{"name":"(anonymous_10)","decl":{"start":{"line":61,"column":36},"end":{"line":61,"column":37}},"loc":{"start":{"line":61,"column":43},"end":{"line":61,"column":62}}},"11":{"name":"(anonymous_11)","decl":{"start":{"line":63,"column":34},"end":{"line":63,"column":35}},"loc":{"start":{"line":63,"column":44},"end":{"line":63,"column":49}}},"12":{"name":"(anonymous_12)","decl":{"start":{"line":64,"column":33},"end":{"line":64,"column":34}},"loc":{"start":{"line":64,"column":43},"end":{"line":64,"column":48}}},"13":{"name":"(anonymous_13)","decl":{"start":{"line":70,"column":36},"end":{"line":70,"column":37}},"loc":{"start":{"line":70,"column":41},"end":{"line":70,"column":52}}},"14":{"name":"(anonymous_14)","decl":{"start":{"line":71,"column":35},"end":{"line":71,"column":36}},"loc":{"start":{"line":71,"column":40},"end":{"line":71,"column":56}}},"15":{"name":"generateSvgCharts","decl":{"start":{"line":100,"column":9},"end":{"line":100,"column":26}},"loc":{"start":{"line":103,"column":23},"end":{"line":145,"column":1}}},"16":{"name":"(anonymous_16)","decl":{"start":{"line":125,"column":23},"end":{"line":125,"column":24}},"loc":{"start":{"line":125,"column":29},"end":{"line":125,"column":72}}},"17":{"name":"(anonymous_17)","decl":{"start":{"line":133,"column":29},"end":{"line":133,"column":30}},"loc":{"start":{"line":133,"column":34},"end":{"line":133,"column":45}}},"18":{"name":"(anonymous_18)","decl":{"start":{"line":134,"column":29},"end":{"line":134,"column":30}},"loc":{"start":{"line":134,"column":34},"end":{"line":134,"column":52}}},"19":{"name":"markdown","decl":{"start":{"line":151,"column":9},"end":{"line":151,"column":17}},"loc":{"start":{"line":154,"column":23},"end":{"line":205,"column":1}}},"20":{"name":"(anonymous_20)","decl":{"start":{"line":179,"column":29},"end":{"line":179,"column":30}},"loc":{"start":{"line":179,"column":36},"end":{"line":179,"column":47}}},"21":{"name":"(anonymous_21)","decl":{"start":{"line":180,"column":29},"end":{"line":180,"column":30}},"loc":{"start":{"line":180,"column":36},"end":{"line":180,"column":54}}},"22":{"name":"processMetrics","decl":{"start":{"line":211,"column":16},"end":{"line":211,"column":30}},"loc":{"start":{"line":216,"column":23},"end":{"line":227,"column":1}}},"23":{"name":"buildJobMarkdown","decl":{"start":{"line":234,"column":16},"end":{"line":234,"column":32}},"loc":{"start":{"line":237,"column":23},"end":{"line":241,"column":1}}}},"branchMap":{"0":{"loc":{"start":{"line":16,"column":2},"end":{"line":16,"column":40}},"type":"if","locations":[{"start":{"line":16,"column":2},"end":{"line":16,"column":40}}]},"1":{"loc":{"start":{"line":37,"column":19},"end":{"line":37,"column":51}},"type":"binary-expr","locations":[{"start":{"line":37,"column":19},"end":{"line":37,"column":46}},{"start":{"line":37,"column":50},"end":{"line":37,"column":51}}]},"2":{"loc":{"start":{"line":40,"column":38},"end":{"line":40,"column":56}},"type":"binary-expr","locations":[{"start":{"line":40,"column":38},"end":{"line":40,"column":51}},{"start":{"line":40,"column":55},"end":{"line":40,"column":56}}]},"3":{"loc":{"start":{"line":41,"column":19},"end":{"line":43,"column":7}},"type":"cond-expr","locations":[{"start":{"line":42,"column":6},"end":{"line":42,"column":59}},{"start":{"line":43,"column":6},"end":{"line":43,"column":7}}]},"4":{"loc":{"start":{"line":47,"column":20},"end":{"line":47,"column":37}},"type":"binary-expr","locations":[{"start":{"line":47,"column":20},"end":{"line":47,"column":31}},{"start":{"line":47,"column":35},"end":{"line":47,"column":37}}]},"5":{"loc":{"start":{"line":49,"column":6},"end":{"line":49,"column":66}},"type":"if","locations":[{"start":{"line":49,"column":6},"end":{"line":49,"column":66}}]},"6":{"loc":{"start":{"line":49,"column":10},"end":{"line":49,"column":41}},"type":"binary-expr","locations":[{"start":{"line":49,"column":10},"end":{"line":49,"column":14}},{"start":{"line":49,"column":18},"end":{"line":49,"column":41}}]},"7":{"loc":{"start":{"line":59,"column":2},"end":{"line":67,"column":3}},"type":"if","locations":[{"start":{"line":59,"column":2},"end":{"line":67,"column":3}}]},"8":{"loc":{"start":{"line":69,"column":19},"end":{"line":72,"column":15}},"type":"cond-expr","locations":[{"start":{"line":69,"column":41},"end":{"line":72,"column":4}},{"start":{"line":72,"column":6},"end":{"line":72,"column":15}}]},"9":{"loc":{"start":{"line":88,"column":8},"end":{"line":88,"column":50}},"type":"cond-expr","locations":[{"start":{"line":88,"column":36},"end":{"line":88,"column":45}},{"start":{"line":88,"column":48},"end":{"line":88,"column":50}}]},"10":{"loc":{"start":{"line":88,"column":8},"end":{"line":88,"column":33}},"type":"binary-expr","locations":[{"start":{"line":88,"column":8},"end":{"line":88,"column":13}},{"start":{"line":88,"column":17},"end":{"line":88,"column":33}}]},"11":{"loc":{"start":{"line":89,"column":8},"end":{"line":89,"column":36}},"type":"cond-expr","locations":[{"start":{"line":89,"column":19},"end":{"line":89,"column":31}},{"start":{"line":89,"column":34},"end":{"line":89,"column":36}}]},"12":{"loc":{"start":{"line":90,"column":8},"end":{"line":90,"column":38}},"type":"cond-expr","locations":[{"start":{"line":90,"column":20},"end":{"line":90,"column":33}},{"start":{"line":90,"column":36},"end":{"line":90,"column":38}}]},"13":{"loc":{"start":{"line":123,"column":2},"end":{"line":129,"column":3}},"type":"if","locations":[{"start":{"line":123,"column":2},"end":{"line":129,"column":3}}]},"14":{"loc":{"start":{"line":123,"column":6},"end":{"line":123,"column":45}},"type":"binary-expr","locations":[{"start":{"line":123,"column":6},"end":{"line":123,"column":18}},{"start":{"line":123,"column":22},"end":{"line":123,"column":45}}]},"15":{"loc":{"start":{"line":128,"column":4},"end":{"line":128,"column":70}},"type":"if","locations":[{"start":{"line":128,"column":4},"end":{"line":128,"column":70}}]},"16":{"loc":{"start":{"line":132,"column":2},"end":{"line":142,"column":3}},"type":"if","locations":[{"start":{"line":132,"column":2},"end":{"line":142,"column":3}}]},"17":{"loc":{"start":{"line":135,"column":4},"end":{"line":141,"column":5}},"type":"if","locations":[{"start":{"line":135,"column":4},"end":{"line":141,"column":5}}]},"18":{"loc":{"start":{"line":140,"column":6},"end":{"line":140,"column":73}},"type":"if","locations":[{"start":{"line":140,"column":6},"end":{"line":140,"column":73}}]},"19":{"loc":{"start":{"line":178,"column":2},"end":{"line":189,"column":3}},"type":"if","locations":[{"start":{"line":178,"column":2},"end":{"line":189,"column":3}}]},"20":{"loc":{"start":{"line":181,"column":4},"end":{"line":188,"column":5}},"type":"if","locations":[{"start":{"line":181,"column":4},"end":{"line":188,"column":5}}]},"21":{"loc":{"start":{"line":193,"column":24},"end":{"line":195,"column":8}},"type":"cond-expr","locations":[{"start":{"line":194,"column":6},"end":{"line":194,"column":119}},{"start":{"line":195,"column":6},"end":{"line":195,"column":8}}]},"22":{"loc":{"start":{"line":196,"column":23},"end":{"line":198,"column":8}},"type":"cond-expr","locations":[{"start":{"line":197,"column":6},"end":{"line":197,"column":110}},{"start":{"line":198,"column":6},"end":{"line":198,"column":8}}]},"23":{"loc":{"start":{"line":222,"column":2},"end":{"line":224,"column":3}},"type":"if","locations":[{"start":{"line":222,"column":2},"end":{"line":224,"column":3}}]},"24":{"loc":{"start":{"line":239,"column":2},"end":{"line":239,"column":48}},"type":"if","locations":[{"start":{"line":239,"column":2},"end":{"line":239,"column":48}}]}},"s":{"0":1,"1":1,"2":1,"3":1,"4":1,"5":1,"6":1,"7":1,"8":28,"9":26,"10":2,"11":2,"12":2,"13":2,"14":160,"15":160,"16":160,"17":160,"18":160,"19":2,"20":20,"21":156,"22":20,"23":156,"24":20,"25":20,"26":156,"27":20,"28":156,"29":20,"30":156,"31":20,"32":20,"33":156,"34":308,"35":308,"36":38,"37":20,"38":18,"39":20,"40":20,"41":156,"42":20,"43":18,"44":154,"45":18,"46":154,"47":18,"48":154,"49":154,"50":20,"51":150,"52":150,"53":20,"54":20,"55":18,"56":18,"57":18,"58":18,"59":18,"60":18,"61":18,"62":18,"63":18,"64":2,"65":4,"66":2,"67":2,"68":18,"69":17,"70":142,"71":17,"72":142,"73":17,"74":3,"75":3,"76":3,"77":18,"78":4,"79":4,"80":4,"81":4,"82":4,"83":4,"84":4,"85":4,"86":4,"87":4,"88":4,"89":8,"90":4,"91":8,"92":4,"93":0,"94":0,"95":0,"96":4,"97":4,"98":4,"99":4,"100":4,"101":20,"102":20,"103":2,"104":18,"105":18,"106":5,"107":1,"108":4},"f":{"0":28,"1":20,"2":156,"3":156,"4":156,"5":156,"6":156,"7":18,"8":156,"9":154,"10":154,"11":154,"12":154,"13":150,"14":150,"15":18,"16":4,"17":142,"18":142,"19":4,"20":8,"21":8,"22":20,"23":5},"b":{"0":[26],"1":[20,0],"2":[156,0],"3":[20,0],"4":[156,0],"5":[38],"6":[308,271],"7":[18],"8":[14,6],"9":[2,18],"10":[20,2],"11":[14,6],"12":[18,2],"13":[2],"14":[18,2],"15":[2],"16":[17],"17":[3],"18":[3],"19":[4],"20":[0],"21":[4,0],"22":[0,4],"23":[2],"24":[1]}}
,"/Users/gia/Downloads/runner-lens/src/stats.ts": {"path":"/Users/gia/Downloads/runner-lens/src/stats.ts","statementMap":{"0":{"start":{"line":9,"column":0},"end":{"line":9,"column":16}},"1":{"start":{"line":30,"column":0},"end":{"line":30,"column":16}},"2":{"start":{"line":40,"column":0},"end":{"line":40,"column":16}},"3":{"start":{"line":4,"column":2},"end":{"line":4,"column":36}},"4":{"start":{"line":4,"column":27},"end":{"line":4,"column":36}},"5":{"start":{"line":5,"column":14},"end":{"line":5,"column":54}},"6":{"start":{"line":6,"column":2},"end":{"line":6,"column":34}},"7":{"start":{"line":10,"column":2},"end":{"line":12,"column":3}},"8":{"start":{"line":11,"column":4},"end":{"line":11,"column":73}},"9":{"start":{"line":13,"column":17},"end":{"line":13,"column":50}},"10":{"start":{"line":13,"column":44},"end":{"line":13,"column":49}},"11":{"start":{"line":14,"column":14},"end":{"line":14,"column":47}},"12":{"start":{"line":14,"column":38},"end":{"line":14,"column":43}},"13":{"start":{"line":15,"column":2},"end":{"line":23,"column":4}},"14":{"start":{"line":31,"column":2},"end":{"line":31,"column":43}},"15":{"start":{"line":31,"column":27},"end":{"line":31,"column":43}},"16":{"start":{"line":32,"column":10},"end":{"line":32,"column":19}},"17":{"start":{"line":33,"column":2},"end":{"line":35,"column":3}},"18":{"start":{"line":33,"column":15},"end":{"line":33,"column":16}},"19":{"start":{"line":34,"column":4},"end":{"line":34,"column":37}},"20":{"start":{"line":34,"column":23},"end":{"line":34,"column":37}},"21":{"start":{"line":36,"column":2},"end":{"line":36,"column":11}},"22":{"start":{"line":41,"column":2},"end":{"line":41,"column":63}}},"fnMap":{"0":{"name":"percentile","decl":{"start":{"line":3,"column":9},"end":{"line":3,"column":19}},"loc":{"start":{"line":3,"column":47},"end":{"line":7,"column":1}}},"1":{"name":"stats","decl":{"start":{"line":9,"column":16},"end":{"line":9,"column":21}},"loc":{"start":{"line":9,"column":38},"end":{"line":24,"column":1}}},"2":{"name":"(anonymous_2)","decl":{"start":{"line":13,"column":34},"end":{"line":13,"column":35}},"loc":{"start":{"line":13,"column":44},"end":{"line":13,"column":49}}},"3":{"name":"(anonymous_3)","decl":{"start":{"line":14,"column":28},"end":{"line":14,"column":29}},"loc":{"start":{"line":14,"column":38},"end":{"line":14,"column":43}}},"4":{"name":"safeMax","decl":{"start":{"line":30,"column":16},"end":{"line":30,"column":23}},"loc":{"start":{"line":30,"column":54},"end":{"line":37,"column":1}}},"5":{"name":"safePct","decl":{"start":{"line":40,"column":16},"end":{"line":40,"column":23}},"loc":{"start":{"line":40,"column":62},"end":{"line":42,"column":1}}}},"branchMap":{"0":{"loc":{"start":{"line":4,"column":2},"end":{"line":4,"column":36}},"type":"if","locations":[{"start":{"line":4,"column":2},"end":{"line":4,"column":36}}]},"1":{"loc":{"start":{"line":10,"column":2},"end":{"line":12,"column":3}},"type":"if","locations":[{"start":{"line":10,"column":2},"end":{"line":12,"column":3}}]},"2":{"loc":{"start":{"line":30,"column":42},"end":{"line":30,"column":54}},"type":"default-arg","locations":[{"start":{"line":30,"column":53},"end":{"line":30,"column":54}}]},"3":{"loc":{"start":{"line":31,"column":2},"end":{"line":31,"column":43}},"type":"if","locations":[{"start":{"line":31,"column":2},"end":{"line":31,"column":43}}]},"4":{"loc":{"start":{"line":34,"column":4},"end":{"line":34,"column":37}},"type":"if","locations":[{"start":{"line":34,"column":4},"end":{"line":34,"column":37}}]},"5":{"loc":{"start":{"line":41,"column":9},"end":{"line":41,"column":62}},"type":"cond-expr","locations":[{"start":{"line":41,"column":27},"end":{"line":41,"column":58}},{"start":{"line":41,"column":61},"end":{"line":41,"column":62}}]}},"s":{"0":2,"1":2,"2":2,"3":126,"4":0,"5":126,"6":126,"7":43,"8":1,"9":42,"10":281,"11":42,"12":323,"13":42,"14":68,"15":2,"16":66,"17":66,"18":66,"19":1200413,"20":200198,"21":66,"22":81},"f":{"0":126,"1":43,"2":281,"3":323,"4":68,"5":81},"b":{"0":[0],"1":[1],"2":[67],"3":[2],"4":[200198],"5":[79,2]}}
,"/Users/gia/Downloads/runner-lens/src/steps.ts": {"path":"/Users/gia/Downloads/runner-lens/src/steps.ts","statementMap":{"0":{"start":{"line":55,"column":0},"end":{"line":55,"column":7}},"1":{"start":{"line":98,"column":0},"end":{"line":98,"column":16}},"2":{"start":{"line":1,"column":0},"end":{"line":1,"column":38}},"3":{"start":{"line":2,"column":0},"end":{"line":2,"column":31}},"4":{"start":{"line":4,"column":0},"end":{"line":4,"column":34}},"5":{"start":{"line":32,"column":2},"end":{"line":52,"column":5}},"6":{"start":{"line":33,"column":19},"end":{"line":33,"column":31}},"7":{"start":{"line":34,"column":16},"end":{"line":47,"column":null}},"8":{"start":{"line":44,"column":19},"end":{"line":44,"column":21}},"9":{"start":{"line":45,"column":8},"end":{"line":45,"column":73}},"10":{"start":{"line":45,"column":44},"end":{"line":45,"column":69}},"11":{"start":{"line":46,"column":8},"end":{"line":46,"column":82}},"12":{"start":{"line":46,"column":28},"end":{"line":46,"column":80}},"13":{"start":{"line":49,"column":4},"end":{"line":49,"column":28}},"14":{"start":{"line":50,"column":4},"end":{"line":50,"column":78}},"15":{"start":{"line":50,"column":30},"end":{"line":50,"column":44}},"16":{"start":{"line":50,"column":45},"end":{"line":50,"column":74}},"17":{"start":{"line":51,"column":4},"end":{"line":51,"column":14}},"18":{"start":{"line":56,"column":16},"end":{"line":56,"column":45}},"19":{"start":{"line":57,"column":16},"end":{"line":57,"column":41}},"20":{"start":{"line":58,"column":16},"end":{"line":58,"column":38}},"21":{"start":{"line":59,"column":17},"end":{"line":59,"column":71}},"22":{"start":{"line":61,"column":2},"end":{"line":64,"column":3}},"23":{"start":{"line":62,"column":4},"end":{"line":62,"column":72}},"24":{"start":{"line":63,"column":4},"end":{"line":63,"column":14}},"25":{"start":{"line":66,"column":14},"end":{"line":66,"column":79}},"26":{"start":{"line":67,"column":14},"end":{"line":71,"column":4}},"27":{"start":{"line":73,"column":2},"end":{"line":76,"column":3}},"28":{"start":{"line":74,"column":4},"end":{"line":74,"column":133}},"29":{"start":{"line":75,"column":4},"end":{"line":75,"column":14}},"30":{"start":{"line":78,"column":15},"end":{"line":78,"column":35}},"31":{"start":{"line":79,"column":28},"end":{"line":79,"column":43}},"32":{"start":{"line":84,"column":4},"end":{"line":85,"column":48}},"33":{"start":{"line":84,"column":21},"end":{"line":84,"column":35}},"34":{"start":{"line":85,"column":21},"end":{"line":85,"column":47}},"35":{"start":{"line":86,"column":2},"end":{"line":89,"column":3}},"36":{"start":{"line":87,"column":4},"end":{"line":87,"column":105}},"37":{"start":{"line":87,"column":83},"end":{"line":87,"column":89}},"38":{"start":{"line":88,"column":4},"end":{"line":88,"column":14}},"39":{"start":{"line":91,"column":2},"end":{"line":91,"column":29}},"40":{"start":{"line":102,"column":2},"end":{"line":102,"column":60}},"41":{"start":{"line":102,"column":50},"end":{"line":102,"column":60}},"42":{"start":{"line":104,"column":17},"end":{"line":104,"column":46}},"43":{"start":{"line":106,"column":2},"end":{"line":146,"column":7}},"44":{"start":{"line":107,"column":19},"end":{"line":107,"column":31}},"45":{"start":{"line":109,"column":23},"end":{"line":109,"column":78}},"46":{"start":{"line":110,"column":21},"end":{"line":112,"column":16}},"47":{"start":{"line":114,"column":21},"end":{"line":115,"column":null}},"48":{"start":{"line":115,"column":15},"end":{"line":115,"column":63}},"49":{"start":{"line":118,"column":23},"end":{"line":118,"column":53}},"50":{"start":{"line":120,"column":6},"end":{"line":131,"column":7}},"51":{"start":{"line":121,"column":8},"end":{"line":130,"column":10}},"52":{"start":{"line":133,"column":22},"end":{"line":133,"column":52}},"53":{"start":{"line":133,"column":40},"end":{"line":133,"column":51}},"54":{"start":{"line":134,"column":22},"end":{"line":134,"column":57}},"55":{"start":{"line":134,"column":40},"end":{"line":134,"column":56}},"56":{"start":{"line":136,"column":6},"end":{"line":145,"column":8}},"57":{"start":{"line":140,"column":42},"end":{"line":140,"column":47}},"58":{"start":{"line":142,"column":45},"end":{"line":142,"column":50}}},"fnMap":{"0":{"name":"httpGet","decl":{"start":{"line":28,"column":9},"end":{"line":28,"column":16}},"loc":{"start":{"line":30,"column":33},"end":{"line":53,"column":1}}},"1":{"name":"(anonymous_10)","decl":{"start":{"line":32,"column":21},"end":{"line":32,"column":22}},"loc":{"start":{"line":32,"column":41},"end":{"line":52,"column":3}}},"2":{"name":"(anonymous_11)","decl":{"start":{"line":43,"column":6},"end":{"line":43,"column":7}},"loc":{"start":{"line":43,"column":14},"end":{"line":47,"column":7}}},"3":{"name":"(anonymous_12)","decl":{"start":{"line":45,"column":23},"end":{"line":45,"column":24}},"loc":{"start":{"line":45,"column":41},"end":{"line":45,"column":71}}},"4":{"name":"(anonymous_13)","decl":{"start":{"line":46,"column":22},"end":{"line":46,"column":25}},"loc":{"start":{"line":46,"column":28},"end":{"line":46,"column":80}}},"5":{"name":"(anonymous_14)","decl":{"start":{"line":50,"column":22},"end":{"line":50,"column":25}},"loc":{"start":{"line":50,"column":27},"end":{"line":50,"column":76}}},"6":{"name":"fetchSteps","decl":{"start":{"line":55,"column":22},"end":{"line":55,"column":32}},"loc":{"start":{"line":55,"column":46},"end":{"line":92,"column":1}}},"7":{"name":"(anonymous_16)","decl":{"start":{"line":84,"column":14},"end":{"line":84,"column":15}},"loc":{"start":{"line":84,"column":21},"end":{"line":84,"column":35}}},"8":{"name":"(anonymous_17)","decl":{"start":{"line":85,"column":14},"end":{"line":85,"column":15}},"loc":{"start":{"line":85,"column":21},"end":{"line":85,"column":47}}},"9":{"name":"(anonymous_18)","decl":{"start":{"line":87,"column":76},"end":{"line":87,"column":77}},"loc":{"start":{"line":87,"column":83},"end":{"line":87,"column":89}}},"10":{"name":"correlateSteps","decl":{"start":{"line":98,"column":16},"end":{"line":98,"column":30}},"loc":{"start":{"line":100,"column":25},"end":{"line":147,"column":1}}},"11":{"name":"(anonymous_20)","decl":{"start":{"line":107,"column":12},"end":{"line":107,"column":13}},"loc":{"start":{"line":107,"column":19},"end":{"line":107,"column":31}}},"12":{"name":"(anonymous_21)","decl":{"start":{"line":108,"column":9},"end":{"line":108,"column":10}},"loc":{"start":{"line":108,"column":18},"end":{"line":146,"column":5}}},"13":{"name":"(anonymous_22)","decl":{"start":{"line":115,"column":8},"end":{"line":115,"column":9}},"loc":{"start":{"line":115,"column":15},"end":{"line":115,"column":63}}},"14":{"name":"(anonymous_23)","decl":{"start":{"line":133,"column":33},"end":{"line":133,"column":34}},"loc":{"start":{"line":133,"column":40},"end":{"line":133,"column":51}}},"15":{"name":"(anonymous_24)","decl":{"start":{"line":134,"column":33},"end":{"line":134,"column":34}},"loc":{"start":{"line":134,"column":40},"end":{"line":134,"column":56}}},"16":{"name":"(anonymous_25)","decl":{"start":{"line":140,"column":32},"end":{"line":140,"column":33}},"loc":{"start":{"line":140,"column":42},"end":{"line":140,"column":47}}},"17":{"name":"(anonymous_26)","decl":{"start":{"line":142,"column":35},"end":{"line":142,"column":36}},"loc":{"start":{"line":142,"column":45},"end":{"line":142,"column":50}}}},"branchMap":{"0":{"loc":{"start":{"line":37,"column":14},"end":{"line":37,"column":32}},"type":"binary-expr","locations":[{"start":{"line":37,"column":14},"end":{"line":37,"column":25}},{"start":{"line":37,"column":29},"end":{"line":37,"column":32}}]},"1":{"loc":{"start":{"line":46,"column":46},"end":{"line":46,"column":65}},"type":"binary-expr","locations":[{"start":{"line":46,"column":46},"end":{"line":46,"column":60}},{"start":{"line":46,"column":64},"end":{"line":46,"column":65}}]},"2":{"loc":{"start":{"line":59,"column":17},"end":{"line":59,"column":71}},"type":"binary-expr","locations":[{"start":{"line":59,"column":17},"end":{"line":59,"column":43}},{"start":{"line":59,"column":47},"end":{"line":59,"column":71}}]},"3":{"loc":{"start":{"line":61,"column":2},"end":{"line":64,"column":3}},"type":"if","locations":[{"start":{"line":61,"column":2},"end":{"line":64,"column":3}}]},"4":{"loc":{"start":{"line":61,"column":6},"end":{"line":61,"column":29}},"type":"binary-expr","locations":[{"start":{"line":61,"column":6},"end":{"line":61,"column":11}},{"start":{"line":61,"column":15},"end":{"line":61,"column":21}},{"start":{"line":61,"column":25},"end":{"line":61,"column":29}}]},"5":{"loc":{"start":{"line":73,"column":2},"end":{"line":76,"column":3}},"type":"if","locations":[{"start":{"line":73,"column":2},"end":{"line":76,"column":3}}]},"6":{"loc":{"start":{"line":79,"column":28},"end":{"line":79,"column":43}},"type":"binary-expr","locations":[{"start":{"line":79,"column":28},"end":{"line":79,"column":37}},{"start":{"line":79,"column":41},"end":{"line":79,"column":43}}]},"7":{"loc":{"start":{"line":84,"column":4},"end":{"line":85,"column":48}},"type":"binary-expr","locations":[{"start":{"line":84,"column":4},"end":{"line":84,"column":36}},{"start":{"line":85,"column":4},"end":{"line":85,"column":48}}]},"8":{"loc":{"start":{"line":86,"column":2},"end":{"line":89,"column":3}},"type":"if","locations":[{"start":{"line":86,"column":2},"end":{"line":89,"column":3}}]},"9":{"loc":{"start":{"line":91,"column":9},"end":{"line":91,"column":28}},"type":"binary-expr","locations":[{"start":{"line":91,"column":9},"end":{"line":91,"column":22}},{"start":{"line":91,"column":26},"end":{"line":91,"column":28}}]},"10":{"loc":{"start":{"line":102,"column":2},"end":{"line":102,"column":60}},"type":"if","locations":[{"start":{"line":102,"column":2},"end":{"line":102,"column":60}}]},"11":{"loc":{"start":{"line":102,"column":6},"end":{"line":102,"column":48}},"type":"binary-expr","locations":[{"start":{"line":102,"column":6},"end":{"line":102,"column":24}},{"start":{"line":102,"column":28},"end":{"line":102,"column":48}}]},"12":{"loc":{"start":{"line":110,"column":21},"end":{"line":112,"column":16}},"type":"cond-expr","locations":[{"start":{"line":111,"column":10},"end":{"line":111,"column":66}},{"start":{"line":112,"column":10},"end":{"line":112,"column":16}}]},"13":{"loc":{"start":{"line":115,"column":15},"end":{"line":115,"column":63}},"type":"binary-expr","locations":[{"start":{"line":115,"column":15},"end":{"line":115,"column":38}},{"start":{"line":115,"column":42},"end":{"line":115,"column":63}}]},"14":{"loc":{"start":{"line":120,"column":6},"end":{"line":131,"column":7}},"type":"if","locations":[{"start":{"line":120,"column":6},"end":{"line":131,"column":7}}]}},"s":{"0":1,"1":1,"2":1,"3":1,"4":1,"5":0,"6":0,"7":0,"8":0,"9":0,"10":0,"11":0,"12":0,"13":0,"14":0,"15":0,"16":0,"17":0,"18":1,"19":1,"20":1,"21":1,"22":1,"23":1,"24":1,"25":0,"26":0,"27":0,"28":0,"29":0,"30":0,"31":0,"32":0,"33":0,"34":0,"35":0,"36":0,"37":0,"38":0,"39":0,"40":4,"41":2,"42":2,"43":2,"44":3,"45":3,"46":3,"47":3,"48":11,"49":3,"50":3,"51":1,"52":2,"53":5,"54":2,"55":5,"56":2,"57":5,"58":5},"f":{"0":0,"1":0,"2":0,"3":0,"4":0,"5":0,"6":1,"7":0,"8":0,"9":0,"10":4,"11":3,"12":3,"13":11,"14":5,"15":5,"16":5,"17":5},"b":{"0":[0,0],"1":[0,0],"2":[1,1],"3":[1],"4":[1,0,0],"5":[0],"6":[0,0],"7":[0,0],"8":[0],"9":[0,0],"10":[2],"11":[4,3],"12":[3,0],"13":[11,8],"14":[1]}}
,"/Users/gia/Downloads/runner-lens/src/summary.ts": {"path":"/Users/gia/Downloads/runner-lens/src/summary.ts","statementMap":{"0":{"start":{"line":26,"column":0},"end":{"line":26,"column":7}},"1":{"start":{"line":115,"column":0},"end":{"line":115,"column":16}},"2":{"start":{"line":167,"column":0},"end":{"line":167,"column":16}},"3":{"start":{"line":258,"column":0},"end":{"line":258,"column":16}},"4":{"start":{"line":271,"column":0},"end":{"line":271,"column":7}},"5":{"start":{"line":5,"column":0},"end":{"line":5,"column":38}},"6":{"start":{"line":6,"column":0},"end":{"line":6,"column":25}},"7":{"start":{"line":7,"column":0},"end":{"line":7,"column":29}},"8":{"start":{"line":8,"column":0},"end":{"line":8,"column":58}},"9":{"start":{"line":10,"column":0},"end":{"line":10,"column":34}},"10":{"start":{"line":11,"column":0},"end":{"line":11,"column":39}},"11":{"start":{"line":12,"column":0},"end":{"line":12,"column":null}},"12":{"start":{"line":16,"column":0},"end":{"line":16,"column":88}},"13":{"start":{"line":17,"column":0},"end":{"line":17,"column":47}},"14":{"start":{"line":18,"column":0},"end":{"line":18,"column":45}},"15":{"start":{"line":24,"column":24},"end":{"line":24,"column":38}},"16":{"start":{"line":27,"column":19},"end":{"line":27,"column":46}},"17":{"start":{"line":29,"column":24},"end":{"line":29,"column":70}},"18":{"start":{"line":30,"column":19},"end":{"line":30,"column":78}},"19":{"start":{"line":30,"column":43},"end":{"line":30,"column":77}},"20":{"start":{"line":32,"column":2},"end":{"line":32,"column":39}},"21":{"start":{"line":32,"column":29},"end":{"line":32,"column":39}},"22":{"start":{"line":34,"column":28},"end":{"line":34,"column":30}},"23":{"start":{"line":35,"column":2},"end":{"line":51,"column":3}},"24":{"start":{"line":36,"column":4},"end":{"line":50,"column":5}},"25":{"start":{"line":37,"column":31},"end":{"line":37,"column":70}},"26":{"start":{"line":38,"column":6},"end":{"line":38,"column":34}},"27":{"start":{"line":38,"column":25},"end":{"line":38,"column":34}},"28":{"start":{"line":40,"column":25},"end":{"line":40,"column":63}},"29":{"start":{"line":41,"column":6},"end":{"line":41,"column":47}},"30":{"start":{"line":41,"column":38},"end":{"line":41,"column":47}},"31":{"start":{"line":43,"column":39},"end":{"line":44,"column":null}},"32":{"start":{"line":46,"column":22},"end":{"line":46,"column":60}},"33":{"start":{"line":47,"column":6},"end":{"line":47,"column":37}},"34":{"start":{"line":49,"column":6},"end":{"line":49,"column":83}},"35":{"start":{"line":53,"column":2},"end":{"line":53,"column":58}},"36":{"start":{"line":53,"column":22},"end":{"line":53,"column":56}},"37":{"start":{"line":54,"column":2},"end":{"line":54,"column":14}},"38":{"start":{"line":62,"column":24},"end":{"line":62,"column":79}},"39":{"start":{"line":62,"column":46},"end":{"line":62,"column":75}},"40":{"start":{"line":63,"column":23},"end":{"line":63,"column":74}},"41":{"start":{"line":63,"column":45},"end":{"line":63,"column":70}},"42":{"start":{"line":64,"column":14},"end":{"line":64,"column":35}},"43":{"start":{"line":66,"column":25},"end":{"line":68,"column":7}},"44":{"start":{"line":67,"column":28},"end":{"line":67,"column":72}},"45":{"start":{"line":69,"column":25},"end":{"line":71,"column":7}},"46":{"start":{"line":70,"column":28},"end":{"line":70,"column":75}},"47":{"start":{"line":72,"column":18},"end":{"line":72,"column":64}},"48":{"start":{"line":72,"column":46},"end":{"line":72,"column":62}},"49":{"start":{"line":73,"column":18},"end":{"line":73,"column":67}},"50":{"start":{"line":73,"column":46},"end":{"line":73,"column":65}},"51":{"start":{"line":74,"column":18},"end":{"line":74,"column":37}},"52":{"start":{"line":75,"column":20},"end":{"line":75,"column":52}},"53":{"start":{"line":76,"column":21},"end":{"line":76,"column":46}},"54":{"start":{"line":77,"column":19},"end":{"line":77,"column":70}},"55":{"start":{"line":79,"column":2},"end":{"line":83,"column":4}},"56":{"start":{"line":92,"column":2},"end":{"line":94,"column":4}},"57":{"start":{"line":93,"column":4},"end":{"line":93,"column":85}},"58":{"start":{"line":98,"column":19},"end":{"line":98,"column":80}},"59":{"start":{"line":98,"column":36},"end":{"line":98,"column":79}},"60":{"start":{"line":99,"column":2},"end":{"line":99,"column":27}},"61":{"start":{"line":99,"column":17},"end":{"line":99,"column":27}},"62":{"start":{"line":100,"column":24},"end":{"line":100,"column":93}},"63":{"start":{"line":100,"column":52},"end":{"line":100,"column":91}},"64":{"start":{"line":101,"column":95},"end":{"line":101,"column":97}},"65":{"start":{"line":102,"column":2},"end":{"line":110,"column":3}},"66":{"start":{"line":103,"column":4},"end":{"line":103,"column":34}},"67":{"start":{"line":103,"column":25},"end":{"line":103,"column":34}},"68":{"start":{"line":104,"column":22},"end":{"line":104,"column":86}},"69":{"start":{"line":105,"column":17},"end":{"line":105,"column":18}},"70":{"start":{"line":106,"column":4},"end":{"line":109,"column":5}},"71":{"start":{"line":107,"column":6},"end":{"line":107,"column":116}},"72":{"start":{"line":108,"column":6},"end":{"line":108,"column":35}},"73":{"start":{"line":111,"column":2},"end":{"line":111,"column":17}},"74":{"start":{"line":116,"column":41},"end":{"line":116,"column":43}},"75":{"start":{"line":117,"column":12},"end":{"line":117,"column":32}},"76":{"start":{"line":118,"column":17},"end":{"line":118,"column":33}},"77":{"start":{"line":121,"column":2},"end":{"line":126,"column":24}},"78":{"start":{"line":129,"column":41},"end":{"line":131,"column":133}},"79":{"start":{"line":130,"column":17},"end":{"line":130,"column":34}},"80":{"start":{"line":131,"column":15},"end":{"line":131,"column":131}},"81":{"start":{"line":133,"column":2},"end":{"line":139,"column":3}},"82":{"start":{"line":134,"column":16},"end":{"line":137,"column":6}},"83":{"start":{"line":136,"column":22},"end":{"line":136,"column":40}},"84":{"start":{"line":138,"column":4},"end":{"line":138,"column":66}},"85":{"start":{"line":138,"column":13},"end":{"line":138,"column":66}},"86":{"start":{"line":142,"column":41},"end":{"line":144,"column":132}},"87":{"start":{"line":143,"column":17},"end":{"line":143,"column":34}},"88":{"start":{"line":144,"column":15},"end":{"line":144,"column":130}},"89":{"start":{"line":146,"column":2},"end":{"line":152,"column":3}},"90":{"start":{"line":147,"column":16},"end":{"line":150,"column":6}},"91":{"start":{"line":149,"column":22},"end":{"line":149,"column":51}},"92":{"start":{"line":151,"column":4},"end":{"line":151,"column":69}},"93":{"start":{"line":151,"column":13},"end":{"line":151,"column":69}},"94":{"start":{"line":155,"column":18},"end":{"line":155,"column":45}},"95":{"start":{"line":156,"column":2},"end":{"line":161,"column":3}},"96":{"start":{"line":157,"column":16},"end":{"line":159,"column":8}},"97":{"start":{"line":157,"column":49},"end":{"line":159,"column":6}},"98":{"start":{"line":160,"column":4},"end":{"line":160,"column":69}},"99":{"start":{"line":160,"column":13},"end":{"line":160,"column":69}},"100":{"start":{"line":163,"column":2},"end":{"line":163,"column":16}},"101":{"start":{"line":168,"column":39},"end":{"line":168,"column":41}},"102":{"start":{"line":169,"column":12},"end":{"line":169,"column":32}},"103":{"start":{"line":170,"column":17},"end":{"line":170,"column":33}},"104":{"start":{"line":173,"column":2},"end":{"line":183,"column":5}},"105":{"start":{"line":186,"column":20},"end":{"line":186,"column":98}},"106":{"start":{"line":186,"column":39},"end":{"line":186,"column":56}},"107":{"start":{"line":186,"column":71},"end":{"line":186,"column":97}},"108":{"start":{"line":187,"column":2},"end":{"line":192,"column":3}},"109":{"start":{"line":188,"column":4},"end":{"line":191,"column":7}},"110":{"start":{"line":195,"column":20},"end":{"line":195,"column":97}},"111":{"start":{"line":195,"column":39},"end":{"line":195,"column":56}},"112":{"start":{"line":195,"column":71},"end":{"line":195,"column":96}},"113":{"start":{"line":196,"column":2},"end":{"line":201,"column":3}},"114":{"start":{"line":197,"column":4},"end":{"line":200,"column":7}},"115":{"start":{"line":204,"column":18},"end":{"line":204,"column":45}},"116":{"start":{"line":205,"column":2},"end":{"line":207,"column":3}},"117":{"start":{"line":206,"column":4},"end":{"line":206,"column":51}},"118":{"start":{"line":209,"column":2},"end":{"line":209,"column":14}},"119":{"start":{"line":217,"column":22},"end":{"line":217,"column":24}},"120":{"start":{"line":219,"column":2},"end":{"line":219,"column":50}},"121":{"start":{"line":221,"column":2},"end":{"line":223,"column":3}},"122":{"start":{"line":222,"column":4},"end":{"line":222,"column":70}},"123":{"start":{"line":225,"column":2},"end":{"line":228,"column":3}},"124":{"start":{"line":226,"column":4},"end":{"line":226,"column":30}},"125":{"start":{"line":227,"column":4},"end":{"line":227,"column":70}},"126":{"start":{"line":230,"column":2},"end":{"line":233,"column":3}},"127":{"start":{"line":231,"column":4},"end":{"line":231,"column":33}},"128":{"start":{"line":232,"column":4},"end":{"line":232,"column":73}},"129":{"start":{"line":235,"column":2},"end":{"line":238,"column":3}},"130":{"start":{"line":236,"column":4},"end":{"line":236,"column":39}},"131":{"start":{"line":237,"column":4},"end":{"line":237,"column":73}},"132":{"start":{"line":240,"column":2},"end":{"line":240,"column":16}},"133":{"start":{"line":241,"column":2},"end":{"line":244,"column":4}},"134":{"start":{"line":246,"column":2},"end":{"line":246,"column":22}},"135":{"start":{"line":263,"column":23},"end":{"line":263,"column":57}},"136":{"start":{"line":264,"column":2},"end":{"line":264,"column":50}},"137":{"start":{"line":272,"column":2},"end":{"line":272,"column":68}},"138":{"start":{"line":274,"column":15},"end":{"line":274,"column":41}},"139":{"start":{"line":276,"column":2},"end":{"line":282,"column":3}},"140":{"start":{"line":277,"column":4},"end":{"line":280,"column":6}},"141":{"start":{"line":281,"column":4},"end":{"line":281,"column":11}},"142":{"start":{"line":284,"column":2},"end":{"line":284,"column":104}},"143":{"start":{"line":284,"column":79},"end":{"line":284,"column":88}},"144":{"start":{"line":287,"column":15},"end":{"line":287,"column":41}},"145":{"start":{"line":288,"column":2},"end":{"line":290,"column":3}},"146":{"start":{"line":289,"column":4},"end":{"line":289,"column":52}},"147":{"start":{"line":291,"column":13},"end":{"line":291,"column":49}},"148":{"start":{"line":292,"column":2},"end":{"line":292,"column":40}},"149":{"start":{"line":293,"column":2},"end":{"line":293,"column":67}},"150":{"start":{"line":296,"column":24},"end":{"line":296,"column":79}},"151":{"start":{"line":296,"column":46},"end":{"line":296,"column":75}},"152":{"start":{"line":297,"column":17},"end":{"line":297,"column":63}},"153":{"start":{"line":297,"column":45},"end":{"line":297,"column":61}},"154":{"start":{"line":298,"column":23},"end":{"line":298,"column":74}},"155":{"start":{"line":298,"column":45},"end":{"line":298,"column":70}},"156":{"start":{"line":300,"column":2},"end":{"line":300,"column":63}},"157":{"start":{"line":301,"column":2},"end":{"line":301,"column":47}},"158":{"start":{"line":302,"column":2},"end":{"line":302,"column":53}}},"fnMap":{"0":{"name":"downloadJobReports","decl":{"start":{"line":26,"column":22},"end":{"line":26,"column":40}},"loc":{"start":{"line":26,"column":40},"end":{"line":55,"column":1}}},"1":{"name":"(anonymous_10)","decl":{"start":{"line":30,"column":36},"end":{"line":30,"column":37}},"loc":{"start":{"line":30,"column":43},"end":{"line":30,"column":77}}},"2":{"name":"(anonymous_11)","decl":{"start":{"line":53,"column":12},"end":{"line":53,"column":13}},"loc":{"start":{"line":53,"column":22},"end":{"line":53,"column":56}}},"3":{"name":"aggregateStats","decl":{"start":{"line":61,"column":9},"end":{"line":61,"column":23}},"loc":{"start":{"line":61,"column":41},"end":{"line":84,"column":1}}},"4":{"name":"(anonymous_13)","decl":{"start":{"line":62,"column":36},"end":{"line":62,"column":37}},"loc":{"start":{"line":62,"column":46},"end":{"line":62,"column":75}}},"5":{"name":"(anonymous_14)","decl":{"start":{"line":63,"column":35},"end":{"line":63,"column":36}},"loc":{"start":{"line":63,"column":45},"end":{"line":63,"column":70}}},"6":{"name":"(anonymous_15)","decl":{"start":{"line":67,"column":18},"end":{"line":67,"column":19}},"loc":{"start":{"line":67,"column":28},"end":{"line":67,"column":72}}},"7":{"name":"(anonymous_16)","decl":{"start":{"line":70,"column":18},"end":{"line":70,"column":19}},"loc":{"start":{"line":70,"column":28},"end":{"line":70,"column":75}}},"8":{"name":"(anonymous_17)","decl":{"start":{"line":72,"column":39},"end":{"line":72,"column":40}},"loc":{"start":{"line":72,"column":46},"end":{"line":72,"column":62}}},"9":{"name":"(anonymous_18)","decl":{"start":{"line":73,"column":39},"end":{"line":73,"column":40}},"loc":{"start":{"line":73,"column":46},"end":{"line":73,"column":65}}},"10":{"name":"sortedJobs","decl":{"start":{"line":91,"column":9},"end":{"line":91,"column":19}},"loc":{"start":{"line":91,"column":37},"end":{"line":95,"column":1}}},"11":{"name":"(anonymous_20)","decl":{"start":{"line":92,"column":24},"end":{"line":92,"column":25}},"loc":{"start":{"line":93,"column":4},"end":{"line":93,"column":85}}},"12":{"name":"buildWaterfallSteps","decl":{"start":{"line":97,"column":9},"end":{"line":97,"column":28}},"loc":{"start":{"line":97,"column":48},"end":{"line":112,"column":1}}},"13":{"name":"(anonymous_22)","decl":{"start":{"line":98,"column":31},"end":{"line":98,"column":32}},"loc":{"start":{"line":98,"column":36},"end":{"line":98,"column":79}}},"14":{"name":"(anonymous_23)","decl":{"start":{"line":100,"column":47},"end":{"line":100,"column":48}},"loc":{"start":{"line":100,"column":52},"end":{"line"
[...]
olumn":19},"end":{"line":572,"column":31}},{"start":{"line":572,"column":36},"end":{"line":572,"column":63}}]},"65":{"loc":{"start":{"line":579,"column":2},"end":{"line":599,"column":3}},"type":"if","locations":[{"start":{"line":579,"column":2},"end":{"line":599,"column":3}},{"start":{"line":594,"column":9},"end":{"line":599,"column":3}}]},"66":{"loc":{"start":{"line":655,"column":4},"end":{"line":660,"column":5}},"type":"if","locations":[{"start":{"line":655,"column":4},"end":{"line":660,"column":5}}]},"67":{"loc":{"start":{"line":665,"column":17},"end":{"line":665,"column":113}},"type":"cond-expr","locations":[{"start":{"line":665,"column":50},"end":{"line":665,"column":92}},{"start":{"line":665,"column":95},"end":{"line":665,"column":113}}]},"68":{"loc":{"start":{"line":667,"column":48},"end":{"line":667,"column":70}},"type":"cond-expr","locations":[{"start":{"line":667,"column":64},"end":{"line":667,"column":66}},{"start":{"line":667,"column":69},"end":{"line":667,"column":70}}]},"69":{"loc":{"start":{"line":672,"column":2},"end":{"line":690,"column":3}},"type":"if","locations":[{"start":{"line":672,"column":2},"end":{"line":690,"column":3}}]},"70":{"loc":{"start":{"line":683,"column":6},"end":{"line":688,"column":7}},"type":"if","locations":[{"start":{"line":683,"column":6},"end":{"line":688,"column":7}}]},"71":{"loc":{"start":{"line":701,"column":18},"end":{"line":703,"column":8}},"type":"cond-expr","locations":[{"start":{"line":702,"column":6},"end":{"line":702,"column":102}},{"start":{"line":703,"column":6},"end":{"line":703,"column":8}}]},"72":{"loc":{"start":{"line":704,"column":16},"end":{"line":706,"column":8}},"type":"cond-expr","locations":[{"start":{"line":705,"column":6},"end":{"line":705,"column":139}},{"start":{"line":706,"column":6},"end":{"line":706,"column":8}}]}},"s":{"0":3,"1":3,"2":3,"3":3,"4":3,"5":3,"6":3,"7":3,"8":3,"9":70,"10":1478,"11":3,"12":70,"13":70,"14":70,"15":70,"16":70,"17":70,"18":23,"19":23,"20":114,"21":102,"22":93,"23":9,"24":9,"25":9,"26":9,"27":564,"28":564,"29":564,"30":564,"31":564,"32":9,"33":42,"34":0,"35":42,"36":42,"37":42,"38":1060,"39":42,"40":41,"41":0,"42":41,"43":0,"44":41,"45":41,"46":41,"47":1620,"48":1620,"49":1620,"50":1620,"51":1620,"52":1620,"53":41,"54":937,"55":66,"56":66,"57":66,"58":66,"59":13,"60":2,"61":11,"62":11,"63":11,"64":11,"65":11,"66":11,"67":11,"68":11,"69":11,"70":21,"71":21,"72":551,"73":21,"74":0,"75":21,"76":21,"77":11,"78":11,"79":11,"80":11,"81":55,"82":55,"83":55,"84":11,"85":11,"86":11,"87":11,"88":11,"89":11,"90":11,"91":11,"92":10,"93":1,"94":9,"95":9,"96":9,"97":9,"98":9,"99":9,"100":9,"101":9,"102":9,"103":9,"104":14,"105":9,"106":9,"107":9,"108":9,"109":9,"110":14,"111":14,"112":14,"113":14,"114":14,"115":14,"116":14,"117":14,"118":9,"119":39,"120":1,"121":38,"122":38,"123":38,"124":38,"125":38,"126":38,"127":38,"128":38,"129":38,"130":38,"131":139,"132":139,"133":139,"134":139,"135":139,"136":139,"137":139,"138":139,"139":139,"140":129,"141":38,"142":16,"143":1,"144":15,"145":15,"146":15,"147":15,"148":15,"149":15,"150":15,"151":15,"152":15,"153":15,"154":15,"155":15,"156":15,"157":24,"158":15,"159":15,"160":15,"161":15,"162":24,"163":24,"164":15,"165":15,"166":15,"167":15,"168":15,"169":15,"170":24,"171":24,"172":20,"173":20,"174":4,"175":15,"176":79,"177":79,"178":79,"179":115,"180":16,"181":99,"182":20,"183":79,"184":79,"185":79,"186":15,"187":15,"188":15,"189":15,"190":1,"191":15,"192":15,"193":20,"194":20,"195":20,"196":20,"197":20,"198":5,"199":20,"200":20,"201":20,"202":20,"203":20,"204":5,"205":5,"206":15,"207":15,"208":24,"209":24,"210":24,"211":24,"212":24,"213":24,"214":24,"215":5,"216":24,"217":24,"218":24,"219":24,"220":24,"221":15,"222":43,"223":59,"224":43,"225":2,"226":41,"227":55,"228":41,"229":41,"230":41,"231":41,"232":41,"233":41,"234":41,"235":41,"236":41,"237":41,"238":41,"239":0,"240":41,"241":41,"242":26,"243":40,"244":40,"245":40,"246":26,"247":40,"248":26,"249":26,"250":26,"251":26,"252":40,"253":40,"254":40,"255":40,"256":15,"257":15,"258":15,"259":15,"260":18,"261":18,"262":41,"263":41,"264":41,"265":99,"266":41,"267":1661,"268":41,"269":41,"270":41,"271":41,"272":41,"273":41,"274":41,"275":41,"276":205,"277":205,"278":205,"279":205,"280":205,"281":41,"282":41,"283":41,"284":41,"285":58,"286":58,"287":58,"288":17,"289":17,"290":58,"291":58,"292":58,"293":58,"294":41,"295":26,"296":26,"297":26,"298":26,"299":14,"300":14,"301":14,"302":41,"303":41,"304":41,"305":41,"306":41,"307":41},"f":{"0":70,"1":1478,"2":70,"3":70,"4":23,"5":114,"6":102,"7":42,"8":41,"9":937,"10":66,"11":13,"12":21,"13":551,"14":21,"15":10,"16":14,"17":9,"18":39,"19":16,"20":24,"21":79,"22":43,"23":59,"24":55,"25":0,"26":40,"27":40,"28":99,"29":1661},"b":{"0":[1478,0],"1":[23],"2":[93],"3":[0],"4":[0],"5":[0],"6":[9],"7":[2],"8":[13,2],"9":[11,11],"10":[11,11],"11":[11,11],"12":[0],"13":[11,0],"14":[10,1],"15":[4,7],"16":[4,7],"17":[10,1],"18":[11,0],"19":[7],"20":[1],"21":[9,9],"22":[9,9],"23":[9,6],"24":[2,12],"25":[39],"26":[1],"27":[38,38],"28":[131,8],"29":[0,139],"30":[32,107],"31":[129],"32":[14],"33":[1],"34":[15,15],"35":[15,15],"36":[1,14],"37":[15,14],"38":[24,5],"39":[15],"40":[24,19],"41":[24,5],"42":[20,4],"43":[20,5],"44":[16],"45":[20],"46":[99,20],"47":[1],"48":[5],"49":[0,20],"50":[5],"51":[19,5],"52":[19,0],"53":[5],"54":[24,19],"55":[1,23],"56":[2],"57":[55,40],"58":[41,41],"59":[26,15],"60":[41,41],"61":[26,15],"62":[41,41],"63":[41,0],"64":[41,0],"65":[26,15],"66":[17],"67":[1,57],"68":[40,18],"69":[26],"70":[14],"71":[41,0],"72":[41,0]}}
,"/Users/gia/Downloads/runner-lens/src/svg-upload.ts": {"path":"/Users/gia/Downloads/runner-lens/src/svg-upload.ts","statementMap":{"0":{"start":{"line":107,"column":0},"end":{"line":107,"column":7}},"1":{"start":{"line":10,"column":0},"end":{"line":10,"column":38}},"2":{"start":{"line":12,"column":15},"end":{"line":12,"column":35}},"3":{"start":{"line":22,"column":17},"end":{"line":22,"column":71}},"4":{"start":{"line":23,"column":15},"end":{"line":23,"column":44}},"5":{"start":{"line":24,"column":2},"end":{"line":24,"column":58}},"6":{"start":{"line":24,"column":13},"end":{"line":24,"column":58}},"7":{"start":{"line":26,"column":14},"end":{"line":26,"column":50}},"8":{"start":{"line":27,"column":14},"end":{"line":36,"column":4}},"9":{"start":{"line":38,"column":18},"end":{"line":38,"column":22}},"10":{"start":{"line":40,"column":2},"end":{"line":47,"column":3}},"11":{"start":{"line":41,"column":4},"end":{"line":41,"column":28}},"12":{"start":{"line":42,"column":4},"end":{"line":44,"column":5}},"13":{"start":{"line":43,"column":6},"end":{"line":43,"column":54}},"14":{"start":{"line":46,"column":4},"end":{"line":46,"column":48}},"15":{"start":{"line":46,"column":17},"end":{"line":46,"column":48}},"16":{"start":{"line":48,"column":2},"end":{"line":48,"column":59}},"17":{"start":{"line":57,"column":14},"end":{"line":57,"column":67}},"18":{"start":{"line":58,"column":2},"end":{"line":58,"column":41}},"19":{"start":{"line":58,"column":14},"end":{"line":58,"column":41}},"20":{"start":{"line":59,"column":2},"end":{"line":59,"column":14}},"21":{"start":{"line":67,"column":17},"end":{"line":70,"column":4}},"22":{"start":{"line":72,"column":2},"end":{"line":72,"column":44}},"23":{"start":{"line":92,"column":18},"end":{"line":94,"column":32}},"24":{"start":{"line":96,"column":39},"end":{"line":96,"column":41}},"25":{"start":{"line":97,"column":2},"end":{"line":99,"column":3}},"26":{"start":{"line":98,"column":4},"end":{"line":98,"column":65}},"27":{"start":{"line":100,"column":2},"end":{"line":100,"column":14}},"28":{"start":{"line":111,"column":18},"end":{"line":111,"column":40}},"29":{"start":{"line":112,"column":2},"end":{"line":112,"column":48}},"30":{"start":{"line":112,"column":38},"end":{"line":112,"column":48}},"31":{"start":{"line":114,"column":15},"end":{"line":114,"column":44}},"32":{"start":{"line":115,"column":16},"end":{"line":115,"column":41}},"33":{"start":{"line":116,"column":18},"end":{"line":116,"column":49}},"34":{"start":{"line":117,"column":2},"end":{"line":117,"column":33}},"35":{"start":{"line":117,"column":23},"end":{"line":117,"column":33}},"36":{"start":{"line":119,"column":17},"end":{"line":119,"column":43}},"37":{"start":{"line":120,"column":20},"end":{"line":120,"column":73}},"38":{"start":{"line":122,"column":2},"end":{"line":220,"column":3}},"39":{"start":{"line":124,"column":24},"end":{"line":130,"column":null}},"40":{"start":{"line":126,"column":8},"end":{"line":129,"column":10}},"41":{"start":{"line":132,"column":4},"end":{"line":134,"column":5}},"42":{"start":{"line":133,"column":6},"end":{"line":133,"column":85}},"43":{"start":{"line":133,"column":17},"end":{"line":133,"column":85}},"44":{"start":{"line":136,"column":22},"end":{"line":141,"column":7}},"45":{"start":{"line":136,"column":50},"end":{"line":141,"column":6}},"46":{"start":{"line":144,"column":4},"end":{"line":215,"column":5}},"47":{"start":{"line":144,"column":23},"end":{"line":144,"column":24}},"48":{"start":{"line":145,"column":21},"end":{"line":145,"column":46}},"49":{"start":{"line":148,"column":6},"end":{"line":164,"column":7}},"50":{"start":{"line":150,"column":26},"end":{"line":150,"column":77}},"51":{"start":{"line":151,"column":8},"end":{"line":151,"column":92}},"52":{"start":{"line":151,"column":27},"end":{"line":151,"column":92}},"53":{"start":{"line":153,"column":24},"end":{"line":156,"column":10}},"54":{"start":{"line":157,"column":8},"end":{"line":157,"column":105}},"55":{"start":{"line":157,"column":25},"end":{"line":157,"column":105}},"56":{"start":{"line":158,"column":8},"end":{"line":158,"column":35}},"57":{"start":{"line":161,"column":24},"end":{"line":161,"column":85}},"58":{"start":{"line":162,"column":8},"end":{"line":162,"column":105}},"59":{"start":{"line":162,"column":25},"end":{"line":162,"column":105}},"60":{"start":{"line":163,"column":8},"end":{"line":163,"column":35}},"61":{"start":{"line":166,"column":24},"end":{"line":170,"column":8}},"62":{"start":{"line":171,"column":6},"end":{"line":171,"column":111}},"63":{"start":{"line":171,"column":25},"end":{"line":171,"column":111}},"64":{"start":{"line":173,"column":19},"end":{"line":173,"column":24}},"65":{"start":{"line":174,"column":6},"end":{"line":183,"column":7}},"66":{"start":{"line":176,"column":23},"end":{"line":178,"column":10}},"67":{"start":{"line":179,"column":8},"end":{"line":179,"column":27}},"68":{"start":{"line":182,"column":8},"end":{"line":182,"column":63}},"69":{"start":{"line":185,"column":6},"end":{"line":209,"column":7}},"70":{"start":{"line":187,"column":21},"end":{"line":187,"column":84}},"71":{"start":{"line":190,"column":27},"end":{"line":190,"column":59}},"72":{"start":{"line":191,"column":23},"end":{"line":191,"column":101}},"73":{"start":{"line":192,"column":8},"end":{"line":196,"column":9}},"74":{"start":{"line":193,"column":10},"end":{"line":193,"column":114}},"75":{"start":{"line":194,"column":10},"end":{"line":194,"column":78}},"76":{"start":{"line":195,"column":10},"end":{"line":195,"column":22}},"77":{"start":{"line":199,"column":8},"end":{"line":199,"column":98}},"78":{"start":{"line":200,"column":24},"end":{"line":202,"column":38}},"79":{"start":{"line":203,"column":51},"end":{"line":203,"column":53}},"80":{"start":{"line":204,"column":8},"end":{"line":206,"column":9}},"81":{"start":{"line":205,"column":10},"end":{"line":205,"column":74}},"82":{"start":{"line":207,"column":8},"end":{"line":207,"column":89}},"83":{"start":{"line":208,"column":8},"end":{"line":208,"column":26}},"84":{"start":{"line":212,"column":6},"end":{"line":214,"column":7}},"85":{"start":{"line":213,"column":8},"end":{"line":213,"column":74}},"86":{"start":{"line":213,"column":31},"end":{"line":213,"column":72}},"87":{"start":{"line":217,"column":4},"end":{"line":217,"column":90}},"88":{"start":{"line":219,"column":4},"end":{"line":219,"column":59}},"89":{"start":{"line":222,"column":2},"end":{"line":222,"column":12}}},"fnMap":{"0":{"name":"ghApi","decl":{"start":{"line":16,"column":15},"end":{"line":16,"column":20}},"loc":{"start":{"line":20,"column":32},"end":{"line":49,"column":1}}},"1":{"name":"getBranchTip","decl":{"start":{"line":56,"column":15},"end":{"line":56,"column":27}},"loc":{"start":{"line":56,"column":41},"end":{"line":60,"column":1}}},"2":{"name":"createBranch","decl":{"start":{"line":66,"column":15},"end":{"line":66,"column":27}},"loc":{"start":{"line":66,"column":60},"end":{"line":73,"column":1}}},"3":{"name":"buildUrls","decl":{"start":{"line":85,"column":9},"end":{"line":85,"column":18}},"loc":{"start":{"line":90,"column":34},"end":{"line":101,"column":1}}},"4":{"name":"uploadChartSvgs","decl":{"start":{"line":107,"column":22},"end":{"line":107,"column":37}},"loc":{"start":{"line":109,"column":15},"end":{"line":223,"column":1}}},"5":{"name":"(anonymous_14)","decl":{"start":{"line":125,"column":18},"end":{"line":125,"column":19}},"loc":{"start":{"line":126,"column":8},"end":{"line":129,"column":10}}},"6":{"name":"(anonymous_15)","decl":{"start":{"line":136,"column":34},"end":{"line":136,"column":35}},"loc":{"start":{"line":136,"column":50},"end":{"line":141,"column":6}}},"7":{"name":"(anonymous_16)","decl":{"start":{"line":213,"column":26},"end":{"line":213,"column":27}},"loc":{"start":{"line":213,"column":31},"end":{"line":213,"column":72}}}},"branchMap":{"0":{"loc":{"start":{"line":22,"column":17},"end":{"line":22,"column":71}},"type":"binary-expr","locations":[{"start":{"line":22,"column":17},"end":{"line":22,"column":43}},{"start":{"line":22,"column":47},"end":{"line":22,"column":71}}]},"1":{"loc":{"start":{"line":24,"column":2},"end":{"line":24,"column":58}},"type":"if","locations":[{"start":{"line":24,"column":2},"end":{"line":24,"column":58}}]},"2":{"loc":{"start":{"line":33,"column":10},"end":{"line":33,"column":60}},"type":"cond-expr","locations":[{"start":{"line":33,"column":17},"end":{"line":33,"column":55}},{"start":{"line":33,"column":58},"end":{"line":33,"column":60}}]},"3":{"loc":{"start":{"line":35,"column":8},"end":{"line":35,"column":50}},"type":"cond-expr","locations":[{"start":{"line":35,"column":15},"end":{"line":35,"column":45}},{"start":{"line":35,"column":48},"end":{"line":35,"column":50}}]},"4":{"loc":{"start":{"line":42,"column":4},"end":{"line":44,"column":5}},"type":"if","locations":[{"start":{"line":42,"column":4},"end":{"line":44,"column":5}}]},"5":{"loc":{"start":{"line":43,"column":16},"end":{"line":43,"column":53}},"type":"binary-expr","locations":[{"start":{"line":43,"column":16},"end":{"line":43,"column":29}},{"start":{"line":43,"column":33},"end":{"line":43,"column":53}}]},"6":{"loc":{"start":{"line":46,"column":4},"end":{"line":46,"column":48}},"type":"if","locations":[{"start":{"line":46,"column":4},"end":{"line":46,"column":48}}]},"7":{"loc":{"start":{"line":58,"column":2},"end":{"line":58,"column":41}},"type":"if","locations":[{"start":{"line":58,"column":2},"end":{"line":58,"column":41}}]},"8":{"loc":{"start":{"line":72,"column":9},"end":{"line":72,"column":43}},"type":"binary-expr","locations":[{"start":{"line":72,"column":9},"end":{"line":72,"column":18}},{"start":{"line":72,"column":22},"end":{"line":72,"column":43}}]},"9":{"loc":{"start":{"line":92,"column":18},"end":{"line":94,"column":32}},"type":"cond-expr","locations":[{"start":{"line":93,"column":6},"end":{"line":93,"column":49}},{"start":{"line":94,"column":6},"end":{"line":94,"column":32}}]},"10":{"loc":{"start":{"line":112,"column":2},"end":{"line":112,"column":48}},"type":"if","locations":[{"start":{"line":112,"column":2},"end":{"line":112,"column":48}}]},"11":{"loc":{"start":{"line":112,"column":6},"end":{"line":112,"column":36}},"type":"binary-expr","locations":[{"start":{"line":112,"column":6},"end":{"line":112,"column":12}},{"start":{"line":112,"column":16},"end":{"line":112,"column":36}}]},"12":{"loc":{"start":{"line":116,"column":18},"end":{"line":116,"column":49}},"type":"binary-expr","locations":[{"start":{"line":116,"column":18},"end":{"line":116,"column":40}},{"start":{"line":116,"column":44},"end":{"line":116,"column":49}}]},"13":{"loc":{"start":{"line":117,"column":2},"end":{"line":117,"column":33}},"type":"if","locations":[{"start":{"line":117,"column":2},"end":{"line":117,"column":33}}]},"14":{"loc":{"start":{"line":117,"column":6},"end":{"line":117,"column":21}},"type":"binary-expr","locations":[{"start":{"line":117,"column":6},"end":{"line":117,"column":11}},{"start":{"line":117,"column":15},"end":{"line":117,"column":21}}]},"15":{"loc":{"start":{"line":120,"column":20},"end":{"line":120,"column":73}},"type":"binary-expr","locations":[{"start":{"line":120,"column":20},"end":{"line":120,"column":49}},{"start":{"line":120,"column":53},"end":{"line":120,"column":73}}]},"16":{"loc":{"start":{"line":133,"column":6},"end":{"line":133,"column":85}},"type":"if","locations":[{"start":{"line":133,"column":6},"end":{"line":133,"column":85}}]},"17":{"loc":{"start":{"line":148,"column":6},"end":{"line":164,"column":7}},"type":"if","locations":[{"start":{"line":148,"column":6},"end":{"line":164,"column":7}},{"start":{"line":159,"column":13},"end":{"line":164,"column":7}}]},"18":{"loc":{"start":{"line":151,"column":8},"end":{"line":151,"column":92}},"type":"if","locations":[{"start":{"line":151,"column":8},"end":{"line":151,"column":92}}]},"19":{"loc":{"start":{"line":157,"column":8},"end":{"line":157,"column":105}},"type":"if","locations":[{"start":{"line":157,"column":8},"end":{"line":157,"column":105}}]},"20":{"loc":{"start":{"line":162,"column":8},"end":{"line":162,"column":105}},"type":"if","locations":[{"start":{"line":162,"column":8},"end":{"line":162,"column":105}}]},"21":{"loc":{"start":{"line":169,"column":17},"end":{"line":169,"column":39}},"type":"cond-expr","locations":[{"start":{"line":169,"column":26},"end":{"line":169,"column":34}},{"start":{"line":169,"column":37},"end":{"line":169,"column":39}}]},"22":{"loc":{"start":{"line":171,"column":6},"end":{"line":171,"column":111}},"type":"if","locations":[{"start":{"line":171,"column":6},"end":{"line":171,"column":111}}]},"23":{"loc":{"start":{"line":174,"column":6},"end":{"line":183,"column":7}},"type":"if","locations":[{"start":{"line":174,"column":6},"end":{"line":183,"column":7}},{"start":{"line":180,"column":13},"end":{"line":183,"column":7}}]},"24":{"loc":{"start":{"line":185,"column":6},"end":{"line":209,"column":7}},"type":"if","locations":[{"start":{"line":185,"column":6},"end":{"line":209,"column":7}}]},"25":{"loc":{"start":{"line":192,"column":8},"end":{"line":196,"column":9}},"type":"if","locations":[{"start":{"line":192,"column":8},"end":{"line":196,"column":9}}]},"26":{"loc":{"start":{"line":200,"column":24},"end":{"line":202,"column":38}},"type":"cond-expr","locations":[{"start":{"line":201,"column":12},"end":{"line":201,"column":55}},{"start":{"line":202,"column":12},"end":{"line":202,"column":38}}]},"27":{"loc":{"start":{"line":212,"column":6},"end":{"line":214,"column":7}},"type":"if","locations":[{"start":{"line":212,"column":6},"end":{"line":214,"column":7}}]}},"s":{"0":1,"1":1,"2":1,"3":0,"4":0,"5":0,"6":0,"7":0,"8":0,"9":0,"10":0,"11":0,"12":0,"13":0,"14":0,"15":0,"16":0,"17":0,"18":0,"19":0,"20":0,"21":0,"22":0,"23":0,"24":0,"25":0,"26":0,"27":0,"28":0,"29":0,"30":0,"31":0,"32":0,"33":0,"34":0,"35":0,"36":0,"37":0,"38":0,"39":0,"40":0,"41":0,"42":0,"43":0,"44":0,"45":0,"46":0,"47":0,"48":0,"49":0,"50":0,"51":0,"52":0,"53":0,"54":0,"55":0,"56":0,"57":0,"58":0,"59":0,"60":0,"61":0,"62":0,"63":0,"64":0,"65":0,"66":0,"67":0,"68":0,"69":0,"70":0,"71":0,"72":0,"73":0,"74":0,"75":0,"76":0,"77":0,"78":0,"79":0,"80":0,"81":0,"82":0,"83":0,"84":0,"85":0,"86":0,"87":0,"88":0,"89":0},"f":{"0":0,"1":0,"2":0,"3":0,"4":0,"5":0,"6":0,"7":0},"b":{"0":[0,0],"1":[0],"2":[0,0],"3":[0,0],"4":[0],"5":[0,0],"6":[0],"7":[0],"8":[0,0],"9":[0,0],"10":[0],"11":[0,0],"12":[0,0],"13":[0],"14":[0,0],"15":[0,0],"16":[0],"17":[0,0],"18":[0],"19":[0],"20":[0],"21":[0,0],"22":[0],"23":[0,0],"24":[0],"25":[0],"26":[0,0],"27":[0]}}
}
