TN:
SF:src/charts.ts
FN:6,fmtDuration
FNF:1
FNH:1
FNDA:83,fmtDuration
DA:6,4
DA:7,83
DA:8,31
DA:9,31
DA:10,31
DA:11,1
DA:12,1
LF:7
LH:7
BRDA:7,0,0,52
BRDA:10,1,0,30
BRDA:10,2,0,7
BRDA:10,2,1,23
BRF:4
BRH:4
end_of_record
TN:
SF:src/constants.ts
FNF:0
FNH:0
DA:1,2
DA:2,2
DA:5,2
DA:7,2
DA:8,2
DA:9,2
DA:10,2
DA:13,2
DA:19,2
LF:9
LH:9
BRF:0
BRH:0
end_of_record
TN:
SF:src/html-charts.ts
FN:36,esc
FN:44,downsample
FN:61,sparkline
FN:68,(anonymous_3)
FN:91,htmlStatCards
FN:137,htmlBarChart
FN:142,(anonymous_6)
FN:143,(anonymous_7)
FN:187,htmlTimeline
FN:264,htmlWaterfall
FN:269,(anonymous_10)
FNF:11
FNH:11
FNDA:132,esc
FNDA:12,downsample
FNDA:4,sparkline
FNDA:25,(anonymous_3)
FNDA:16,htmlStatCards
FNDA:6,htmlBarChart
FNDA:6,(anonymous_6)
FNDA:5,(anonymous_7)
FNDA:8,htmlTimeline
FNDA:9,htmlWaterfall
FNDA:13,(anonymous_10)
DA:12,2
DA:14,2
DA:18,2
DA:37,132
DA:45,12
DA:46,1
DA:47,1
DA:48,1
DA:49,20
DA:50,20
DA:51,20
DA:52,20
DA:53,20
DA:55,1
DA:61,2
DA:62,4
DA:63,3
DA:64,3
DA:65,3
DA:66,3
DA:67,3
DA:68,25
DA:82,2
DA:91,2
DA:92,16
DA:94,15
DA:95,15
DA:96,29
DA:97,29
DA:98,29
DA:102,29
DA:121,15
DA:137,2
DA:141,6
DA:142,6
DA:143,5
DA:145,5
DA:146,5
DA:148,5
DA:149,6
DA:150,6
DA:152,6
DA:153,6
DA:154,6
DA:155,6
DA:156,6
DA:157,6
DA:158,6
DA:159,6
DA:160,6
DA:161,6
DA:164,5
DA:165,5
DA:176,2
DA:177,2
DA:178,2
DA:187,2
DA:188,8
DA:190,7
DA:192,7
DA:193,9
DA:194,9
DA:195,9
DA:196,9
DA:197,9
DA:200,9
DA:201,9
DA:204,9
DA:205,9
DA:206,9
DA:207,9
DA:208,9
DA:209,9
DA:210,9
DA:213,9
DA:214,9
DA:215,9
DA:216,9
DA:218,9
DA:219,16
DA:220,16
DA:221,16
DA:223,16
DA:224,16
DA:225,16
DA:226,7
DA:228,16
DA:229,16
DA:230,15
DA:232,16
DA:233,16
DA:236,9
DA:237,9
DA:238,9
DA:239,9
DA:240,9
DA:241,9
DA:242,9
DA:245,7
DA:264,2
DA:268,9
DA:269,13
DA:272,8
DA:273,8
DA:274,8
DA:275,13
DA:276,12
DA:277,12
DA:281,8
DA:282,8
DA:284,8
DA:285,8
DA:286,13
DA:287,13
DA:288,13
DA:289,13
DA:291,13
DA:293,13
DA:294,4
DA:296,13
DA:298,13
DA:300,13
DA:301,13
DA:302,13
DA:303,13
DA:304,13
DA:305,13
DA:306,13
DA:307,5
DA:309,13
DA:310,13
DA:311,13
DA:312,13
DA:313,13
DA:314,13
DA:317,8
DA:318,8
LF:137
LH:137
BRDA:45,0,0,11
BRDA:61,1,0,1
BRDA:62,2,0,1
BRDA:66,3,0,3
BRDA:66,3,1,0
BRDA:92,4,0,1
BRDA:97,5,0,29
BRDA:97,5,1,11
BRDA:98,6,0,14
BRDA:112,7,0,19
BRDA:112,7,1,10
BRDA:139,8,0,5
BRDA:141,9,0,1
BRDA:143,10,0,5
BRDA:143,10,1,4
BRDA:150,11,0,1
BRDA:150,11,1,5
BRDA:187,12,0,5
BRDA:188,13,0,1
BRDA:194,14,0,3
BRDA:194,14,1,6
BRDA:195,15,0,3
BRDA:195,15,1,6
BRDA:225,16,0,7
BRDA:229,17,0,15
BRDA:266,18,0,9
BRDA:268,19,0,1
BRDA:275,20,0,12
BRDA:286,21,0,13
BRDA:286,21,1,0
BRDA:287,22,0,1
BRDA:287,22,1,12
BRDA:293,23,0,4
BRDA:293,24,0,13
BRDA:293,24,1,12
BRDA:298,25,0,12
BRDA:298,25,1,1
BRDA:306,26,0,5
BRF:38
BRH:36
end_of_record
TN:
SF:src/quickchart.ts
FN:31,round
FN:32,(anonymous_1)
FN:35,downsample
FN:50,makeUrl
FN:63,statCardChartUrl
FN:105,timelineChartUrl
FN:119,(anonymous_6)
FN:157,barChartUrl
FN:160,(anonymous_8)
FN:165,(anonymous_9)
FN:188,waterfallChartUrl
FN:201,(anonymous_11)
FN:207,(anonymous_12)
FN:208,(anonymous_13)
FN:231,workflowTimelineUrl
FN:245,(anonymous_15)
FNF:16
FNH:11
FNDA:6,round
FNDA:260,(anonymous_1)
FNDA:6,downsample
FNDA:10,makeUrl
FNDA:3,statCardChartUrl
FNDA:0,timelineChartUrl
FNDA:0,(anonymous_6)
FNDA:0,barChartUrl
FNDA:0,(anonymous_8)
FNDA:0,(anonymous_9)
FNDA:1,waterfallChartUrl
FNDA:2,(anonymous_11)
FNDA:2,(anonymous_12)
FNDA:2,(anonymous_13)
FNDA:6,workflowTimelineUrl
FNDA:260,(anonymous_15)
DA:10,1
DA:12,1
DA:16,1
DA:32,260
DA:36,6
DA:37,2
DA:38,2
DA:39,2
DA:40,100
DA:41,100
DA:42,100
DA:43,100
DA:44,100
DA:46,2
DA:54,10
DA:55,10
DA:58,10
DA:63,1
DA:75,3
DA:76,3
DA:78,3
DA:100,3
DA:105,1
DA:110,0
DA:111,0
DA:113,0
DA:114,0
DA:116,0
DA:119,0
DA:152,0
DA:157,1
DA:160,0
DA:161,0
DA:162,0
DA:163,0
DA:165,0
DA:167,0
DA:182,0
DA:183,0
DA:188,1
DA:192,1
DA:193,1
DA:194,1
DA:195,2
DA:196,1
DA:197,1
DA:201,1
DA:202,2
DA:203,2
DA:204,2
DA:207,2
DA:208,2
DA:210,1
DA:225,1
DA:226,1
DA:231,1
DA:240,6
DA:242,6
DA:245,260
DA:266,6
LF:60
LH:45
BRDA:36,0,0,4
BRDA:52,1,0,0
BRDA:54,2,0,10
BRDA:54,2,1,10
BRDA:55,3,0,10
BRDA:55,3,1,0
BRDA:75,4,0,0
BRDA:75,4,1,3
BRDA:108,5,0,0
BRDA:113,6,0,0
BRDA:113,6,1,0
BRDA:114,7,0,0
BRDA:114,7,1,0
BRDA:162,8,0,0
BRDA:162,8,1,0
BRDA:195,9,0,1
BRDA:202,10,0,0
BRDA:202,10,1,2
BRDA:203,11,0,0
BRDA:203,11,1,2
BRF:20
BRH:8
end_of_record
TN:
SF:src/reporter.ts
FN:15,downsample
FN:29,aggregate
FN:35,(anonymous_2)
FN:36,(anonymous_3)
FN:38,(anonymous_4)
FN:40,(anonymous_5)
FN:42,(anonymous_6)
FN:52,(anonymous_7)
FN:57,(anonymous_8)
FN:60,(anonymous_9)
FN:61,(anonymous_10)
FN:63,(anonymous_11)
FN:64,(anonymous_12)
FN:70,(anonymous_13)
FN:71,(anonymous_14)
FN:100,generateSvgCharts
FN:125,(anonymous_16)
FN:133,(anonymous_17)
FN:134,(anonymous_18)
FN:151,markdown
FN:179,(anonymous_20)
FN:180,(anonymous_21)
FN:211,processMetrics
FN:234,buildJobMarkdown
FNF:24
FNH:24
FNDA:28,downsample
FNDA:20,aggregate
FNDA:156,(anonymous_2)
FNDA:156,(anonymous_3)
FNDA:156,(anonymous_4)
FNDA:156,(anonymous_5)
FNDA:156,(anonymous_6)
FNDA:18,(anonymous_7)
FNDA:156,(anonymous_8)
FNDA:154,(anonymous_9)
FNDA:154,(anonymous_10)
FNDA:154,(anonymous_11)
FNDA:154,(anonymous_12)
FNDA:150,(anonymous_13)
FNDA:150,(anonymous_14)
FNDA:18,generateSvgCharts
FNDA:4,(anonymous_16)
FNDA:142,(anonymous_17)
FNDA:142,(anonymous_18)
FNDA:4,markdown
FNDA:8,(anonymous_20)
FNDA:8,(anonymous_21)
FNDA:20,processMetrics
FNDA:5,buildJobMarkdown
DA:5,1
DA:6,1
DA:7,1
DA:8,1
DA:11,1
DA:13,1
DA:16,28
DA:17,2
DA:18,2
DA:19,2
DA:20,160
DA:21,160
DA:22,160
DA:23,160
DA:24,160
DA:26,2
DA:35,156
DA:36,156
DA:37,20
DA:38,156
DA:40,156
DA:41,20
DA:42,156
DA:45,20
DA:46,20
DA:47,156
DA:48,308
DA:49,308
DA:52,20
DA:54,20
DA:57,156
DA:59,20
DA:60,154
DA:61,154
DA:62,18
DA:63,154
DA:64,154
DA:69,20
DA:70,150
DA:71,150
DA:74,20
DA:93,20
DA:105,18
DA:106,18
DA:107,18
DA:109,18
DA:110,18
DA:111,18
DA:112,18
DA:115,18
DA:123,18
DA:124,2
DA:125,4
DA:128,2
DA:132,18
DA:133,142
DA:134,142
DA:135,17
DA:136,3
DA:140,3
DA:144,18
DA:156,4
DA:157,4
DA:159,4
DA:160,4
DA:161,4
DA:162,4
DA:164,4
DA:167,4
DA:170,4
DA:178,4
DA:179,8
DA:180,8
DA:181,4
DA:182,0
DA:183,0
DA:187,0
DA:192,4
DA:193,4
DA:196,4
DA:199,4
DA:204,4
DA:211,1
DA:221,20
DA:222,20
DA:223,2
DA:225,18
DA:226,18
DA:234,1
DA:239,5
DA:240,4
LF:91
LH:88
BRDA:16,0,0,26
BRDA:37,1,0,20
BRDA:37,1,1,0
BRDA:40,2,0,156
BRDA:40,2,1,0
BRDA:41,3,0,20
BRDA:41,3,1,0
BRDA:47,4,0,156
BRDA:47,4,1,0
BRDA:49,5,0,38
BRDA:49,6,0,308
BRDA:49,6,1,271
BRDA:59,7,0,18
BRDA:69,8,0,14
BRDA:69,8,1,6
BRDA:88,9,0,2
BRDA:88,9,1,18
BRDA:88,10,0,20
BRDA:88,10,1,2
BRDA:89,11,0,14
BRDA:89,11,1,6
BRDA:90,12,0,18
BRDA:90,12,1,2
BRDA:123,13,0,2
BRDA:123,14,0,18
BRDA:123,14,1,2
BRDA:128,15,0,2
BRDA:132,16,0,17
BRDA:135,17,0,3
BRDA:140,18,0,3
BRDA:178,19,0,4
BRDA:181,20,0,0
BRDA:193,21,0,4
BRDA:193,21,1,0
BRDA:196,22,0,0
BRDA:196,22,1,4
BRDA:222,23,0,2
BRDA:239,24,0,1
BRF:38
BRH:31
end_of_record
TN:
SF:src/stats.ts
FN:3,percentile
FN:9,stats
FN:13,(anonymous_2)
FN:14,(anonymous_3)
FN:30,safeMax
FN:40,safePct
FNF:6
FNH:6
FNDA:126,percentile
FNDA:43,stats
FNDA:281,(anonymous_2)
FNDA:323,(anonymous_3)
FNDA:68,safeMax
FNDA:81,safePct
DA:4,126
DA:5,126
DA:6,126
DA:9,2
DA:10,43
DA:11,1
DA:13,281
DA:14,323
DA:15,42
DA:30,2
DA:31,68
DA:32,66
DA:33,66
DA:34,1200413
DA:36,66
DA:40,2
DA:41,81
LF:17
LH:17
BRDA:4,0,0,0
BRDA:10,1,0,1
BRDA:30,2,0,67
BRDA:31,3,0,2
BRDA:34,4,0,200198
BRDA:41,5,0,79
BRDA:41,5,1,2
BRF:7
BRH:6
end_of_record
TN:
SF:src/steps.ts
FN:28,httpGet
FN:32,(anonymous_10)
FN:43,(anonymous_11)
FN:45,(anonymous_12)
FN:46,(anonymous_13)
FN:50,(anonymous_14)
FN:55,fetchSteps
FN:84,(anonymous_16)
FN:85,(anonymous_17)
FN:87,(anonymous_18)
FN:98,correlateSteps
FN:107,(anonymous_20)
FN:108,(anonymous_21)
FN:115,(anonymous_22)
FN:133,(anonymous_23)
FN:134,(anonymous_24)
FN:140,(anonymous_25)
FN:142,(anonymous_26)
FNF:18
FNH:9
FNDA:0,httpGet
FNDA:0,(anonymous_10)
FNDA:0,(anonymous_11)
FNDA:0,(anonymous_12)
FNDA:0,(anonymous_13)
FNDA:0,(anonymous_14)
FNDA:1,fetchSteps
FNDA:0,(anonymous_16)
FNDA:0,(anonymous_17)
FNDA:0,(anonymous_18)
FNDA:4,correlateSteps
FNDA:3,(anonymous_20)
FNDA:3,(anonymous_21)
FNDA:11,(anonymous_22)
FNDA:5,(anonymous_23)
FNDA:5,(anonymous_24)
FNDA:5,(anonymous_25)
FNDA:5,(anonymous_26)
DA:1,1
DA:2,1
DA:4,1
DA:32,0
DA:33,0
DA:34,0
DA:44,0
DA:45,0
DA:46,0
DA:49,0
DA:50,0
DA:51,0
DA:55,1
DA:56,1
DA:57,1
DA:58,1
DA:59,1
DA:61,1
DA:62,1
DA:63,1
DA:66,0
DA:67,0
DA:73,0
DA:74,0
DA:75,0
DA:78,0
DA:79,0
DA:84,0
DA:85,0
DA:86,0
DA:87,0
DA:88,0
DA:91,0
DA:98,1
DA:102,4
DA:104,2
DA:106,2
DA:107,3
DA:109,3
DA:110,3
DA:114,3
DA:115,11
DA:118,3
DA:120,3
DA:121,1
DA:133,5
DA:134,5
DA:136,2
DA:140,5
DA:142,5
LF:50
LH:28
BRDA:37,0,0,0
BRDA:37,0,1,0
BRDA:46,1,0,0
BRDA:46,1,1,0
BRDA:59,2,0,1
BRDA:59,2,1,1
BRDA:61,3,0,1
BRDA:61,4,0,1
BRDA:61,4,1,0
BRDA:61,4,2,0
BRDA:73,5,0,0
BRDA:79,6,0,0
BRDA:79,6,1,0
BRDA:84,7,0,0
BRDA:84,7,1,0
BRDA:86,8,0,0
BRDA:91,9,0,0
BRDA:91,9,1,0
BRDA:102,10,0,2
BRDA:102,11,0,4
BRDA:102,11,1,3
BRDA:110,12,0,3
BRDA:110,12,1,0
BRDA:115,13,0,11
BRDA:115,13,1,8
BRDA:120,14,0,1
BRF:26
BRH:11
end_of_record
TN:
SF:src/summary.ts
FN:26,downloadJobReports
FN:30,(anonymous_10)
FN:53,(anonymous_11)
FN:61,aggregateStats
FN:62,(anonymous_13)
FN:63,(anonymous_14)
FN:67,(anonymous_15)
FN:70,(anonymous_16)
FN:72,(anonymous_17)
FN:73,(anonymous_18)
FN:91,sortedJobs
FN:92,(anonymous_20)
FN:97,buildWaterfallSteps
FN:98,(anonymous_22)
FN:100,(anonymous_23)
FN:115,generateWorkflowSvgs
FN:130,(anonymous_25)
FN:131,(anonymous_26)
FN:136,(anonymous_27)
FN:143,(anonymous_28)
FN:144,(anonymous_29)
FN:149,(anonymous_30)
FN:157,(anonymous_31)
FN:167,generateWorkflowCharts
FN:186,(anonymous_33)
FN:186,(anonymous_34)
FN:195,(anonymous_35)
FN:195,(anonymous_36)
FN:216,workflowMarkdownHtml
FN:258,workflowMarkdown
FN:271,runSummary
FN:284,(anonymous_40)
FN:296,(anonymous_41)
FN:297,(anonymous_42)
FN:298,(anonymous_43)
FNF:35
FNH:27
FNDA:0,downloadJobReports
FNDA:0,(anonymous_10)
FNDA:0,(anonymous_11)
FNDA:17,aggregateStats
FNDA:25,(anonymous_13)
FNDA:25,(anonymous_14)
FNDA:25,(anonymous_15)
FNDA:25,(anonymous_16)
FNDA:25,(anonymous_17)
FNDA:25,(anonymous_18)
FNDA:17,sortedJobs
FNDA:8,(anonymous_20)
FNDA:17,buildWaterfallSteps
FNDA:24,(anonymous_22)
FNDA:5,(anonymous_23)
FNDA:14,generateWorkflowSvgs
FNDA:21,(anonymous_25)
FNDA:20,(anonymous_26)
FNDA:78,(anonymous_27)
FNDA:21,(anonymous_28)
FNDA:20,(anonymous_29)
FNDA:78,(anonymous_30)
FNDA:6,(anonymous_31)
FNDA:3,generateWorkflowCharts
FNDA:4,(anonymous_33)
FNDA:4,(anonymous_34)
FNDA:4,(anonymous_35)
FNDA:4,(anonymous_36)
FNDA:8,workflowMarkdownHtml
FNDA:8,workflowMarkdown
FNDA:0,runSummary
FNDA:0,(anonymous_40)
FNDA:0,(anonymous_41)
FNDA:0,(anonymous_42)
FNDA:0,(anonymous_43)
DA:5,1
DA:6,1
DA:7,1
DA:8,1
DA:10,1
DA:11,1
DA:12,1
DA:16,1
DA:17,1
DA:18,1
DA:24,1
DA:26,1
DA:27,0
DA:29,0
DA:30,0
DA:32,0
DA:34,0
DA:35,0
DA:36,0
DA:37,0
DA:38,0
DA:40,0
DA:41,0
DA:43,0
DA:46,0
DA:47,0
DA:49,0
DA:53,0
DA:54,0
DA:62,25
DA:63,25
DA:64,17
DA:66,17
DA:67,25
DA:69,17
DA:70,25
DA:72,25
DA:73,25
DA:74,17
DA:75,17
DA:76,17
DA:77,17
DA:79,17
DA:92,17
DA:93,8
DA:98,24
DA:99,17
DA:100,5
DA:101,4
DA:102,4
DA:103,5
DA:104,5
DA:105,5
DA:106,5
DA:107,8
DA:108,8
DA:111,4
DA:115,1
DA:116,14
DA:117,14
DA:118,14
DA:121,14
DA:129,14
DA:130,21
DA:131,20
DA:133,14
DA:134,13
DA:136,78
DA:138,13
DA:142,14
DA:143,21
DA:144,20
DA:146,14
DA:147,13
DA:149,78
DA:151,13
DA:155,14
DA:156,14
DA:157,6
DA:160,3
DA:163,14
DA:167,1
DA:168,3
DA:169,3
DA:170,3
DA:173,3
DA:186,4
DA:187,3
DA:188,3
DA:195,4
DA:196,3
DA:197,3
DA:204,3
DA:205,3
DA:206,1
DA:209,3
DA:217,8
DA:219,8
DA:221,8
DA:222,8
DA:225,8
DA:226,7
DA:227,7
DA:230,8
DA:231,7
DA:232,7
DA:235,8
DA:236,1
DA:237,1
DA:240,8
DA:241,8
DA:246,8
DA:258,1
DA:263,8
DA:264,8
DA:271,1
DA:272,0
DA:274,0
DA:276,0
DA:277,0
DA:281,0
DA:284,0
DA:287,0
DA:288,0
DA:289,0
DA:291,0
DA:292,0
DA:293,0
DA:296,0
DA:297,0
DA:298,0
DA:300,0
DA:301,0
DA:302,0
LF:134
LH:99
BRDA:32,0,0,0
BRDA:38,1,0,0
BRDA:41,2,0,0
BRDA:66,3,0,17
BRDA:66,3,1,0
BRDA:69,4,0,17
BRDA:69,4,1,0
BRDA:77,5,0,8
BRDA:77,5,1,9
BRDA:98,6,0,24
BRDA:98,6,1,4
BRDA:99,7,0,13
BRDA:103,8,0,0
BRDA:133,9,0,13
BRDA:138,10,0,13
BRDA:146,11,0,13
BRDA:151,12,0,13
BRDA:156,13,0,3
BRDA:160,14,0,3
BRDA:187,15,0,3
BRDA:196,16,0,3
BRDA:205,17,0,1
BRDA:221,18,0,8
BRDA:225,19,0,7
BRDA:230,20,0,7
BRDA:235,21,0,1
BRDA:263,22,0,8
BRDA:263,22,1,7
BRDA:276,23,0,0
BRDA:288,24,0,0
BRDA:288,25,0,0
BRDA:288,25,1,0
BRF:32
BRH:22
end_of_record
TN:
SF:src/svg-charts.ts
FN:35,resolveVars
FN:36,(anonymous_1)
FN:44,injectFonts
FN:53,svgImg
FN:67,svgToDataImg
FN:77,themeStyles
FN:82,resample
FN:97,polylinePath
FN:107,smoothPath
FN:121,escapeXml
FN:131,fmtTime
FN:152,timelineChart
FN:169,toPoints
FN:171,(anonymous_13)
FN:177,areaPath
FN:255,stepBarChart
FN:268,(anonymous_16)
FN:269,(anonymous_17)
FN:321,statCards
FN:384,waterfallChart
FN:400,(anonymous_20)
FN:430,stepY
FN:554,workflowTimelineChart
FN:558,(anonymous_23)
FN:561,(anonymous_24)
FN:572,(anonymous_25)
FN:580,(anonymous_26)
FN:585,(anonymous_27)
FN:606,(anonymous_28)
FN:611,(anonymous_29)
FNF:30
FNH:29
FNDA:70,resolveVars
FNDA:1478,(anonymous_1)
FNDA:70,injectFonts
FNDA:70,svgImg
FNDA:23,svgToDataImg
FNDA:114,themeStyles
FNDA:102,resample
FNDA:42,polylinePath
FNDA:41,smoothPath
FNDA:937,escapeXml
FNDA:66,fmtTime
FNDA:13,timelineChart
FNDA:21,toPoints
FNDA:551,(anonymous_13)
FNDA:21,areaPath
FNDA:10,stepBarChart
FNDA:14,(anonymous_16)
FNDA:9,(anonymous_17)
FNDA:39,statCards
FNDA:16,waterfallChart
FNDA:24,(anonymous_20)
FNDA:79,stepY
FNDA:43,workflowTimelineChart
FNDA:59,(anonymous_23)
FNDA:55,(anonymous_24)
FNDA:0,(anonymous_25)
FNDA:40,(anonymous_26)
FNDA:40,(anonymous_27)
FNDA:99,(anonymous_28)
FNDA:1661,(anonymous_29)
DA:5,3
DA:14,3
DA:36,70
DA:37,1478
DA:41,3
DA:45,70
DA:53,3
DA:54,70
DA:55,70
DA:57,70
DA:59,70
DA:60,70
DA:67,3
DA:68,23
DA:69,23
DA:78,114
DA:83,102
DA:84,9
DA:85,9
DA:86,9
DA:87,564
DA:88,564
DA:89,564
DA:90,564
DA:91,564
DA:93,9
DA:98,42
DA:99,42
DA:100,42
DA:101,1060
DA:103,42
DA:108,41
DA:109,41
DA:110,41
DA:111,41
DA:112,1620
DA:113,1620
DA:114,1620
DA:115,1620
DA:117,41
DA:122,937
DA:132,66
DA:133,66
DA:134,66
DA:135,66
DA:152,3
DA:157,13
DA:159,11
DA:160,11
DA:161,11
DA:162,11
DA:163,11
DA:164,11
DA:165,11
DA:166,11
DA:167,11
DA:170,21
DA:171,551
DA:178,21
DA:179,21
DA:180,21
DA:185,11
DA:186,11
DA:189,11
DA:190,11
DA:191,55
DA:192,55
DA:195,55
DA:201,11
DA:202,11
DA:209,11
DA:210,11
DA:211,11
DA:219,11
DA:222,11
DA:226,11
DA:255,3
DA:256,10
DA:258,9
DA:259,9
DA:260,9
DA:261,9
DA:262,9
DA:263,9
DA:264,9
DA:265,9
DA:266,9
DA:268,14
DA:269,9
DA:271,9
DA:272,9
DA:273,14
DA:274,14
DA:275,14
DA:276,14
DA:279,14
DA:283,14
DA:287,14
DA:291,14
DA:296,9
DA:321,3
DA:322,39
DA:324,38
DA:325,38
DA:326,38
DA:327,38
DA:328,38
DA:329,38
DA:330,38
DA:332,38
DA:333,38
DA:334,139
DA:335,139
DA:336,139
DA:339,139
DA:341,139
DA:343,139
DA:344,139
DA:346,139
DA:348,139
DA:349,129
DA:353,38
DA:384,3
DA:385,16
DA:387,15
DA:388,15
DA:389,15
DA:390,15
DA:391,15
DA:392,15
DA:393,15
DA:394,15
DA:395,15
DA:396,15
DA:397,15
DA:398,15
DA:400,24
DA:403,15
DA:404,15
DA:405,15
DA:406,15
DA:407,24
DA:408,24
DA:409,15
DA:410,15
DA:415,15
DA:416,15
DA:417,15
DA:418,24
DA:419,24
DA:420,20
DA:421,20
DA:423,4
DA:428,15
DA:431,79
DA:432,79
DA:433,79
DA:434,115
DA:435,99
DA:438,79
DA:439,79
DA:440,79
DA:443,15
DA:444,15
DA:446,15
DA:449,15
DA:450,1
DA:454,15
DA:455,20
DA:456,20
DA:457,20
DA:458,20
DA:461,20
DA:462,5
DA:468,20
DA:473,20
DA:474,20
DA:475,20
DA:480,20
DA:481,5
DA:482,5
DA:489,15
DA:490,24
DA:491,24
DA:492,24
DA:493,24
DA:494,24
DA:497,24
DA:498,24
DA:499,5
DA:501,24
DA:504,24
DA:508,24
DA:512,24
DA:516,24
DA:521,15
DA:554,3
DA:558,59
DA:559,43
DA:561,55
DA:562,41
DA:563,41
DA:564,41
DA:565,41
DA:566,41
DA:567,41
DA:568,41
DA:569,41
DA:570,41
DA:571,41
DA:572,41
DA:573,41
DA:579,41
DA:580,26
DA:581,40
DA:582,40
DA:583,40
DA:585,40
DA:586,26
DA:587,26
DA:588,26
DA:589,40
DA:590,40
DA:591,40
DA:592,40
DA:595,15
DA:596,15
DA:597,15
DA:598,18
DA:602,41
DA:605,41
DA:606,41
DA:607,99
DA:611,1661
DA:617,41
DA:620,41
DA:621,41
DA:627,41
DA:633,41
DA:634,41
DA:635,41
DA:636,205
DA:637,205
DA:638,205
DA:639,205
DA:642,205
DA:648,41
DA:649,41
DA:650,41
DA:651,58
DA:652,58
DA:655,58
DA:656,17
DA:657,17
DA:663,58
DA:664,58
DA:665,58
DA:666,58
DA:672,41
DA:674,26
DA:678,26
DA:682,26
DA:683,14
DA:684,14
DA:685,14
DA:693,41
DA:694,41
DA:700,41
DA:701,41
DA:704,41
DA:708,41
LF:271
LH:271
BRDA:37,0,0,1478
BRDA:37,0,1,0
BRDA:67,1,0,23
BRDA:83,2,0,93
BRDA:98,3,0,0
BRDA:108,4,0,0
BRDA:109,5,0,0
BRDA:155,6,0,9
BRDA:157,7,0,2
BRDA:157,8,0,13
BRDA:157,8,1,2
BRDA:159,9,0,11
BRDA:159,9,1,11
BRDA:160,10,0,11
BRDA:160,10,1,11
BRDA:167,11,0,11
BRDA:167,11,1,11
BRDA:178,12,0,0
BRDA:185,13,0,11
BRDA:185,13,1,0
BRDA:186,14,0,10
BRDA:186,14,1,1
BRDA:209,15,0,4
BRDA:209,15,1,7
BRDA:210,16,0,4
BRDA:210,16,1,7
BRDA:219,17,0,10
BRDA:219,17,1,1
BRDA:222,18,0,11
BRDA:222,18,1,0
BRDA:255,19,0,7
BRDA:256,20,0,1
BRDA:258,21,0,9
BRDA:258,21,1,9
BRDA:259,22,0,9
BRDA:259,22,1,9
BRDA:269,23,0,9
BRDA:269,23,1,6
BRDA:276,24,0,2
BRDA:276,24,1,12
BRDA:321,25,0,39
BRDA:322,26,0,1
BRDA:324,27,0,38
BRDA:324,27,1,38
BRDA:336,28,0,131
BRDA:336,28,1,8
BRDA:343,29,0,0
BRDA:343,29,1,139
BRDA:343,30,0,32
BRDA:343,30,1,107
BRDA:348,31,0,129
BRDA:384,32,0,14
BRDA:385,33,0,1
BRDA:387,34,0,15
BRDA:387,34,1,15
BRDA:388,35,0,15
BRDA:388,35,1,15
BRDA:391,36,0,1
BRDA:391,36,1,14
BRDA:398,37,0,15
BRDA:398,37,1,14
BRDA:407,38,0,24
BRDA:407,38,1,5
BRDA:408,39,0,15
BRDA:408,40,0,24
BRDA:408,40,1,19
BRDA:418,41,0,24
BRDA:418,41,1,5
BRDA:419,42,0,20
BRDA:419,42,1,4
BRDA:420,43,0,20
BRDA:420,43,1,5
BRDA:434,44,0,16
BRDA:435,45,0,20
BRDA:435,46,0,99
BRDA:435,46,1,20
BRDA:449,47,0,1
BRDA:461,48,0,5
BRDA:474,49,0,0
BRDA:474,49,1,20
BRDA:480,50,0,5
BRDA:494,51,0,19
BRDA:494,51,1,5
BRDA:494,52,0,19
BRDA:494,52,1,0
BRDA:498,53,0,5
BRDA:498,54,0,24
BRDA:498,54,1,19
BRDA:501,55,0,1
BRDA:501,55,1,23
BRDA:559,56,0,2
BRDA:561,57,0,55
BRDA:561,57,1,40
BRDA:562,58,0,41
BRDA:562,58,1,41
BRDA:565,59,0,26
BRDA:565,59,1,15
BRDA:567,60,0,41
BRDA:567,60,1,41
BRDA:567,61,0,26
BRDA:567,61,1,15
BRDA:570,62,0,41
BRDA:570,62,1,41
BRDA:571,63,0,41
BRDA:571,63,1,0
BRDA:572,64,0,41
BRDA:572,64,1,0
BRDA:579,65,0,26
BRDA:579,65,1,15
BRDA:655,66,0,17
BRDA:665,67,0,1
BRDA:665,67,1,57
BRDA:667,68,0,40
BRDA:667,68,1,18
BRDA:672,69,0,26
BRDA:683,70,0,14
BRDA:701,71,0,41
BRDA:701,71,1,0
BRDA:704,72,0,41
BRDA:704,72,1,0
BRF:120
BRH:106
end_of_record
TN:
SF:src/svg-upload.ts
FN:16,ghApi
FN:56,getBranchTip
FN:66,createBranch
FN:85,buildUrls
FN:107,uploadChartSvgs
FN:125,(anonymous_14)
FN:136,(anonymous_15)
FN:213,(anonymous_16)
FNF:8
FNH:0
FNDA:0,ghApi
FNDA:0,getBranchTip
FNDA:0,createBranch
FNDA:0,buildUrls
FNDA:0,uploadChartSvgs
FNDA:0,(anonymous_14)
FNDA:0,(anonymous_15)
FNDA:0,(anonymous_16)
DA:10,1
DA:12,1
DA:22,0
DA:23,0
DA:24,0
DA:26,0
DA:27,0
DA:38,0
DA:40,0
DA:41,0
DA:42,0
DA:43,0
DA:46,0
DA:48,0
DA:57,0
DA:58,0
DA:59,0
DA:67,0
DA:72,0
DA:92,0
DA:96,0
DA:97,0
DA:98,0
DA:100,0
DA:107,1
DA:111,0
DA:112,0
DA:114,0
DA:115,0
DA:116,0
DA:117,0
DA:119,0
DA:120,0
DA:122,0
DA:124,0
DA:126,0
DA:132,0
DA:133,0
DA:136,0
DA:144,0
DA:145,0
DA:148,0
DA:150,0
DA:151,0
DA:153,0
DA:157,0
DA:158,0
DA:161,0
DA:162,0
DA:163,0
DA:166,0
DA:171,0
DA:173,0
DA:174,0
DA:176,0
DA:179,0
DA:182,0
DA:185,0
DA:187,0
DA:190,0
DA:191,0
DA:192,0
DA:193,0
DA:194,0
DA:195,0
DA:199,0
DA:200,0
DA:203,0
DA:204,0
DA:205,0
DA:207,0
DA:208,0
DA:212,0
DA:213,0
DA:217,0
DA:219,0
DA:222,0
LF:77
LH:3
BRDA:22,0,0,0
BRDA:22,0,1,0
BRDA:24,1,0,0
BRDA:33,2,0,0
BRDA:33,2,1,0
BRDA:35,3,0,0
BRDA:35,3,1,0
BRDA:42,4,0,0
BRDA:43,5,0,0
BRDA:43,5,1,0
BRDA:46,6,0,0
BRDA:58,7,0,0
BRDA:72,8,0,0
BRDA:72,8,1,0
BRDA:92,9,0,0
BRDA:92,9,1,0
BRDA:112,10,0,0
BRDA:112,11,0,0
BRDA:112,11,1,0
BRDA:116,12,0,0
BRDA:116,12,1,0
BRDA:117,13,0,0
BRDA:117,14,0,0
BRDA:117,14,1,0
BRDA:120,15,0,0
BRDA:120,15,1,0
BRDA:133,16,0,0
BRDA:148,17,0,0
BRDA:148,17,1,0
BRDA:151,18,0,0
BRDA:157,19,0,0
BRDA:162,20,0,0
BRDA:169,21,0,0
BRDA:169,21,1,0
BRDA:171,22,0,0
BRDA:174,23,0,0
BRDA:174,23,1,0
BRDA:185,24,0,0
BRDA:192,25,0,0
BRDA:200,26,0,0
BRDA:200,26,1,0
BRDA:212,27,0,0
BRF:42
BRH:0
end_of_record
